/home/pw/projects/thesis/code/nipype_glm
Running job on: ada
Wed 24 Aug 2022 05:25:08 PM PDT
Running level 1 nipype script
Some packages in this Docker container are non-free
If you are considering commercial use of this container, please consult the relevant license:
https://fsl.fmrib.ox.ac.uk/fsl/fslwiki/Licence
[22;0t]0;IPython: /Running code as:  pw
[Errno 17] File exists: '/home/pw/projects/thesis/out/'
Running data from /home/pw/projects/thesis/data/
220825-00:26:22,245 nipype.workflow INFO:
	 Generated workflow graph: /home/pw/projects/thesis/out/workflow/modelfit_final_detailed.png (graph2use=exec, simple_form=False).
220825-00:26:22,272 nipype.workflow INFO:
	 Workflow workflow settings: ['check', 'execution', 'logging', 'monitoring']
220825-00:26:22,840 nipype.workflow INFO:
	 Running serially.
220825-00:26:22,845 nipype.workflow INFO:
	 [Node] Setting-up "workflow.dg" in "/home/pw/projects/thesis/out/workflow/_subject_id_042/dg".
220825-00:26:22,861 nipype.workflow INFO:
	 [Node] Running "dg" ("nipype.interfaces.io.DataGrabber")
220825-00:26:22,877 nipype.workflow INFO:
	 [Node] Finished "workflow.dg".
220825-00:26:22,878 nipype.workflow INFO:
	 [Node] Setting-up "workflow.apply_mask" in "/home/pw/projects/thesis/out/workflow/_subject_id_042/apply_mask".
220825-00:26:22,885 nipype.workflow INFO:
	 [Node] "workflow.apply_mask" found cached.
220825-00:26:22,885 nipype.workflow INFO:
	 [Node] Setting-up "workflow.smooth" in "/home/pw/projects/thesis/out/workflow/_subject_id_042/smooth".
220825-00:26:22,892 nipype.workflow INFO:
	 [Node] "workflow.smooth" found cached.
220825-00:26:22,892 nipype.workflow INFO:
	 [Node] Setting-up "workflow.seedmask" in "/home/pw/projects/thesis/out/workflow/_subject_id_042/seedmask".
220825-00:26:22,898 nipype.workflow INFO:
	 [Node] "workflow.seedmask" found cached.
220825-00:26:22,898 nipype.workflow INFO:
	 [Node] Setting-up "workflow.get_predictors" in "/home/pw/projects/thesis/out/workflow/_subject_id_042/_roi_ACC/get_predictors".
220825-00:26:23,157 nipype.workflow INFO:
	 [Node] "workflow.get_predictors" found cached.
220825-00:26:23,157 nipype.workflow INFO:
	 [Node] Setting-up "workflow.get_subjinfo" in "/home/pw/projects/thesis/out/workflow/_subject_id_042/_roi_ACC/get_subjinfo".
220825-00:26:23,515 nipype.workflow INFO:
	 [Node] "workflow.get_subjinfo" found cached.
220825-00:26:23,516 nipype.workflow INFO:
	 [Node] Setting-up "workflow.modelspec" in "/home/pw/projects/thesis/out/workflow/_subject_id_042/_roi_ACC/modelspec".
220825-00:26:23,605 nipype.workflow INFO:
	 [Node] "workflow.modelspec" found cached.
220825-00:26:23,606 nipype.workflow INFO:
	 [Node] Setting-up "workflow.level1design" in "/home/pw/projects/thesis/out/workflow/_subject_id_042/_roi_ACC/level1design".
220825-00:26:23,945 nipype.workflow INFO:
	 [Node] "workflow.level1design" found cached.
220825-00:26:23,946 nipype.workflow INFO:
	 [Node] Setting-up "workflow.modelgen" in "/home/pw/projects/thesis/out/workflow/_subject_id_042/_roi_ACC/modelgen".
220825-00:26:23,971 nipype.workflow INFO:
	 [Node] "workflow.modelgen" found cached.
220825-00:26:23,972 nipype.workflow INFO:
	 [Node] Setting-up "workflow.level1estimate" in "/home/pw/projects/thesis/out/workflow/_subject_id_042/_roi_ACC/level1estimate".
220825-00:26:23,983 nipype.workflow INFO:
	 [Node] "workflow.level1estimate" found cached.
220825-00:26:23,983 nipype.workflow INFO:
	 [Node] Setting-up "workflow.get_predictors" in "/home/pw/projects/thesis/out/workflow/_subject_id_042/_roi_MFG/get_predictors".
220825-00:26:23,999 nipype.workflow INFO:
	 [Node] "workflow.get_predictors" found cached.
220825-00:26:24,0 nipype.workflow INFO:
	 [Node] Setting-up "workflow.get_subjinfo" in "/home/pw/projects/thesis/out/workflow/_subject_id_042/_roi_MFG/get_subjinfo".
220825-00:26:24,354 nipype.workflow INFO:
	 [Node] "workflow.get_subjinfo" found cached.
220825-00:26:24,355 nipype.workflow INFO:
	 [Node] Setting-up "workflow.modelspec" in "/home/pw/projects/thesis/out/workflow/_subject_id_042/_roi_MFG/modelspec".
220825-00:26:24,444 nipype.workflow INFO:
	 [Node] "workflow.modelspec" found cached.
220825-00:26:24,445 nipype.workflow INFO:
	 [Node] Setting-up "workflow.level1design" in "/home/pw/projects/thesis/out/workflow/_subject_id_042/_roi_MFG/level1design".
220825-00:26:24,698 nipype.workflow INFO:
	 [Node] "workflow.level1design" found cached.
220825-00:26:24,699 nipype.workflow INFO:
	 [Node] Setting-up "workflow.modelgen" in "/home/pw/projects/thesis/out/workflow/_subject_id_042/_roi_MFG/modelgen".
220825-00:26:24,727 nipype.workflow INFO:
	 [Node] "workflow.modelgen" found cached.
220825-00:26:24,727 nipype.workflow INFO:
	 [Node] Setting-up "workflow.level1estimate" in "/home/pw/projects/thesis/out/workflow/_subject_id_042/_roi_MFG/level1estimate".
220825-00:26:24,738 nipype.workflow INFO:
	 [Node] "workflow.level1estimate" found cached.
220825-00:26:24,738 nipype.workflow INFO:
	 [Node] Setting-up "workflow.get_predictors" in "/home/pw/projects/thesis/out/workflow/_subject_id_042/_roi_Cere/get_predictors".
220825-00:26:24,755 nipype.workflow INFO:
	 [Node] "workflow.get_predictors" found cached.
220825-00:26:24,755 nipype.workflow INFO:
	 [Node] Setting-up "workflow.get_subjinfo" in "/home/pw/projects/thesis/out/workflow/_subject_id_042/_roi_Cere/get_subjinfo".
220825-00:26:25,109 nipype.workflow INFO:
	 [Node] "workflow.get_subjinfo" found cached.
220825-00:26:25,110 nipype.workflow INFO:
	 [Node] Setting-up "workflow.modelspec" in "/home/pw/projects/thesis/out/workflow/_subject_id_042/_roi_Cere/modelspec".
220825-00:26:25,198 nipype.workflow INFO:
	 [Node] "workflow.modelspec" found cached.
220825-00:26:25,199 nipype.workflow INFO:
	 [Node] Setting-up "workflow.level1design" in "/home/pw/projects/thesis/out/workflow/_subject_id_042/_roi_Cere/level1design".
220825-00:26:25,452 nipype.workflow INFO:
	 [Node] "workflow.level1design" found cached.
220825-00:26:25,453 nipype.workflow INFO:
	 [Node] Setting-up "workflow.modelgen" in "/home/pw/projects/thesis/out/workflow/_subject_id_042/_roi_Cere/modelgen".
220825-00:26:25,480 nipype.workflow INFO:
	 [Node] "workflow.modelgen" found cached.
220825-00:26:25,480 nipype.workflow INFO:
	 [Node] Setting-up "workflow.level1estimate" in "/home/pw/projects/thesis/out/workflow/_subject_id_042/_roi_Cere/level1estimate".
220825-00:26:25,491 nipype.workflow INFO:
	 [Node] "workflow.level1estimate" found cached.
220825-00:26:25,491 nipype.workflow INFO:
	 [Node] Setting-up "workflow.get_predictors" in "/home/pw/projects/thesis/out/workflow/_subject_id_042/_roi_FFGm/get_predictors".
220825-00:26:25,508 nipype.workflow INFO:
	 [Node] "workflow.get_predictors" found cached.
220825-00:26:25,509 nipype.workflow INFO:
	 [Node] Setting-up "workflow.get_subjinfo" in "/home/pw/projects/thesis/out/workflow/_subject_id_042/_roi_FFGm/get_subjinfo".
220825-00:26:25,862 nipype.workflow INFO:
	 [Node] "workflow.get_subjinfo" found cached.
220825-00:26:25,863 nipype.workflow INFO:
	 [Node] Setting-up "workflow.modelspec" in "/home/pw/projects/thesis/out/workflow/_subject_id_042/_roi_FFGm/modelspec".
220825-00:26:25,952 nipype.workflow INFO:
	 [Node] "workflow.modelspec" found cached.
220825-00:26:25,953 nipype.workflow INFO:
	 [Node] Setting-up "workflow.level1design" in "/home/pw/projects/thesis/out/workflow/_subject_id_042/_roi_FFGm/level1design".
220825-00:26:26,207 nipype.workflow INFO:
	 [Node] "workflow.level1design" found cached.
220825-00:26:26,207 nipype.workflow INFO:
	 [Node] Setting-up "workflow.modelgen" in "/home/pw/projects/thesis/out/workflow/_subject_id_042/_roi_FFGm/modelgen".
220825-00:26:26,234 nipype.workflow INFO:
	 [Node] "workflow.modelgen" found cached.
220825-00:26:26,234 nipype.workflow INFO:
	 [Node] Setting-up "workflow.level1estimate" in "/home/pw/projects/thesis/out/workflow/_subject_id_042/_roi_FFGm/level1estimate".
220825-00:26:26,245 nipype.workflow INFO:
	 [Node] "workflow.level1estimate" found cached.
220825-00:26:26,246 nipype.workflow INFO:
	 [Node] Setting-up "workflow.get_predictors" in "/home/pw/projects/thesis/out/workflow/_subject_id_042/_roi_FFGl/get_predictors".
220825-00:26:26,262 nipype.workflow INFO:
	 [Node] "workflow.get_predictors" found cached.
220825-00:26:26,262 nipype.workflow INFO:
	 [Node] Setting-up "workflow.get_subjinfo" in "/home/pw/projects/thesis/out/workflow/_subject_id_042/_roi_FFGl/get_subjinfo".
220825-00:26:26,617 nipype.workflow INFO:
	 [Node] "workflow.get_subjinfo" found cached.
220825-00:26:26,617 nipype.workflow INFO:
	 [Node] Setting-up "workflow.modelspec" in "/home/pw/projects/thesis/out/workflow/_subject_id_042/_roi_FFGl/modelspec".
220825-00:26:26,707 nipype.workflow INFO:
	 [Node] "workflow.modelspec" found cached.
220825-00:26:26,707 nipype.workflow INFO:
	 [Node] Setting-up "workflow.level1design" in "/home/pw/projects/thesis/out/workflow/_subject_id_042/_roi_FFGl/level1design".
220825-00:26:26,961 nipype.workflow INFO:
	 [Node] "workflow.level1design" found cached.
220825-00:26:26,962 nipype.workflow INFO:
	 [Node] Setting-up "workflow.modelgen" in "/home/pw/projects/thesis/out/workflow/_subject_id_042/_roi_FFGl/modelgen".
220825-00:26:26,988 nipype.workflow INFO:
	 [Node] "workflow.modelgen" found cached.
220825-00:26:26,989 nipype.workflow INFO:
	 [Node] Setting-up "workflow.level1estimate" in "/home/pw/projects/thesis/out/workflow/_subject_id_042/_roi_FFGl/level1estimate".
220825-00:26:26,999 nipype.workflow INFO:
	 [Node] "workflow.level1estimate" found cached.
220825-00:26:27,0 nipype.workflow INFO:
	 [Node] Setting-up "workflow.get_predictors" in "/home/pw/projects/thesis/out/workflow/_subject_id_042/_roi_IfGi/get_predictors".
220825-00:26:27,16 nipype.workflow INFO:
	 [Node] "workflow.get_predictors" found cached.
220825-00:26:27,16 nipype.workflow INFO:
	 [Node] Setting-up "workflow.get_subjinfo" in "/home/pw/projects/thesis/out/workflow/_subject_id_042/_roi_IfGi/get_subjinfo".
220825-00:26:27,371 nipype.workflow INFO:
	 [Node] "workflow.get_subjinfo" found cached.
220825-00:26:27,372 nipype.workflow INFO:
	 [Node] Setting-up "workflow.modelspec" in "/home/pw/projects/thesis/out/workflow/_subject_id_042/_roi_IfGi/modelspec".
220825-00:26:27,460 nipype.workflow INFO:
	 [Node] "workflow.modelspec" found cached.
220825-00:26:27,461 nipype.workflow INFO:
	 [Node] Setting-up "workflow.level1design" in "/home/pw/projects/thesis/out/workflow/_subject_id_042/_roi_IfGi/level1design".
220825-00:26:27,715 nipype.workflow INFO:
	 [Node] "workflow.level1design" found cached.
220825-00:26:27,715 nipype.workflow INFO:
	 [Node] Setting-up "workflow.modelgen" in "/home/pw/projects/thesis/out/workflow/_subject_id_042/_roi_IfGi/modelgen".
220825-00:26:27,741 nipype.workflow INFO:
	 [Node] "workflow.modelgen" found cached.
220825-00:26:27,742 nipype.workflow INFO:
	 [Node] Setting-up "workflow.level1estimate" in "/home/pw/projects/thesis/out/workflow/_subject_id_042/_roi_IfGi/level1estimate".
220825-00:26:27,752 nipype.workflow INFO:
	 [Node] "workflow.level1estimate" found cached.
220825-00:26:27,753 nipype.workflow INFO:
	 [Node] Setting-up "workflow.get_predictors" in "/home/pw/projects/thesis/out/workflow/_subject_id_042/_roi_IFGs/get_predictors".
220825-00:26:27,769 nipype.workflow INFO:
	 [Node] "workflow.get_predictors" found cached.
220825-00:26:27,769 nipype.workflow INFO:
	 [Node] Setting-up "workflow.get_subjinfo" in "/home/pw/projects/thesis/out/workflow/_subject_id_042/_roi_IFGs/get_subjinfo".
220825-00:26:28,122 nipype.workflow INFO:
	 [Node] "workflow.get_subjinfo" found cached.
220825-00:26:28,123 nipype.workflow INFO:
	 [Node] Setting-up "workflow.modelspec" in "/home/pw/projects/thesis/out/workflow/_subject_id_042/_roi_IFGs/modelspec".
220825-00:26:28,212 nipype.workflow INFO:
	 [Node] "workflow.modelspec" found cached.
220825-00:26:28,212 nipype.workflow INFO:
	 [Node] Setting-up "workflow.level1design" in "/home/pw/projects/thesis/out/workflow/_subject_id_042/_roi_IFGs/level1design".
220825-00:26:28,466 nipype.workflow INFO:
	 [Node] "workflow.level1design" found cached.
220825-00:26:28,466 nipype.workflow INFO:
	 [Node] Setting-up "workflow.modelgen" in "/home/pw/projects/thesis/out/workflow/_subject_id_042/_roi_IFGs/modelgen".
220825-00:26:28,492 nipype.workflow INFO:
	 [Node] "workflow.modelgen" found cached.
220825-00:26:28,492 nipype.workflow INFO:
	 [Node] Setting-up "workflow.level1estimate" in "/home/pw/projects/thesis/out/workflow/_subject_id_042/_roi_IFGs/level1estimate".
220825-00:26:28,502 nipype.workflow INFO:
	 [Node] "workflow.level1estimate" found cached.
220825-00:26:28,503 nipype.workflow INFO:
	 [Node] Setting-up "workflow.get_predictors" in "/home/pw/projects/thesis/out/workflow/_subject_id_042/_roi_SFG/get_predictors".
220825-00:26:28,519 nipype.workflow INFO:
	 [Node] "workflow.get_predictors" found cached.
220825-00:26:28,519 nipype.workflow INFO:
	 [Node] Setting-up "workflow.get_subjinfo" in "/home/pw/projects/thesis/out/workflow/_subject_id_042/_roi_SFG/get_subjinfo".
220825-00:26:28,883 nipype.workflow INFO:
	 [Node] "workflow.get_subjinfo" found cached.
220825-00:26:28,884 nipype.workflow INFO:
	 [Node] Setting-up "workflow.modelspec" in "/home/pw/projects/thesis/out/workflow/_subject_id_042/_roi_SFG/modelspec".
220825-00:26:28,975 nipype.workflow INFO:
	 [Node] "workflow.modelspec" found cached.
220825-00:26:28,976 nipype.workflow INFO:
	 [Node] Setting-up "workflow.level1design" in "/home/pw/projects/thesis/out/workflow/_subject_id_042/_roi_SFG/level1design".
220825-00:26:29,228 nipype.workflow INFO:
	 [Node] "workflow.level1design" found cached.
220825-00:26:29,229 nipype.workflow INFO:
	 [Node] Setting-up "workflow.modelgen" in "/home/pw/projects/thesis/out/workflow/_subject_id_042/_roi_SFG/modelgen".
220825-00:26:29,256 nipype.workflow INFO:
	 [Node] "workflow.modelgen" found cached.
220825-00:26:29,256 nipype.workflow INFO:
	 [Node] Setting-up "workflow.level1estimate" in "/home/pw/projects/thesis/out/workflow/_subject_id_042/_roi_SFG/level1estimate".
220825-00:26:29,267 nipype.workflow INFO:
	 [Node] "workflow.level1estimate" found cached.
220825-00:26:29,268 nipype.workflow INFO:
	 [Node] Setting-up "workflow.get_predictors" in "/home/pw/projects/thesis/out/workflow/_subject_id_042/_roi_Thal/get_predictors".
220825-00:26:29,284 nipype.workflow INFO:
	 [Node] "workflow.get_predictors" found cached.
220825-00:26:29,285 nipype.workflow INFO:
	 [Node] Setting-up "workflow.get_subjinfo" in "/home/pw/projects/thesis/out/workflow/_subject_id_042/_roi_Thal/get_subjinfo".
220825-00:26:29,638 nipype.workflow INFO:
	 [Node] "workflow.get_subjinfo" found cached.
220825-00:26:29,639 nipype.workflow INFO:
	 [Node] Setting-up "workflow.modelspec" in "/home/pw/projects/thesis/out/workflow/_subject_id_042/_roi_Thal/modelspec".
220825-00:26:29,728 nipype.workflow INFO:
	 [Node] "workflow.modelspec" found cached.
220825-00:26:29,729 nipype.workflow INFO:
	 [Node] Setting-up "workflow.level1design" in "/home/pw/projects/thesis/out/workflow/_subject_id_042/_roi_Thal/level1design".
220825-00:26:29,984 nipype.workflow INFO:
	 [Node] "workflow.level1design" found cached.
220825-00:26:29,985 nipype.workflow INFO:
	 [Node] Setting-up "workflow.modelgen" in "/home/pw/projects/thesis/out/workflow/_subject_id_042/_roi_Thal/modelgen".
220825-00:26:30,11 nipype.workflow INFO:
	 [Node] "workflow.modelgen" found cached.
220825-00:26:30,12 nipype.workflow INFO:
	 [Node] Setting-up "workflow.level1estimate" in "/home/pw/projects/thesis/out/workflow/_subject_id_042/_roi_Thal/level1estimate".
220825-00:26:30,22 nipype.workflow INFO:
	 [Node] "workflow.level1estimate" found cached.
220825-00:26:30,23 nipype.workflow INFO:
	 [Node] Setting-up "workflow.dg" in "/home/pw/projects/thesis/out/workflow/_subject_id_041/dg".
220825-00:26:30,45 nipype.workflow INFO:
	 [Node] Running "dg" ("nipype.interfaces.io.DataGrabber")
220825-00:26:30,62 nipype.workflow INFO:
	 [Node] Finished "workflow.dg".
220825-00:26:30,62 nipype.workflow INFO:
	 [Node] Setting-up "workflow.apply_mask" in "/home/pw/projects/thesis/out/workflow/_subject_id_041/apply_mask".
220825-00:26:30,70 nipype.workflow INFO:
	 [Node] "workflow.apply_mask" found cached.
220825-00:26:30,71 nipype.workflow INFO:
	 [Node] Setting-up "workflow.smooth" in "/home/pw/projects/thesis/out/workflow/_subject_id_041/smooth".
220825-00:26:30,78 nipype.workflow INFO:
	 [Node] "workflow.smooth" found cached.
220825-00:26:30,78 nipype.workflow INFO:
	 [Node] Setting-up "workflow.seedmask" in "/home/pw/projects/thesis/out/workflow/_subject_id_041/seedmask".
220825-00:26:30,84 nipype.workflow INFO:
	 [Node] "workflow.seedmask" found cached.
220825-00:26:30,84 nipype.workflow INFO:
	 [Node] Setting-up "workflow.get_predictors" in "/home/pw/projects/thesis/out/workflow/_subject_id_041/_roi_ACC/get_predictors".
220825-00:26:30,119 nipype.workflow INFO:
	 [Node] Setting-up "_get_predictors0" in "/home/pw/projects/thesis/out/workflow/_subject_id_041/_roi_ACC/get_predictors/mapflow/_get_predictors0".
220825-00:26:30,134 nipype.workflow INFO:
	 [Node] Running "_get_predictors0" ("nipype.interfaces.utility.wrappers.Function")
/home/pw/.local/lib/python3.7/site-packages/nilearn/glm/__init__.py:56: FutureWarning: The nilearn.glm module is experimental. It may change in any future release of Nilearn.
  'It may change in any future release of Nilearn.', FutureWarning)
220825-00:26:30,841 nipype.workflow INFO:
	 [Node] Finished "_get_predictors0".
220825-00:26:30,843 nipype.workflow INFO:
	 [Node] Setting-up "_get_predictors1" in "/home/pw/projects/thesis/out/workflow/_subject_id_041/_roi_ACC/get_predictors/mapflow/_get_predictors1".
220825-00:26:30,867 nipype.workflow INFO:
	 [Node] Running "_get_predictors1" ("nipype.interfaces.utility.wrappers.Function")
220825-00:26:30,951 nipype.workflow INFO:
	 [Node] Finished "_get_predictors1".
220825-00:26:30,954 nipype.workflow INFO:
	 [Node] Setting-up "_get_predictors2" in "/home/pw/projects/thesis/out/workflow/_subject_id_041/_roi_ACC/get_predictors/mapflow/_get_predictors2".
220825-00:26:30,966 nipype.workflow INFO:
	 [Node] Running "_get_predictors2" ("nipype.interfaces.utility.wrappers.Function")
220825-00:26:31,50 nipype.workflow INFO:
	 [Node] Finished "_get_predictors2".
220825-00:26:31,182 nipype.workflow INFO:
	 [Node] Finished "workflow.get_predictors".
220825-00:26:31,183 nipype.workflow INFO:
	 [Node] Setting-up "workflow.get_subjinfo" in "/home/pw/projects/thesis/out/workflow/_subject_id_041/_roi_ACC/get_subjinfo".
220825-00:26:31,783 nipype.workflow INFO:
	 [Node] Setting-up "_get_subjinfo0" in "/home/pw/projects/thesis/out/workflow/_subject_id_041/_roi_ACC/get_subjinfo/mapflow/_get_subjinfo0".
220825-00:26:31,912 nipype.workflow INFO:
	 [Node] Running "_get_subjinfo0" ("nipype.interfaces.utility.wrappers.Function")
220825-00:26:32,27 nipype.workflow INFO:
	 [Node] Finished "_get_subjinfo0".
220825-00:26:32,30 nipype.workflow INFO:
	 [Node] Setting-up "_get_subjinfo1" in "/home/pw/projects/thesis/out/workflow/_subject_id_041/_roi_ACC/get_subjinfo/mapflow/_get_subjinfo1".
220825-00:26:32,157 nipype.workflow INFO:
	 [Node] Running "_get_subjinfo1" ("nipype.interfaces.utility.wrappers.Function")
220825-00:26:32,254 nipype.workflow INFO:
	 [Node] Finished "_get_subjinfo1".
220825-00:26:32,256 nipype.workflow INFO:
	 [Node] Setting-up "_get_subjinfo2" in "/home/pw/projects/thesis/out/workflow/_subject_id_041/_roi_ACC/get_subjinfo/mapflow/_get_subjinfo2".
220825-00:26:32,385 nipype.workflow INFO:
	 [Node] Running "_get_subjinfo2" ("nipype.interfaces.utility.wrappers.Function")
220825-00:26:32,482 nipype.workflow INFO:
	 [Node] Finished "_get_subjinfo2".
220825-00:26:32,767 nipype.workflow INFO:
	 [Node] Finished "workflow.get_subjinfo".
220825-00:26:32,767 nipype.workflow INFO:
	 [Node] Setting-up "workflow.modelspec" in "/home/pw/projects/thesis/out/workflow/_subject_id_041/_roi_ACC/modelspec".
220825-00:26:32,929 nipype.workflow INFO:
	 [Node] Setting-up "_modelspec0" in "/home/pw/projects/thesis/out/workflow/_subject_id_041/_roi_ACC/modelspec/mapflow/_modelspec0".
220825-00:26:32,986 nipype.workflow INFO:
	 [Node] Running "_modelspec0" ("nipype.algorithms.modelgen.SpecifyModel")
220825-00:26:33,98 nipype.workflow INFO:
	 [Node] Finished "_modelspec0".
220825-00:26:33,108 nipype.workflow INFO:
	 [Node] Setting-up "_modelspec1" in "/home/pw/projects/thesis/out/workflow/_subject_id_041/_roi_ACC/modelspec/mapflow/_modelspec1".
220825-00:26:33,148 nipype.workflow INFO:
	 [Node] Running "_modelspec1" ("nipype.algorithms.modelgen.SpecifyModel")
220825-00:26:33,289 nipype.workflow INFO:
	 [Node] Finished "_modelspec1".
220825-00:26:33,299 nipype.workflow INFO:
	 [Node] Setting-up "_modelspec2" in "/home/pw/projects/thesis/out/workflow/_subject_id_041/_roi_ACC/modelspec/mapflow/_modelspec2".
220825-00:26:33,341 nipype.workflow INFO:
	 [Node] Running "_modelspec2" ("nipype.algorithms.modelgen.SpecifyModel")
220825-00:26:33,456 nipype.workflow INFO:
	 [Node] Finished "_modelspec2".
220825-00:26:33,647 nipype.workflow INFO:
	 [Node] Finished "workflow.modelspec".
220825-00:26:33,648 nipype.workflow INFO:
	 [Node] Setting-up "workflow.level1design" in "/home/pw/projects/thesis/out/workflow/_subject_id_041/_roi_ACC/level1design".
220825-00:26:34,331 nipype.workflow INFO:
	 [Node] Setting-up "_level1design0" in "/home/pw/projects/thesis/out/workflow/_subject_id_041/_roi_ACC/level1design/mapflow/_level1design0".
220825-00:26:37,475 nipype.workflow INFO:
	 [Node] Running "_level1design0" ("nipype.interfaces.fsl.model.Level1Design")
220825-00:26:37,623 nipype.workflow INFO:
	 [Node] Finished "_level1design0".
220825-00:26:37,626 nipype.workflow INFO:
	 [Node] Setting-up "_level1design1" in "/home/pw/projects/thesis/out/workflow/_subject_id_041/_roi_ACC/level1design/mapflow/_level1design1".
220825-00:26:37,813 nipype.workflow INFO:
	 [Node] Running "_level1design1" ("nipype.interfaces.fsl.model.Level1Design")
220825-00:26:37,966 nipype.workflow INFO:
	 [Node] Finished "_level1design1".
220825-00:26:37,968 nipype.workflow INFO:
	 [Node] Setting-up "_level1design2" in "/home/pw/projects/thesis/out/workflow/_subject_id_041/_roi_ACC/level1design/mapflow/_level1design2".
220825-00:26:38,144 nipype.workflow INFO:
	 [Node] Running "_level1design2" ("nipype.interfaces.fsl.model.Level1Design")
220825-00:26:38,253 nipype.workflow INFO:
	 [Node] Finished "_level1design2".
220825-00:26:38,439 nipype.workflow INFO:
	 [Node] Finished "workflow.level1design".
220825-00:26:38,440 nipype.workflow INFO:
	 [Node] Setting-up "workflow.modelgen" in "/home/pw/projects/thesis/out/workflow/_subject_id_041/_roi_ACC/modelgen".
220825-00:26:38,468 nipype.workflow INFO:
	 [Node] Setting-up "_modelgen0" in "/home/pw/projects/thesis/out/workflow/_subject_id_041/_roi_ACC/modelgen/mapflow/_modelgen0".
220825-00:26:38,504 nipype.workflow INFO:
	 [Node] Running "_modelgen0" ("nipype.interfaces.fsl.model.FEATModel"), a CommandLine Interface with command:
feat_model run0 
220825-00:26:39,44 nipype.workflow INFO:
	 [Node] Finished "_modelgen0".
220825-00:26:39,48 nipype.workflow INFO:
	 [Node] Setting-up "_modelgen1" in "/home/pw/projects/thesis/out/workflow/_subject_id_041/_roi_ACC/modelgen/mapflow/_modelgen1".
220825-00:26:39,75 nipype.workflow INFO:
	 [Node] Running "_modelgen1" ("nipype.interfaces.fsl.model.FEATModel"), a CommandLine Interface with command:
feat_model run0 
220825-00:26:39,608 nipype.workflow INFO:
	 [Node] Finished "_modelgen1".
220825-00:26:39,611 nipype.workflow INFO:
	 [Node] Setting-up "_modelgen2" in "/home/pw/projects/thesis/out/workflow/_subject_id_041/_roi_ACC/modelgen/mapflow/_modelgen2".
220825-00:26:39,637 nipype.workflow INFO:
	 [Node] Running "_modelgen2" ("nipype.interfaces.fsl.model.FEATModel"), a CommandLine Interface with command:
feat_model run0 
220825-00:26:40,185 nipype.workflow INFO:
	 [Node] Finished "_modelgen2".
220825-00:26:40,192 nipype.workflow INFO:
	 [Node] Finished "workflow.modelgen".
220825-00:26:40,193 nipype.workflow INFO:
	 [Node] Setting-up "workflow.level1estimate" in "/home/pw/projects/thesis/out/workflow/_subject_id_041/_roi_ACC/level1estimate".
220825-00:26:40,215 nipype.workflow INFO:
	 [Node] Setting-up "_level1estimate0" in "/home/pw/projects/thesis/out/workflow/_subject_id_041/_roi_ACC/level1estimate/mapflow/_level1estimate0".
220825-00:26:40,226 nipype.workflow INFO:
	 [Node] Running "_level1estimate0" ("nipype.interfaces.fsl.model.FILMGLS"), a CommandLine Interface with command:
film_gls --ms=5 --rn=results --sa --con=/home/pw/projects/thesis/out/workflow/_subject_id_041/_roi_ACC/modelgen/mapflow/_modelgen0/run0.con --in=/home/pw/projects/thesis/out/workflow/_subject_id_041/smooth/mapflow/_smooth0/sub-041_task-game_run-1_space-MNI152NLin2009cAsym_desc-preproc_bold_masked_smooth.nii.gz --pd=/home/pw/projects/thesis/out/workflow/_subject_id_041/_roi_ACC/modelgen/mapflow/_modelgen0/run0.mat --thr=1000.000000
220825-00:26:40,266 nipype.interface INFO:
	 stdout 2022-08-25T00:26:40.266026:Log directory is: results
220825-00:26:51,474 nipype.interface INFO:
	 stdout 2022-08-25T00:26:51.474540:paradigm.getDesignMatrix().Nrows()=185
220825-00:26:51,474 nipype.interface INFO:
	 stdout 2022-08-25T00:26:51.474540:paradigm.getDesignMatrix().Ncols()=13
220825-00:26:51,474 nipype.interface INFO:
	 stdout 2022-08-25T00:26:51.474540:sizeTS=185
220825-00:26:51,474 nipype.interface INFO:
	 stdout 2022-08-25T00:26:51.474540:numTS=227936
220825-00:26:51,697 nipype.interface INFO:
	 stdout 2022-08-25T00:26:51.697590:Calculating residuals...
220825-00:27:49,679 nipype.interface INFO:
	 stdout 2022-08-25T00:27:49.679238:Completed
220825-00:27:49,679 nipype.interface INFO:
	 stdout 2022-08-25T00:27:49.679238:Estimating residual autocorrelation...
220825-00:28:06,173 nipype.interface INFO:
	 stdout 2022-08-25T00:28:06.173369:Calculating raw AutoCorrs... Completed
220825-00:28:06,198 nipype.interface INFO:
	 stdout 2022-08-25T00:28:06.198437:mode = 6538.5
220825-00:28:06,203 nipype.interface INFO:
	 stdout 2022-08-25T00:28:06.202998:sig = 745
220825-00:28:06,203 nipype.interface INFO:
	 stdout 2022-08-25T00:28:06.202998:Spatially smoothing auto corr estimates
220825-00:30:03,206 nipype.interface INFO:
	 stdout 2022-08-25T00:30:03.206424:............
220825-00:30:03,206 nipype.interface INFO:
	 stdout 2022-08-25T00:30:03.206424:Completed
220825-00:30:03,206 nipype.interface INFO:
	 stdout 2022-08-25T00:30:03.206912:Tukey M = 13
220825-00:30:03,295 nipype.interface INFO:
	 stdout 2022-08-25T00:30:03.295513:Tukey estimates... Completed
220825-00:30:03,295 nipype.interface INFO:
	 stdout 2022-08-25T00:30:03.295513:Completed
220825-00:30:03,295 nipype.interface INFO:
	 stdout 2022-08-25T00:30:03.295513:Prewhitening and Computing PEs...
220825-00:30:03,295 nipype.interface INFO:
	 stdout 2022-08-25T00:30:03.295513:Percentage done:
220825-00:34:19,831 nipype.interface INFO:
	 stdout 2022-08-25T00:34:19.830972:1,2,3,4,5,6,7,8,9,10,11,12,13,14,15,16,17,18,19,20,21,22,23,24,25,26,27,28,29,30,31,32,33,34,35,36,37,38,39,40,41,42,43,44,45,46,47,48,49,50,51,52,53,54,55,56,57,58,59,60,61,62,63,64,65,66,67,68,69,70,71,72,73,74,75,76,77,78,79,80,81,82,83,84,85,86,87,88,89,90,91,92,93,94,95,96,97,98,99,Completed
220825-00:34:19,831 nipype.interface INFO:
	 stdout 2022-08-25T00:34:19.830972:Saving results... 
220825-00:34:43,208 nipype.interface INFO:
	 stdout 2022-08-25T00:34:43.208387:Completed
220825-00:34:43,358 nipype.workflow INFO:
	 [Node] Finished "_level1estimate0".
220825-00:34:43,364 nipype.workflow INFO:
	 [Node] Setting-up "_level1estimate1" in "/home/pw/projects/thesis/out/workflow/_subject_id_041/_roi_ACC/level1estimate/mapflow/_level1estimate1".
220825-00:34:43,373 nipype.workflow INFO:
	 [Node] Running "_level1estimate1" ("nipype.interfaces.fsl.model.FILMGLS"), a CommandLine Interface with command:
film_gls --ms=5 --rn=results --sa --con=/home/pw/projects/thesis/out/workflow/_subject_id_041/_roi_ACC/modelgen/mapflow/_modelgen1/run0.con --in=/home/pw/projects/thesis/out/workflow/_subject_id_041/smooth/mapflow/_smooth1/sub-041_task-game_run-2_space-MNI152NLin2009cAsym_desc-preproc_bold_masked_smooth.nii.gz --pd=/home/pw/projects/thesis/out/workflow/_subject_id_041/_roi_ACC/modelgen/mapflow/_modelgen1/run0.mat --thr=1000.000000
220825-00:34:43,412 nipype.interface INFO:
	 stdout 2022-08-25T00:34:43.412705:Log directory is: results
220825-00:34:54,610 nipype.interface INFO:
	 stdout 2022-08-25T00:34:54.610703:paradigm.getDesignMatrix().Nrows()=185
220825-00:34:54,610 nipype.interface INFO:
	 stdout 2022-08-25T00:34:54.610703:paradigm.getDesignMatrix().Ncols()=13
220825-00:34:54,611 nipype.interface INFO:
	 stdout 2022-08-25T00:34:54.610703:sizeTS=185
220825-00:34:54,611 nipype.interface INFO:
	 stdout 2022-08-25T00:34:54.610703:numTS=227513
220825-00:34:54,833 nipype.interface INFO:
	 stdout 2022-08-25T00:34:54.833213:Calculating residuals...
220825-00:35:53,499 nipype.interface INFO:
	 stdout 2022-08-25T00:35:53.499697:Completed
220825-00:35:53,499 nipype.interface INFO:
	 stdout 2022-08-25T00:35:53.499697:Estimating residual autocorrelation...
220825-00:36:10,97 nipype.interface INFO:
	 stdout 2022-08-25T00:36:10.097437:Calculating raw AutoCorrs... Completed
220825-00:36:10,122 nipype.interface INFO:
	 stdout 2022-08-25T00:36:10.122832:mode = 6437.45
220825-00:36:10,127 nipype.interface INFO:
	 stdout 2022-08-25T00:36:10.127452:sig = 792
220825-00:36:10,127 nipype.interface INFO:
	 stdout 2022-08-25T00:36:10.127636:Spatially smoothing auto corr estimates
220825-00:38:07,86 nipype.interface INFO:
	 stdout 2022-08-25T00:38:07.086260:............
220825-00:38:07,86 nipype.interface INFO:
	 stdout 2022-08-25T00:38:07.086260:Completed
220825-00:38:07,86 nipype.interface INFO:
	 stdout 2022-08-25T00:38:07.086834:Tukey M = 13
220825-00:38:07,174 nipype.interface INFO:
	 stdout 2022-08-25T00:38:07.174865:Tukey estimates... Completed
220825-00:38:07,175 nipype.interface INFO:
	 stdout 2022-08-25T00:38:07.174865:Completed
220825-00:38:07,175 nipype.interface INFO:
	 stdout 2022-08-25T00:38:07.174865:Prewhitening and Computing PEs...
220825-00:38:07,175 nipype.interface INFO:
	 stdout 2022-08-25T00:38:07.174865:Percentage done:
220825-00:42:23,806 nipype.interface INFO:
	 stdout 2022-08-25T00:42:23.805941:1,2,3,4,5,6,7,8,9,10,11,12,13,14,15,16,17,18,19,20,21,22,23,24,25,26,27,28,29,30,31,32,33,34,35,36,37,38,39,40,41,42,43,44,45,46,47,48,49,50,51,52,53,54,55,56,57,58,59,60,61,62,63,64,65,66,67,68,69,70,71,72,73,74,75,76,77,78,79,80,81,82,83,84,85,86,87,88,89,90,91,92,93,94,95,96,97,98,99,Completed
220825-00:42:23,806 nipype.interface INFO:
	 stdout 2022-08-25T00:42:23.805941:Saving results... 
220825-00:42:47,43 nipype.interface INFO:
	 stdout 2022-08-25T00:42:47.043471:Completed
220825-00:42:47,219 nipype.workflow INFO:
	 [Node] Finished "_level1estimate1".
220825-00:42:47,225 nipype.workflow INFO:
	 [Node] Setting-up "_level1estimate2" in "/home/pw/projects/thesis/out/workflow/_subject_id_041/_roi_ACC/level1estimate/mapflow/_level1estimate2".
220825-00:42:47,237 nipype.workflow INFO:
	 [Node] Running "_level1estimate2" ("nipype.interfaces.fsl.model.FILMGLS"), a CommandLine Interface with command:
film_gls --ms=5 --rn=results --sa --con=/home/pw/projects/thesis/out/workflow/_subject_id_041/_roi_ACC/modelgen/mapflow/_modelgen2/run0.con --in=/home/pw/projects/thesis/out/workflow/_subject_id_041/smooth/mapflow/_smooth2/sub-041_task-game_run-3_space-MNI152NLin2009cAsym_desc-preproc_bold_masked_smooth.nii.gz --pd=/home/pw/projects/thesis/out/workflow/_subject_id_041/_roi_ACC/modelgen/mapflow/_modelgen2/run0.mat --thr=1000.000000
220825-00:42:47,275 nipype.interface INFO:
	 stdout 2022-08-25T00:42:47.275583:Log directory is: results
220825-00:42:58,455 nipype.interface INFO:
	 stdout 2022-08-25T00:42:58.455848:paradigm.getDesignMatrix().Nrows()=185
220825-00:42:58,456 nipype.interface INFO:
	 stdout 2022-08-25T00:42:58.455848:paradigm.getDesignMatrix().Ncols()=13
220825-00:42:58,456 nipype.interface INFO:
	 stdout 2022-08-25T00:42:58.455848:sizeTS=185
220825-00:42:58,456 nipype.interface INFO:
	 stdout 2022-08-25T00:42:58.455848:numTS=227140
220825-00:42:58,676 nipype.interface INFO:
	 stdout 2022-08-25T00:42:58.676159:Calculating residuals...
220825-00:43:56,647 nipype.interface INFO:
	 stdout 2022-08-25T00:43:56.647901:Completed
220825-00:43:56,648 nipype.interface INFO:
	 stdout 2022-08-25T00:43:56.647901:Estimating residual autocorrelation...
220825-00:44:13,62 nipype.interface INFO:
	 stdout 2022-08-25T00:44:13.062443:Calculating raw AutoCorrs... Completed
220825-00:44:13,87 nipype.interface INFO:
	 stdout 2022-08-25T00:44:13.087725:mode = 6432.74
220825-00:44:13,92 nipype.interface INFO:
	 stdout 2022-08-25T00:44:13.092175:sig = 779
220825-00:44:13,92 nipype.interface INFO:
	 stdout 2022-08-25T00:44:13.092338:Spatially smoothing auto corr estimates
220825-00:46:09,917 nipype.interface INFO:
	 stdout 2022-08-25T00:46:09.917330:............
220825-00:46:09,917 nipype.interface INFO:
	 stdout 2022-08-25T00:46:09.917330:Completed
220825-00:46:09,917 nipype.interface INFO:
	 stdout 2022-08-25T00:46:09.917892:Tukey M = 13
220825-00:46:10,5 nipype.interface INFO:
	 stdout 2022-08-25T00:46:10.005745:Tukey estimates... Completed
220825-00:46:10,6 nipype.interface INFO:
	 stdout 2022-08-25T00:46:10.005745:Completed
220825-00:46:10,6 nipype.interface INFO:
	 stdout 2022-08-25T00:46:10.005745:Prewhitening and Computing PEs...
220825-00:46:10,6 nipype.interface INFO:
	 stdout 2022-08-25T00:46:10.005745:Percentage done:
220825-00:50:27,4 nipype.interface INFO:
	 stdout 2022-08-25T00:50:27.004543:1,2,3,4,5,6,7,8,9,10,11,12,13,14,15,16,17,18,19,20,21,22,23,24,25,26,27,28,29,30,31,32,33,34,35,36,37,38,39,40,41,42,43,44,45,46,47,48,49,50,51,52,53,54,55,56,57,58,59,60,61,62,63,64,65,66,67,68,69,70,71,72,73,74,75,76,77,78,79,80,81,82,83,84,85,86,87,88,89,90,91,92,93,94,95,96,97,98,99,Completed
220825-00:50:27,4 nipype.interface INFO:
	 stdout 2022-08-25T00:50:27.004543:Saving results... 
220825-00:50:50,399 nipype.interface INFO:
	 stdout 2022-08-25T00:50:50.399874:Completed
220825-00:50:50,561 nipype.workflow INFO:
	 [Node] Finished "_level1estimate2".
220825-00:50:50,570 nipype.workflow INFO:
	 [Node] Finished "workflow.level1estimate".
220825-00:50:50,571 nipype.workflow INFO:
	 [Node] Setting-up "workflow.get_predictors" in "/home/pw/projects/thesis/out/workflow/_subject_id_041/_roi_MFG/get_predictors".
220825-00:50:50,606 nipype.workflow INFO:
	 [Node] Setting-up "_get_predictors0" in "/home/pw/projects/thesis/out/workflow/_subject_id_041/_roi_MFG/get_predictors/mapflow/_get_predictors0".
220825-00:50:50,619 nipype.workflow INFO:
	 [Node] Running "_get_predictors0" ("nipype.interfaces.utility.wrappers.Function")
220825-00:50:50,711 nipype.workflow INFO:
	 [Node] Finished "_get_predictors0".
220825-00:50:50,713 nipype.workflow INFO:
	 [Node] Setting-up "_get_predictors1" in "/home/pw/projects/thesis/out/workflow/_subject_id_041/_roi_MFG/get_predictors/mapflow/_get_predictors1".
220825-00:50:50,729 nipype.workflow INFO:
	 [Node] Running "_get_predictors1" ("nipype.interfaces.utility.wrappers.Function")
220825-00:50:50,818 nipype.workflow INFO:
	 [Node] Finished "_get_predictors1".
220825-00:50:50,820 nipype.workflow INFO:
	 [Node] Setting-up "_get_predictors2" in "/home/pw/projects/thesis/out/workflow/_subject_id_041/_roi_MFG/get_predictors/mapflow/_get_predictors2".
220825-00:50:50,834 nipype.workflow INFO:
	 [Node] Running "_get_predictors2" ("nipype.interfaces.utility.wrappers.Function")
220825-00:50:50,921 nipype.workflow INFO:
	 [Node] Finished "_get_predictors2".
220825-00:50:51,53 nipype.workflow INFO:
	 [Node] Finished "workflow.get_predictors".
220825-00:50:51,53 nipype.workflow INFO:
	 [Node] Setting-up "workflow.get_subjinfo" in "/home/pw/projects/thesis/out/workflow/_subject_id_041/_roi_MFG/get_subjinfo".
220825-00:50:51,655 nipype.workflow INFO:
	 [Node] Setting-up "_get_subjinfo0" in "/home/pw/projects/thesis/out/workflow/_subject_id_041/_roi_MFG/get_subjinfo/mapflow/_get_subjinfo0".
220825-00:50:51,803 nipype.workflow INFO:
	 [Node] Running "_get_subjinfo0" ("nipype.interfaces.utility.wrappers.Function")
220825-00:50:51,900 nipype.workflow INFO:
	 [Node] Finished "_get_subjinfo0".
220825-00:50:51,903 nipype.workflow INFO:
	 [Node] Setting-up "_get_subjinfo1" in "/home/pw/projects/thesis/out/workflow/_subject_id_041/_roi_MFG/get_subjinfo/mapflow/_get_subjinfo1".
220825-00:50:52,31 nipype.workflow INFO:
	 [Node] Running "_get_subjinfo1" ("nipype.interfaces.utility.wrappers.Function")
220825-00:50:52,128 nipype.workflow INFO:
	 [Node] Finished "_get_subjinfo1".
220825-00:50:52,130 nipype.workflow INFO:
	 [Node] Setting-up "_get_subjinfo2" in "/home/pw/projects/thesis/out/workflow/_subject_id_041/_roi_MFG/get_subjinfo/mapflow/_get_subjinfo2".
220825-00:50:52,277 nipype.workflow INFO:
	 [Node] Running "_get_subjinfo2" ("nipype.interfaces.utility.wrappers.Function")
220825-00:50:52,375 nipype.workflow INFO:
	 [Node] Finished "_get_subjinfo2".
220825-00:50:52,670 nipype.workflow INFO:
	 [Node] Finished "workflow.get_subjinfo".
220825-00:50:52,671 nipype.workflow INFO:
	 [Node] Setting-up "workflow.modelspec" in "/home/pw/projects/thesis/out/workflow/_subject_id_041/_roi_MFG/modelspec".
220825-00:50:52,881 nipype.workflow INFO:
	 [Node] Setting-up "_modelspec0" in "/home/pw/projects/thesis/out/workflow/_subject_id_041/_roi_MFG/modelspec/mapflow/_modelspec0".
220825-00:50:52,922 nipype.workflow INFO:
	 [Node] Running "_modelspec0" ("nipype.algorithms.modelgen.SpecifyModel")
220825-00:50:53,34 nipype.workflow INFO:
	 [Node] Finished "_modelspec0".
220825-00:50:53,44 nipype.workflow INFO:
	 [Node] Setting-up "_modelspec1" in "/home/pw/projects/thesis/out/workflow/_subject_id_041/_roi_MFG/modelspec/mapflow/_modelspec1".
220825-00:50:53,95 nipype.workflow INFO:
	 [Node] Running "_modelspec1" ("nipype.algorithms.modelgen.SpecifyModel")
220825-00:50:53,228 nipype.workflow INFO:
	 [Node] Finished "_modelspec1".
220825-00:50:53,239 nipype.workflow INFO:
	 [Node] Setting-up "_modelspec2" in "/home/pw/projects/thesis/out/workflow/_subject_id_041/_roi_MFG/modelspec/mapflow/_modelspec2".
220825-00:50:53,307 nipype.workflow INFO:
	 [Node] Running "_modelspec2" ("nipype.algorithms.modelgen.SpecifyModel")
220825-00:50:53,439 nipype.workflow INFO:
	 [Node] Finished "_modelspec2".
220825-00:50:53,653 nipype.workflow INFO:
	 [Node] Finished "workflow.modelspec".
220825-00:50:53,653 nipype.workflow INFO:
	 [Node] Setting-up "workflow.level1design" in "/home/pw/projects/thesis/out/workflow/_subject_id_041/_roi_MFG/level1design".
220825-00:50:54,334 nipype.workflow INFO:
	 [Node] Setting-up "_level1design0" in "/home/pw/projects/thesis/out/workflow/_subject_id_041/_roi_MFG/level1design/mapflow/_level1design0".
220825-00:50:54,508 nipype.workflow INFO:
	 [Node] Running "_level1design0" ("nipype.interfaces.fsl.model.Level1Design")
220825-00:50:54,634 nipype.workflow INFO:
	 [Node] Finished "_level1design0".
220825-00:50:54,637 nipype.workflow INFO:
	 [Node] Setting-up "_level1design1" in "/home/pw/projects/thesis/out/workflow/_subject_id_041/_roi_MFG/level1design/mapflow/_level1design1".
220825-00:50:54,827 nipype.workflow INFO:
	 [Node] Running "_level1design1" ("nipype.interfaces.fsl.model.Level1Design")
220825-00:50:54,934 nipype.workflow INFO:
	 [Node] Finished "_level1design1".
220825-00:50:54,936 nipype.workflow INFO:
	 [Node] Setting-up "_level1design2" in "/home/pw/projects/thesis/out/workflow/_subject_id_041/_roi_MFG/level1design/mapflow/_level1design2".
220825-00:50:55,127 nipype.workflow INFO:
	 [Node] Running "_level1design2" ("nipype.interfaces.fsl.model.Level1Design")
220825-00:50:55,249 nipype.workflow INFO:
	 [Node] Finished "_level1design2".
220825-00:50:55,435 nipype.workflow INFO:
	 [Node] Finished "workflow.level1design".
220825-00:50:55,435 nipype.workflow INFO:
	 [Node] Setting-up "workflow.modelgen" in "/home/pw/projects/thesis/out/workflow/_subject_id_041/_roi_MFG/modelgen".
220825-00:50:55,476 nipype.workflow INFO:
	 [Node] Setting-up "_modelgen0" in "/home/pw/projects/thesis/out/workflow/_subject_id_041/_roi_MFG/modelgen/mapflow/_modelgen0".
220825-00:50:55,515 nipype.workflow INFO:
	 [Node] Running "_modelgen0" ("nipype.interfaces.fsl.model.FEATModel"), a CommandLine Interface with command:
feat_model run0 
220825-00:50:56,102 nipype.workflow INFO:
	 [Node] Finished "_modelgen0".
220825-00:50:56,106 nipype.workflow INFO:
	 [Node] Setting-up "_modelgen1" in "/home/pw/projects/thesis/out/workflow/_subject_id_041/_roi_MFG/modelgen/mapflow/_modelgen1".
220825-00:50:56,135 nipype.workflow INFO:
	 [Node] Running "_modelgen1" ("nipype.interfaces.fsl.model.FEATModel"), a CommandLine Interface with command:
feat_model run0 
220825-00:50:56,673 nipype.workflow INFO:
	 [Node] Finished "_modelgen1".
220825-00:50:56,676 nipype.workflow INFO:
	 [Node] Setting-up "_modelgen2" in "/home/pw/projects/thesis/out/workflow/_subject_id_041/_roi_MFG/modelgen/mapflow/_modelgen2".
220825-00:50:56,710 nipype.workflow INFO:
	 [Node] Running "_modelgen2" ("nipype.interfaces.fsl.model.FEATModel"), a CommandLine Interface with command:
feat_model run0 
220825-00:50:57,262 nipype.workflow INFO:
	 [Node] Finished "_modelgen2".
220825-00:50:57,285 nipype.workflow INFO:
	 [Node] Finished "workflow.modelgen".
220825-00:50:57,286 nipype.workflow INFO:
	 [Node] Setting-up "workflow.level1estimate" in "/home/pw/projects/thesis/out/workflow/_subject_id_041/_roi_MFG/level1estimate".
220825-00:50:57,303 nipype.workflow INFO:
	 [Node] Setting-up "_level1estimate0" in "/home/pw/projects/thesis/out/workflow/_subject_id_041/_roi_MFG/level1estimate/mapflow/_level1estimate0".
220825-00:50:57,312 nipype.workflow INFO:
	 [Node] Running "_level1estimate0" ("nipype.interfaces.fsl.model.FILMGLS"), a CommandLine Interface with command:
film_gls --ms=5 --rn=results --sa --con=/home/pw/projects/thesis/out/workflow/_subject_id_041/_roi_MFG/modelgen/mapflow/_modelgen0/run0.con --in=/home/pw/projects/thesis/out/workflow/_subject_id_041/smooth/mapflow/_smooth0/sub-041_task-game_run-1_space-MNI152NLin2009cAsym_desc-preproc_bold_masked_smooth.nii.gz --pd=/home/pw/projects/thesis/out/workflow/_subject_id_041/_roi_MFG/modelgen/mapflow/_modelgen0/run0.mat --thr=1000.000000
220825-00:50:57,352 nipype.interface INFO:
	 stdout 2022-08-25T00:50:57.351903:Log directory is: results
220825-00:51:08,548 nipype.interface INFO:
	 stdout 2022-08-25T00:51:08.548322:paradigm.getDesignMatrix().Nrows()=185
220825-00:51:08,548 nipype.interface INFO:
	 stdout 2022-08-25T00:51:08.548322:paradigm.getDesignMatrix().Ncols()=13
220825-00:51:08,548 nipype.interface INFO:
	 stdout 2022-08-25T00:51:08.548322:sizeTS=185
220825-00:51:08,548 nipype.interface INFO:
	 stdout 2022-08-25T00:51:08.548322:numTS=227936
220825-00:51:08,771 nipype.interface INFO:
	 stdout 2022-08-25T00:51:08.771140:Calculating residuals...
220825-00:52:06,571 nipype.interface INFO:
	 stdout 2022-08-25T00:52:06.570915:Completed
220825-00:52:06,571 nipype.interface INFO:
	 stdout 2022-08-25T00:52:06.570915:Estimating residual autocorrelation...
220825-00:52:23,90 nipype.interface INFO:
	 stdout 2022-08-25T00:52:23.090814:Calculating raw AutoCorrs... Completed
220825-00:52:23,116 nipype.interface INFO:
	 stdout 2022-08-25T00:52:23.116124:mode = 6538.5
220825-00:52:23,120 nipype.interface INFO:
	 stdout 2022-08-25T00:52:23.120460:sig = 745
220825-00:52:23,120 nipype.interface INFO:
	 stdout 2022-08-25T00:52:23.120624:Spatially smoothing auto corr estimates
220825-00:54:21,276 nipype.interface INFO:
	 stdout 2022-08-25T00:54:21.276290:............
220825-00:54:21,276 nipype.interface INFO:
	 stdout 2022-08-25T00:54:21.276290:Completed
220825-00:54:21,276 nipype.interface INFO:
	 stdout 2022-08-25T00:54:21.276705:Tukey M = 13
220825-00:54:21,365 nipype.interface INFO:
	 stdout 2022-08-25T00:54:21.365309:Tukey estimates... Completed
220825-00:54:21,365 nipype.interface INFO:
	 stdout 2022-08-25T00:54:21.365309:Completed
220825-00:54:21,365 nipype.interface INFO:
	 stdout 2022-08-25T00:54:21.365309:Prewhitening and Computing PEs...
220825-00:54:21,365 nipype.interface INFO:
	 stdout 2022-08-25T00:54:21.365309:Percentage done:
220825-00:58:38,740 nipype.interface INFO:
	 stdout 2022-08-25T00:58:38.740668:1,2,3,4,5,6,7,8,9,10,11,12,13,14,15,16,17,18,19,20,21,22,23,24,25,26,27,28,29,30,31,32,33,34,35,36,37,38,39,40,41,42,43,44,45,46,47,48,49,50,51,52,53,54,55,56,57,58,59,60,61,62,63,64,65,66,67,68,69,70,71,72,73,74,75,76,77,78,79,80,81,82,83,84,85,86,87,88,89,90,91,92,93,94,95,96,97,98,99,Completed
220825-00:58:38,740 nipype.interface INFO:
	 stdout 2022-08-25T00:58:38.740668:Saving results... 
220825-00:59:02,91 nipype.interface INFO:
	 stdout 2022-08-25T00:59:02.091072:Completed
220825-00:59:02,243 nipype.workflow INFO:
	 [Node] Finished "_level1estimate0".
220825-00:59:02,249 nipype.workflow INFO:
	 [Node] Setting-up "_level1estimate1" in "/home/pw/projects/thesis/out/workflow/_subject_id_041/_roi_MFG/level1estimate/mapflow/_level1estimate1".
220825-00:59:02,258 nipype.workflow INFO:
	 [Node] Running "_level1estimate1" ("nipype.interfaces.fsl.model.FILMGLS"), a CommandLine Interface with command:
film_gls --ms=5 --rn=results --sa --con=/home/pw/projects/thesis/out/workflow/_subject_id_041/_roi_MFG/modelgen/mapflow/_modelgen1/run0.con --in=/home/pw/projects/thesis/out/workflow/_subject_id_041/smooth/mapflow/_smooth1/sub-041_task-game_run-2_space-MNI152NLin2009cAsym_desc-preproc_bold_masked_smooth.nii.gz --pd=/home/pw/projects/thesis/out/workflow/_subject_id_041/_roi_MFG/modelgen/mapflow/_modelgen1/run0.mat --thr=1000.000000
220825-00:59:02,297 nipype.interface INFO:
	 stdout 2022-08-25T00:59:02.297110:Log directory is: results
220825-00:59:13,493 nipype.interface INFO:
	 stdout 2022-08-25T00:59:13.493217:paradigm.getDesignMatrix().Nrows()=185
220825-00:59:13,493 nipype.interface INFO:
	 stdout 2022-08-25T00:59:13.493217:paradigm.getDesignMatrix().Ncols()=13
220825-00:59:13,493 nipype.interface INFO:
	 stdout 2022-08-25T00:59:13.493217:sizeTS=185
220825-00:59:13,493 nipype.interface INFO:
	 stdout 2022-08-25T00:59:13.493217:numTS=227513
220825-00:59:13,714 nipype.interface INFO:
	 stdout 2022-08-25T00:59:13.714433:Calculating residuals...
220825-01:00:11,814 nipype.interface INFO:
	 stdout 2022-08-25T01:00:11.814557:Completed
220825-01:00:11,814 nipype.interface INFO:
	 stdout 2022-08-25T01:00:11.814557:Estimating residual autocorrelation...
220825-01:00:28,324 nipype.interface INFO:
	 stdout 2022-08-25T01:00:28.324664:Calculating raw AutoCorrs... Completed
220825-01:00:28,350 nipype.interface INFO:
	 stdout 2022-08-25T01:00:28.350274:mode = 6437.45
220825-01:00:28,355 nipype.interface INFO:
	 stdout 2022-08-25T01:00:28.355024:sig = 792
220825-01:00:28,355 nipype.interface INFO:
	 stdout 2022-08-25T01:00:28.355183:Spatially smoothing auto corr estimates
220825-01:02:25,350 nipype.interface INFO:
	 stdout 2022-08-25T01:02:25.350492:............
220825-01:02:25,350 nipype.interface INFO:
	 stdout 2022-08-25T01:02:25.350492:Completed
220825-01:02:25,350 nipype.interface INFO:
	 stdout 2022-08-25T01:02:25.350925:Tukey M = 13
220825-01:02:25,439 nipype.interface INFO:
	 stdout 2022-08-25T01:02:25.439189:Tukey estimates... Completed
220825-01:02:25,439 nipype.interface INFO:
	 stdout 2022-08-25T01:02:25.439189:Completed
220825-01:02:25,439 nipype.interface INFO:
	 stdout 2022-08-25T01:02:25.439189:Prewhitening and Computing PEs...
220825-01:02:25,439 nipype.interface INFO:
	 stdout 2022-08-25T01:02:25.439189:Percentage done:
220825-01:06:40,59 nipype.interface INFO:
	 stdout 2022-08-25T01:06:40.059113:1,2,3,4,5,6,7,8,9,10,11,12,13,14,15,16,17,18,19,20,21,22,23,24,25,26,27,28,29,30,31,32,33,34,35,36,37,38,39,40,41,42,43,44,45,46,47,48,49,50,51,52,53,54,55,56,57,58,59,60,61,62,63,64,65,66,67,68,69,70,71,72,73,74,75,76,77,78,79,80,81,82,83,84,85,86,87,88,89,90,91,92,93,94,95,96,97,98,99,Completed
220825-01:06:40,59 nipype.interface INFO:
	 stdout 2022-08-25T01:06:40.059113:Saving results... 
220825-01:07:03,337 nipype.interface INFO:
	 stdout 2022-08-25T01:07:03.337229:Completed
220825-01:07:03,506 nipype.workflow INFO:
	 [Node] Finished "_level1estimate1".
220825-01:07:03,512 nipype.workflow INFO:
	 [Node] Setting-up "_level1estimate2" in "/home/pw/projects/thesis/out/workflow/_subject_id_041/_roi_MFG/level1estimate/mapflow/_level1estimate2".
220825-01:07:03,522 nipype.workflow INFO:
	 [Node] Running "_level1estimate2" ("nipype.interfaces.fsl.model.FILMGLS"), a CommandLine Interface with command:
film_gls --ms=5 --rn=results --sa --con=/home/pw/projects/thesis/out/workflow/_subject_id_041/_roi_MFG/modelgen/mapflow/_modelgen2/run0.con --in=/home/pw/projects/thesis/out/workflow/_subject_id_041/smooth/mapflow/_smooth2/sub-041_task-game_run-3_space-MNI152NLin2009cAsym_desc-preproc_bold_masked_smooth.nii.gz --pd=/home/pw/projects/thesis/out/workflow/_subject_id_041/_roi_MFG/modelgen/mapflow/_modelgen2/run0.mat --thr=1000.000000
220825-01:07:03,561 nipype.interface INFO:
	 stdout 2022-08-25T01:07:03.561800:Log directory is: results
220825-01:07:14,742 nipype.interface INFO:
	 stdout 2022-08-25T01:07:14.742132:paradigm.getDesignMatrix().Nrows()=185
220825-01:07:14,742 nipype.interface INFO:
	 stdout 2022-08-25T01:07:14.742132:paradigm.getDesignMatrix().Ncols()=13
220825-01:07:14,742 nipype.interface INFO:
	 stdout 2022-08-25T01:07:14.742132:sizeTS=185
220825-01:07:14,742 nipype.interface INFO:
	 stdout 2022-08-25T01:07:14.742132:numTS=227140
220825-01:07:14,962 nipype.interface INFO:
	 stdout 2022-08-25T01:07:14.962883:Calculating residuals...
220825-01:08:13,85 nipype.interface INFO:
	 stdout 2022-08-25T01:08:13.085401:Completed
220825-01:08:13,85 nipype.interface INFO:
	 stdout 2022-08-25T01:08:13.085401:Estimating residual autocorrelation...
220825-01:08:29,478 nipype.interface INFO:
	 stdout 2022-08-25T01:08:29.478690:Calculating raw AutoCorrs... Completed
220825-01:08:29,503 nipype.interface INFO:
	 stdout 2022-08-25T01:08:29.503756:mode = 6432.74
220825-01:08:29,508 nipype.interface INFO:
	 stdout 2022-08-25T01:08:29.508329:sig = 779
220825-01:08:29,508 nipype.interface INFO:
	 stdout 2022-08-25T01:08:29.508491:Spatially smoothing auto corr estimates
220825-01:10:26,587 nipype.interface INFO:
	 stdout 2022-08-25T01:10:26.587564:............
220825-01:10:26,587 nipype.interface INFO:
	 stdout 2022-08-25T01:10:26.587564:Completed
220825-01:10:26,588 nipype.interface INFO:
	 stdout 2022-08-25T01:10:26.587963:Tukey M = 13
220825-01:10:26,675 nipype.interface INFO:
	 stdout 2022-08-25T01:10:26.675815:Tukey estimates... Completed
220825-01:10:26,676 nipype.interface INFO:
	 stdout 2022-08-25T01:10:26.675815:Completed
220825-01:10:26,676 nipype.interface INFO:
	 stdout 2022-08-25T01:10:26.675815:Prewhitening and Computing PEs...
220825-01:10:26,676 nipype.interface INFO:
	 stdout 2022-08-25T01:10:26.675815:Percentage done:
220825-01:14:41,109 nipype.interface INFO:
	 stdout 2022-08-25T01:14:41.108923:1,2,3,4,5,6,7,8,9,10,11,12,13,14,15,16,17,18,19,20,21,22,23,24,25,26,27,28,29,30,31,32,33,34,35,36,37,38,39,40,41,42,43,44,45,46,47,48,49,50,51,52,53,54,55,56,57,58,59,60,61,62,63,64,65,66,67,68,69,70,71,72,73,74,75,76,77,78,79,80,81,82,83,84,85,86,87,88,89,90,91,92,93,94,95,96,97,98,99,Completed
220825-01:14:41,109 nipype.interface INFO:
	 stdout 2022-08-25T01:14:41.108923:Saving results... 
220825-01:15:04,330 nipype.interface INFO:
	 stdout 2022-08-25T01:15:04.330416:Completed
220825-01:15:04,500 nipype.workflow INFO:
	 [Node] Finished "_level1estimate2".
220825-01:15:04,509 nipype.workflow INFO:
	 [Node] Finished "workflow.level1estimate".
220825-01:15:04,510 nipype.workflow INFO:
	 [Node] Setting-up "workflow.get_predictors" in "/home/pw/projects/thesis/out/workflow/_subject_id_041/_roi_Cere/get_predictors".
220825-01:15:04,546 nipype.workflow INFO:
	 [Node] Setting-up "_get_predictors0" in "/home/pw/projects/thesis/out/workflow/_subject_id_041/_roi_Cere/get_predictors/mapflow/_get_predictors0".
220825-01:15:04,559 nipype.workflow INFO:
	 [Node] Running "_get_predictors0" ("nipype.interfaces.utility.wrappers.Function")
220825-01:15:04,648 nipype.workflow INFO:
	 [Node] Finished "_get_predictors0".
220825-01:15:04,651 nipype.workflow INFO:
	 [Node] Setting-up "_get_predictors1" in "/home/pw/projects/thesis/out/workflow/_subject_id_041/_roi_Cere/get_predictors/mapflow/_get_predictors1".
220825-01:15:04,663 nipype.workflow INFO:
	 [Node] Running "_get_predictors1" ("nipype.interfaces.utility.wrappers.Function")
220825-01:15:04,749 nipype.workflow INFO:
	 [Node] Finished "_get_predictors1".
220825-01:15:04,751 nipype.workflow INFO:
	 [Node] Setting-up "_get_predictors2" in "/home/pw/projects/thesis/out/workflow/_subject_id_041/_roi_Cere/get_predictors/mapflow/_get_predictors2".
220825-01:15:04,764 nipype.workflow INFO:
	 [Node] Running "_get_predictors2" ("nipype.interfaces.utility.wrappers.Function")
220825-01:15:04,868 nipype.workflow INFO:
	 [Node] Finished "_get_predictors2".
220825-01:15:05,0 nipype.workflow INFO:
	 [Node] Finished "workflow.get_predictors".
220825-01:15:05,0 nipype.workflow INFO:
	 [Node] Setting-up "workflow.get_subjinfo" in "/home/pw/projects/thesis/out/workflow/_subject_id_041/_roi_Cere/get_subjinfo".
220825-01:15:05,630 nipype.workflow INFO:
	 [Node] Setting-up "_get_subjinfo0" in "/home/pw/projects/thesis/out/workflow/_subject_id_041/_roi_Cere/get_subjinfo/mapflow/_get_subjinfo0".
220825-01:15:05,759 nipype.workflow INFO:
	 [Node] Running "_get_subjinfo0" ("nipype.interfaces.utility.wrappers.Function")
220825-01:15:05,856 nipype.workflow INFO:
	 [Node] Finished "_get_subjinfo0".
220825-01:15:05,859 nipype.workflow INFO:
	 [Node] Setting-up "_get_subjinfo1" in "/home/pw/projects/thesis/out/workflow/_subject_id_041/_roi_Cere/get_subjinfo/mapflow/_get_subjinfo1".
220825-01:15:05,989 nipype.workflow INFO:
	 [Node] Running "_get_subjinfo1" ("nipype.interfaces.utility.wrappers.Function")
220825-01:15:06,86 nipype.workflow INFO:
	 [Node] Finished "_get_subjinfo1".
220825-01:15:06,89 nipype.workflow INFO:
	 [Node] Setting-up "_get_subjinfo2" in "/home/pw/projects/thesis/out/workflow/_subject_id_041/_roi_Cere/get_subjinfo/mapflow/_get_subjinfo2".
220825-01:15:06,220 nipype.workflow INFO:
	 [Node] Running "_get_subjinfo2" ("nipype.interfaces.utility.wrappers.Function")
220825-01:15:06,318 nipype.workflow INFO:
	 [Node] Finished "_get_subjinfo2".
220825-01:15:06,597 nipype.workflow INFO:
	 [Node] Finished "workflow.get_subjinfo".
220825-01:15:06,597 nipype.workflow INFO:
	 [Node] Setting-up "workflow.modelspec" in "/home/pw/projects/thesis/out/workflow/_subject_id_041/_roi_Cere/modelspec".
220825-01:15:06,780 nipype.workflow INFO:
	 [Node] Setting-up "_modelspec0" in "/home/pw/projects/thesis/out/workflow/_subject_id_041/_roi_Cere/modelspec/mapflow/_modelspec0".
220825-01:15:06,823 nipype.workflow INFO:
	 [Node] Running "_modelspec0" ("nipype.algorithms.modelgen.SpecifyModel")
220825-01:15:06,936 nipype.workflow INFO:
	 [Node] Finished "_modelspec0".
220825-01:15:06,947 nipype.workflow INFO:
	 [Node] Setting-up "_modelspec1" in "/home/pw/projects/thesis/out/workflow/_subject_id_041/_roi_Cere/modelspec/mapflow/_modelspec1".
220825-01:15:06,991 nipype.workflow INFO:
	 [Node] Running "_modelspec1" ("nipype.algorithms.modelgen.SpecifyModel")
220825-01:15:07,104 nipype.workflow INFO:
	 [Node] Finished "_modelspec1".
220825-01:15:07,114 nipype.workflow INFO:
	 [Node] Setting-up "_modelspec2" in "/home/pw/projects/thesis/out/workflow/_subject_id_041/_roi_Cere/modelspec/mapflow/_modelspec2".
220825-01:15:07,178 nipype.workflow INFO:
	 [Node] Running "_modelspec2" ("nipype.algorithms.modelgen.SpecifyModel")
220825-01:15:07,292 nipype.workflow INFO:
	 [Node] Finished "_modelspec2".
220825-01:15:07,500 nipype.workflow INFO:
	 [Node] Finished "workflow.modelspec".
220825-01:15:07,501 nipype.workflow INFO:
	 [Node] Setting-up "workflow.level1design" in "/home/pw/projects/thesis/out/workflow/_subject_id_041/_roi_Cere/level1design".
220825-01:15:08,195 nipype.workflow INFO:
	 [Node] Setting-up "_level1design0" in "/home/pw/projects/thesis/out/workflow/_subject_id_041/_roi_Cere/level1design/mapflow/_level1design0".
220825-01:15:08,371 nipype.workflow INFO:
	 [Node] Running "_level1design0" ("nipype.interfaces.fsl.model.Level1Design")
220825-01:15:08,480 nipype.workflow INFO:
	 [Node] Finished "_level1design0".
220825-01:15:08,483 nipype.workflow INFO:
	 [Node] Setting-up "_level1design1" in "/home/pw/projects/thesis/out/workflow/_subject_id_041/_roi_Cere/level1design/mapflow/_level1design1".
220825-01:15:08,658 nipype.workflow INFO:
	 [Node] Running "_level1design1" ("nipype.interfaces.fsl.model.Level1Design")
220825-01:15:08,834 nipype.workflow INFO:
	 [Node] Finished "_level1design1".
220825-01:15:08,836 nipype.workflow INFO:
	 [Node] Setting-up "_level1design2" in "/home/pw/projects/thesis/out/workflow/_subject_id_041/_roi_Cere/level1design/mapflow/_level1design2".
220825-01:15:09,12 nipype.workflow INFO:
	 [Node] Running "_level1design2" ("nipype.interfaces.fsl.model.Level1Design")
220825-01:15:09,127 nipype.workflow INFO:
	 [Node] Finished "_level1design2".
220825-01:15:09,335 nipype.workflow INFO:
	 [Node] Finished "workflow.level1design".
220825-01:15:09,336 nipype.workflow INFO:
	 [Node] Setting-up "workflow.modelgen" in "/home/pw/projects/thesis/out/workflow/_subject_id_041/_roi_Cere/modelgen".
220825-01:15:09,369 nipype.workflow INFO:
	 [Node] Setting-up "_modelgen0" in "/home/pw/projects/thesis/out/workflow/_subject_id_041/_roi_Cere/modelgen/mapflow/_modelgen0".
220825-01:15:09,402 nipype.workflow INFO:
	 [Node] Running "_modelgen0" ("nipype.interfaces.fsl.model.FEATModel"), a CommandLine Interface with command:
feat_model run0 
220825-01:15:09,962 nipype.workflow INFO:
	 [Node] Finished "_modelgen0".
220825-01:15:09,965 nipype.workflow INFO:
	 [Node] Setting-up "_modelgen1" in "/home/pw/projects/thesis/out/workflow/_subject_id_041/_roi_Cere/modelgen/mapflow/_modelgen1".
220825-01:15:09,993 nipype.workflow INFO:
	 [Node] Running "_modelgen1" ("nipype.interfaces.fsl.model.FEATModel"), a CommandLine Interface with command:
feat_model run0 
220825-01:15:10,546 nipype.workflow INFO:
	 [Node] Finished "_modelgen1".
220825-01:15:10,549 nipype.workflow INFO:
	 [Node] Setting-up "_modelgen2" in "/home/pw/projects/thesis/out/workflow/_subject_id_041/_roi_Cere/modelgen/mapflow/_modelgen2".
220825-01:15:10,578 nipype.workflow INFO:
	 [Node] Running "_modelgen2" ("nipype.interfaces.fsl.model.FEATModel"), a CommandLine Interface with command:
feat_model run0 
220825-01:15:11,126 nipype.workflow INFO:
	 [Node] Finished "_modelgen2".
220825-01:15:11,134 nipype.workflow INFO:
	 [Node] Finished "workflow.modelgen".
220825-01:15:11,134 nipype.workflow INFO:
	 [Node] Setting-up "workflow.level1estimate" in "/home/pw/projects/thesis/out/workflow/_subject_id_041/_roi_Cere/level1estimate".
220825-01:15:11,153 nipype.workflow INFO:
	 [Node] Setting-up "_level1estimate0" in "/home/pw/projects/thesis/out/workflow/_subject_id_041/_roi_Cere/level1estimate/mapflow/_level1estimate0".
220825-01:15:11,183 nipype.workflow INFO:
	 [Node] Running "_level1estimate0" ("nipype.interfaces.fsl.model.FILMGLS"), a CommandLine Interface with command:
film_gls --ms=5 --rn=results --sa --con=/home/pw/projects/thesis/out/workflow/_subject_id_041/_roi_Cere/modelgen/mapflow/_modelgen0/run0.con --in=/home/pw/projects/thesis/out/workflow/_subject_id_041/smooth/mapflow/_smooth0/sub-041_task-game_run-1_space-MNI152NLin2009cAsym_desc-preproc_bold_masked_smooth.nii.gz --pd=/home/pw/projects/thesis/out/workflow/_subject_id_041/_roi_Cere/modelgen/mapflow/_modelgen0/run0.mat --thr=1000.000000
220825-01:15:11,222 nipype.interface INFO:
	 stdout 2022-08-25T01:15:11.222640:Log directory is: results
220825-01:15:22,420 nipype.interface INFO:
	 stdout 2022-08-25T01:15:22.419955:paradigm.getDesignMatrix().Nrows()=185
220825-01:15:22,420 nipype.interface INFO:
	 stdout 2022-08-25T01:15:22.419955:paradigm.getDesignMatrix().Ncols()=13
220825-01:15:22,420 nipype.interface INFO:
	 stdout 2022-08-25T01:15:22.419955:sizeTS=185
220825-01:15:22,420 nipype.interface INFO:
	 stdout 2022-08-25T01:15:22.419955:numTS=227936
220825-01:15:22,642 nipype.interface INFO:
	 stdout 2022-08-25T01:15:22.642326:Calculating residuals...
220825-01:16:19,910 nipype.interface INFO:
	 stdout 2022-08-25T01:16:19.910406:Completed
220825-01:16:19,910 nipype.interface INFO:
	 stdout 2022-08-25T01:16:19.910406:Estimating residual autocorrelation...
220825-01:16:36,429 nipype.interface INFO:
	 stdout 2022-08-25T01:16:36.429865:Calculating raw AutoCorrs... Completed
220825-01:16:36,455 nipype.interface INFO:
	 stdout 2022-08-25T01:16:36.455117:mode = 6538.5
220825-01:16:36,459 nipype.interface INFO:
	 stdout 2022-08-25T01:16:36.459467:sig = 745
220825-01:16:36,459 nipype.interface INFO:
	 stdout 2022-08-25T01:16:36.459642:Spatially smoothing auto corr estimates
220825-01:18:33,340 nipype.interface INFO:
	 stdout 2022-08-25T01:18:33.340511:............
220825-01:18:33,340 nipype.interface INFO:
	 stdout 2022-08-25T01:18:33.340511:Completed
220825-01:18:33,340 nipype.interface INFO:
	 stdout 2022-08-25T01:18:33.340906:Tukey M = 13
220825-01:18:33,429 nipype.interface INFO:
	 stdout 2022-08-25T01:18:33.429425:Tukey estimates... Completed
220825-01:18:33,429 nipype.interface INFO:
	 stdout 2022-08-25T01:18:33.429425:Completed
220825-01:18:33,429 nipype.interface INFO:
	 stdout 2022-08-25T01:18:33.429425:Prewhitening and Computing PEs...
220825-01:18:33,429 nipype.interface INFO:
	 stdout 2022-08-25T01:18:33.429425:Percentage done:
220825-01:22:48,613 nipype.interface INFO:
	 stdout 2022-08-25T01:22:48.613877:1,2,3,4,5,6,7,8,9,10,11,12,13,14,15,16,17,18,19,20,21,22,23,24,25,26,27,28,29,30,31,32,33,34,35,36,37,38,39,40,41,42,43,44,45,46,47,48,49,50,51,52,53,54,55,56,57,58,59,60,61,62,63,64,65,66,67,68,69,70,71,72,73,74,75,76,77,78,79,80,81,82,83,84,85,86,87,88,89,90,91,92,93,94,95,96,97,98,99,Completed
220825-01:22:48,614 nipype.interface INFO:
	 stdout 2022-08-25T01:22:48.613877:Saving results... 
220825-01:23:11,862 nipype.interface INFO:
	 stdout 2022-08-25T01:23:11.862346:Completed
220825-01:23:12,18 nipype.workflow INFO:
	 [Node] Finished "_level1estimate0".
220825-01:23:12,24 nipype.workflow INFO:
	 [Node] Setting-up "_level1estimate1" in "/home/pw/projects/thesis/out/workflow/_subject_id_041/_roi_Cere/level1estimate/mapflow/_level1estimate1".
220825-01:23:12,34 nipype.workflow INFO:
	 [Node] Running "_level1estimate1" ("nipype.interfaces.fsl.model.FILMGLS"), a CommandLine Interface with command:
film_gls --ms=5 --rn=results --sa --con=/home/pw/projects/thesis/out/workflow/_subject_id_041/_roi_Cere/modelgen/mapflow/_modelgen1/run0.con --in=/home/pw/projects/thesis/out/workflow/_subject_id_041/smooth/mapflow/_smooth1/sub-041_task-game_run-2_space-MNI152NLin2009cAsym_desc-preproc_bold_masked_smooth.nii.gz --pd=/home/pw/projects/thesis/out/workflow/_subject_id_041/_roi_Cere/modelgen/mapflow/_modelgen1/run0.mat --thr=1000.000000
220825-01:23:12,73 nipype.interface INFO:
	 stdout 2022-08-25T01:23:12.073763:Log directory is: results
220825-01:23:23,266 nipype.interface INFO:
	 stdout 2022-08-25T01:23:23.266370:paradigm.getDesignMatrix().Nrows()=185
220825-01:23:23,266 nipype.interface INFO:
	 stdout 2022-08-25T01:23:23.266370:paradigm.getDesignMatrix().Ncols()=13
220825-01:23:23,266 nipype.interface INFO:
	 stdout 2022-08-25T01:23:23.266370:sizeTS=185
220825-01:23:23,266 nipype.interface INFO:
	 stdout 2022-08-25T01:23:23.266370:numTS=227513
220825-01:23:23,487 nipype.interface INFO:
	 stdout 2022-08-25T01:23:23.487029:Calculating residuals...
220825-01:24:21,46 nipype.interface INFO:
	 stdout 2022-08-25T01:24:21.046175:Completed
220825-01:24:21,46 nipype.interface INFO:
	 stdout 2022-08-25T01:24:21.046175:Estimating residual autocorrelation...
220825-01:24:37,460 nipype.interface INFO:
	 stdout 2022-08-25T01:24:37.460629:Calculating raw AutoCorrs... Completed
220825-01:24:37,486 nipype.interface INFO:
	 stdout 2022-08-25T01:24:37.486054:mode = 6437.45
220825-01:24:37,490 nipype.interface INFO:
	 stdout 2022-08-25T01:24:37.490683:sig = 792
220825-01:24:37,490 nipype.interface INFO:
	 stdout 2022-08-25T01:24:37.490851:Spatially smoothing auto corr estimates
220825-01:26:34,479 nipype.interface INFO:
	 stdout 2022-08-25T01:26:34.479048:............
220825-01:26:34,479 nipype.interface INFO:
	 stdout 2022-08-25T01:26:34.479048:Completed
220825-01:26:34,479 nipype.interface INFO:
	 stdout 2022-08-25T01:26:34.479444:Tukey M = 13
220825-01:26:34,567 nipype.interface INFO:
	 stdout 2022-08-25T01:26:34.567362:Tukey estimates... Completed
220825-01:26:34,567 nipype.interface INFO:
	 stdout 2022-08-25T01:26:34.567362:Completed
220825-01:26:34,567 nipype.interface INFO:
	 stdout 2022-08-25T01:26:34.567362:Prewhitening and Computing PEs...
220825-01:26:34,567 nipype.interface INFO:
	 stdout 2022-08-25T01:26:34.567362:Percentage done:
220825-01:30:49,19 nipype.interface INFO:
	 stdout 2022-08-25T01:30:49.019572:1,2,3,4,5,6,7,8,9,10,11,12,13,14,15,16,17,18,19,20,21,22,23,24,25,26,27,28,29,30,31,32,33,34,35,36,37,38,39,40,41,42,43,44,45,46,47,48,49,50,51,52,53,54,55,56,57,58,59,60,61,62,63,64,65,66,67,68,69,70,71,72,73,74,75,76,77,78,79,80,81,82,83,84,85,86,87,88,89,90,91,92,93,94,95,96,97,98,99,Completed
220825-01:30:49,20 nipype.interface INFO:
	 stdout 2022-08-25T01:30:49.019572:Saving results... 
220825-01:31:12,288 nipype.interface INFO:
	 stdout 2022-08-25T01:31:12.288891:Completed
220825-01:31:12,455 nipype.workflow INFO:
	 [Node] Finished "_level1estimate1".
220825-01:31:12,462 nipype.workflow INFO:
	 [Node] Setting-up "_level1estimate2" in "/home/pw/projects/thesis/out/workflow/_subject_id_041/_roi_Cere/level1estimate/mapflow/_level1estimate2".
220825-01:31:12,472 nipype.workflow INFO:
	 [Node] Running "_level1estimate2" ("nipype.interfaces.fsl.model.FILMGLS"), a CommandLine Interface with command:
film_gls --ms=5 --rn=results --sa --con=/home/pw/projects/thesis/out/workflow/_subject_id_041/_roi_Cere/modelgen/mapflow/_modelgen2/run0.con --in=/home/pw/projects/thesis/out/workflow/_subject_id_041/smooth/mapflow/_smooth2/sub-041_task-game_run-3_space-MNI152NLin2009cAsym_desc-preproc_bold_masked_smooth.nii.gz --pd=/home/pw/projects/thesis/out/workflow/_subject_id_041/_roi_Cere/modelgen/mapflow/_modelgen2/run0.mat --thr=1000.000000
220825-01:31:12,510 nipype.interface INFO:
	 stdout 2022-08-25T01:31:12.510817:Log directory is: results
220825-01:31:23,697 nipype.interface INFO:
	 stdout 2022-08-25T01:31:23.697004:paradigm.getDesignMatrix().Nrows()=185
220825-01:31:23,697 nipype.interface INFO:
	 stdout 2022-08-25T01:31:23.697004:paradigm.getDesignMatrix().Ncols()=13
220825-01:31:23,697 nipype.interface INFO:
	 stdout 2022-08-25T01:31:23.697004:sizeTS=185
220825-01:31:23,697 nipype.interface INFO:
	 stdout 2022-08-25T01:31:23.697004:numTS=227140
220825-01:31:23,918 nipype.interface INFO:
	 stdout 2022-08-25T01:31:23.918492:Calculating residuals...
220825-01:32:21,722 nipype.interface INFO:
	 stdout 2022-08-25T01:32:21.722298:Completed
220825-01:32:21,722 nipype.interface INFO:
	 stdout 2022-08-25T01:32:21.722298:Estimating residual autocorrelation...
220825-01:32:38,115 nipype.interface INFO:
	 stdout 2022-08-25T01:32:38.114939:Calculating raw AutoCorrs... Completed
220825-01:32:38,140 nipype.interface INFO:
	 stdout 2022-08-25T01:32:38.139992:mode = 6432.74
220825-01:32:38,144 nipype.interface INFO:
	 stdout 2022-08-25T01:32:38.144438:sig = 779
220825-01:32:38,144 nipype.interface INFO:
	 stdout 2022-08-25T01:32:38.144606:Spatially smoothing auto corr estimates
220825-01:34:34,944 nipype.interface INFO:
	 stdout 2022-08-25T01:34:34.944275:............
220825-01:34:34,944 nipype.interface INFO:
	 stdout 2022-08-25T01:34:34.944275:Completed
220825-01:34:34,944 nipype.interface INFO:
	 stdout 2022-08-25T01:34:34.944937:Tukey M = 13
220825-01:34:35,45 nipype.interface INFO:
	 stdout 2022-08-25T01:34:35.045014:Tukey estimates... Completed
220825-01:34:35,45 nipype.interface INFO:
	 stdout 2022-08-25T01:34:35.045014:Completed
220825-01:34:35,45 nipype.interface INFO:
	 stdout 2022-08-25T01:34:35.045014:Prewhitening and Computing PEs...
220825-01:34:35,45 nipype.interface INFO:
	 stdout 2022-08-25T01:34:35.045014:Percentage done:
220825-01:38:50,272 nipype.interface INFO:
	 stdout 2022-08-25T01:38:50.272167:1,2,3,4,5,6,7,8,9,10,11,12,13,14,15,16,17,18,19,20,21,22,23,24,25,26,27,28,29,30,31,32,33,34,35,36,37,38,39,40,41,42,43,44,45,46,47,48,49,50,51,52,53,54,55,56,57,58,59,60,61,62,63,64,65,66,67,68,69,70,71,72,73,74,75,76,77,78,79,80,81,82,83,84,85,86,87,88,89,90,91,92,93,94,95,96,97,98,99,Completed
220825-01:38:50,272 nipype.interface INFO:
	 stdout 2022-08-25T01:38:50.272167:Saving results... 
220825-01:39:13,510 nipype.interface INFO:
	 stdout 2022-08-25T01:39:13.510151:Completed
220825-01:39:13,681 nipype.workflow INFO:
	 [Node] Finished "_level1estimate2".
220825-01:39:13,690 nipype.workflow INFO:
	 [Node] Finished "workflow.level1estimate".
220825-01:39:13,691 nipype.workflow INFO:
	 [Node] Setting-up "workflow.get_predictors" in "/home/pw/projects/thesis/out/workflow/_subject_id_041/_roi_FFGm/get_predictors".
220825-01:39:13,726 nipype.workflow INFO:
	 [Node] Setting-up "_get_predictors0" in "/home/pw/projects/thesis/out/workflow/_subject_id_041/_roi_FFGm/get_predictors/mapflow/_get_predictors0".
220825-01:39:13,758 nipype.workflow INFO:
	 [Node] Running "_get_predictors0" ("nipype.interfaces.utility.wrappers.Function")
220825-01:39:13,849 nipype.workflow INFO:
	 [Node] Finished "_get_predictors0".
220825-01:39:13,851 nipype.workflow INFO:
	 [Node] Setting-up "_get_predictors1" in "/home/pw/projects/thesis/out/workflow/_subject_id_041/_roi_FFGm/get_predictors/mapflow/_get_predictors1".
220825-01:39:13,865 nipype.workflow INFO:
	 [Node] Running "_get_predictors1" ("nipype.interfaces.utility.wrappers.Function")
220825-01:39:13,954 nipype.workflow INFO:
	 [Node] Finished "_get_predictors1".
220825-01:39:13,956 nipype.workflow INFO:
	 [Node] Setting-up "_get_predictors2" in "/home/pw/projects/thesis/out/workflow/_subject_id_041/_roi_FFGm/get_predictors/mapflow/_get_predictors2".
220825-01:39:13,970 nipype.workflow INFO:
	 [Node] Running "_get_predictors2" ("nipype.interfaces.utility.wrappers.Function")
220825-01:39:14,60 nipype.workflow INFO:
	 [Node] Finished "_get_predictors2".
220825-01:39:14,191 nipype.workflow INFO:
	 [Node] Finished "workflow.get_predictors".
220825-01:39:14,192 nipype.workflow INFO:
	 [Node] Setting-up "workflow.get_subjinfo" in "/home/pw/projects/thesis/out/workflow/_subject_id_041/_roi_FFGm/get_subjinfo".
220825-01:39:14,793 nipype.workflow INFO:
	 [Node] Setting-up "_get_subjinfo0" in "/home/pw/projects/thesis/out/workflow/_subject_id_041/_roi_FFGm/get_subjinfo/mapflow/_get_subjinfo0".
220825-01:39:14,923 nipype.workflow INFO:
	 [Node] Running "_get_subjinfo0" ("nipype.interfaces.utility.wrappers.Function")
220825-01:39:15,21 nipype.workflow INFO:
	 [Node] Finished "_get_subjinfo0".
220825-01:39:15,23 nipype.workflow INFO:
	 [Node] Setting-up "_get_subjinfo1" in "/home/pw/projects/thesis/out/workflow/_subject_id_041/_roi_FFGm/get_subjinfo/mapflow/_get_subjinfo1".
220825-01:39:15,152 nipype.workflow INFO:
	 [Node] Running "_get_subjinfo1" ("nipype.interfaces.utility.wrappers.Function")
220825-01:39:15,248 nipype.workflow INFO:
	 [Node] Finished "_get_subjinfo1".
220825-01:39:15,251 nipype.workflow INFO:
	 [Node] Setting-up "_get_subjinfo2" in "/home/pw/projects/thesis/out/workflow/_subject_id_041/_roi_FFGm/get_subjinfo/mapflow/_get_subjinfo2".
220825-01:39:15,381 nipype.workflow INFO:
	 [Node] Running "_get_subjinfo2" ("nipype.interfaces.utility.wrappers.Function")
220825-01:39:15,479 nipype.workflow INFO:
	 [Node] Finished "_get_subjinfo2".
220825-01:39:15,773 nipype.workflow INFO:
	 [Node] Finished "workflow.get_subjinfo".
220825-01:39:15,773 nipype.workflow INFO:
	 [Node] Setting-up "workflow.modelspec" in "/home/pw/projects/thesis/out/workflow/_subject_id_041/_roi_FFGm/modelspec".
220825-01:39:15,938 nipype.workflow INFO:
	 [Node] Setting-up "_modelspec0" in "/home/pw/projects/thesis/out/workflow/_subject_id_041/_roi_FFGm/modelspec/mapflow/_modelspec0".
220825-01:39:15,979 nipype.workflow INFO:
	 [Node] Running "_modelspec0" ("nipype.algorithms.modelgen.SpecifyModel")
220825-01:39:16,92 nipype.workflow INFO:
	 [Node] Finished "_modelspec0".
220825-01:39:16,102 nipype.workflow INFO:
	 [Node] Setting-up "_modelspec1" in "/home/pw/projects/thesis/out/workflow/_subject_id_041/_roi_FFGm/modelspec/mapflow/_modelspec1".
220825-01:39:16,175 nipype.workflow INFO:
	 [Node] Running "_modelspec1" ("nipype.algorithms.modelgen.SpecifyModel")
220825-01:39:16,288 nipype.workflow INFO:
	 [Node] Finished "_modelspec1".
220825-01:39:16,298 nipype.workflow INFO:
	 [Node] Setting-up "_modelspec2" in "/home/pw/projects/thesis/out/workflow/_subject_id_041/_roi_FFGm/modelspec/mapflow/_modelspec2".
220825-01:39:16,339 nipype.workflow INFO:
	 [Node] Running "_modelspec2" ("nipype.algorithms.modelgen.SpecifyModel")
220825-01:39:16,454 nipype.workflow INFO:
	 [Node] Finished "_modelspec2".
220825-01:39:16,659 nipype.workflow INFO:
	 [Node] Finished "workflow.modelspec".
220825-01:39:16,660 nipype.workflow INFO:
	 [Node] Setting-up "workflow.level1design" in "/home/pw/projects/thesis/out/workflow/_subject_id_041/_roi_FFGm/level1design".
220825-01:39:17,319 nipype.workflow INFO:
	 [Node] Setting-up "_level1design0" in "/home/pw/projects/thesis/out/workflow/_subject_id_041/_roi_FFGm/level1design/mapflow/_level1design0".
220825-01:39:17,493 nipype.workflow INFO:
	 [Node] Running "_level1design0" ("nipype.interfaces.fsl.model.Level1Design")
220825-01:39:17,623 nipype.workflow INFO:
	 [Node] Finished "_level1design0".
220825-01:39:17,625 nipype.workflow INFO:
	 [Node] Setting-up "_level1design1" in "/home/pw/projects/thesis/out/workflow/_subject_id_041/_roi_FFGm/level1design/mapflow/_level1design1".
220825-01:39:17,800 nipype.workflow INFO:
	 [Node] Running "_level1design1" ("nipype.interfaces.fsl.model.Level1Design")
220825-01:39:17,904 nipype.workflow INFO:
	 [Node] Finished "_level1design1".
220825-01:39:17,906 nipype.workflow INFO:
	 [Node] Setting-up "_level1design2" in "/home/pw/projects/thesis/out/workflow/_subject_id_041/_roi_FFGm/level1design/mapflow/_level1design2".
220825-01:39:18,79 nipype.workflow INFO:
	 [Node] Running "_level1design2" ("nipype.interfaces.fsl.model.Level1Design")
220825-01:39:18,181 nipype.workflow INFO:
	 [Node] Finished "_level1design2".
220825-01:39:18,382 nipype.workflow INFO:
	 [Node] Finished "workflow.level1design".
220825-01:39:18,382 nipype.workflow INFO:
	 [Node] Setting-up "workflow.modelgen" in "/home/pw/projects/thesis/out/workflow/_subject_id_041/_roi_FFGm/modelgen".
220825-01:39:18,411 nipype.workflow INFO:
	 [Node] Setting-up "_modelgen0" in "/home/pw/projects/thesis/out/workflow/_subject_id_041/_roi_FFGm/modelgen/mapflow/_modelgen0".
220825-01:39:18,434 nipype.workflow INFO:
	 [Node] Running "_modelgen0" ("nipype.interfaces.fsl.model.FEATModel"), a CommandLine Interface with command:
feat_model run0 
220825-01:39:18,993 nipype.workflow INFO:
	 [Node] Finished "_modelgen0".
220825-01:39:18,996 nipype.workflow INFO:
	 [Node] Setting-up "_modelgen1" in "/home/pw/projects/thesis/out/workflow/_subject_id_041/_roi_FFGm/modelgen/mapflow/_modelgen1".
220825-01:39:19,24 nipype.workflow INFO:
	 [Node] Running "_modelgen1" ("nipype.interfaces.fsl.model.FEATModel"), a CommandLine Interface with command:
feat_model run0 
220825-01:39:19,572 nipype.workflow INFO:
	 [Node] Finished "_modelgen1".
220825-01:39:19,576 nipype.workflow INFO:
	 [Node] Setting-up "_modelgen2" in "/home/pw/projects/thesis/out/workflow/_subject_id_041/_roi_FFGm/modelgen/mapflow/_modelgen2".
220825-01:39:19,604 nipype.workflow INFO:
	 [Node] Running "_modelgen2" ("nipype.interfaces.fsl.model.FEATModel"), a CommandLine Interface with command:
feat_model run0 
220825-01:39:20,169 nipype.workflow INFO:
	 [Node] Finished "_modelgen2".
220825-01:39:20,177 nipype.workflow INFO:
	 [Node] Finished "workflow.modelgen".
220825-01:39:20,177 nipype.workflow INFO:
	 [Node] Setting-up "workflow.level1estimate" in "/home/pw/projects/thesis/out/workflow/_subject_id_041/_roi_FFGm/level1estimate".
220825-01:39:20,195 nipype.workflow INFO:
	 [Node] Setting-up "_level1estimate0" in "/home/pw/projects/thesis/out/workflow/_subject_id_041/_roi_FFGm/level1estimate/mapflow/_level1estimate0".
220825-01:39:20,206 nipype.workflow INFO:
	 [Node] Running "_level1estimate0" ("nipype.interfaces.fsl.model.FILMGLS"), a CommandLine Interface with command:
film_gls --ms=5 --rn=results --sa --con=/home/pw/projects/thesis/out/workflow/_subject_id_041/_roi_FFGm/modelgen/mapflow/_modelgen0/run0.con --in=/home/pw/projects/thesis/out/workflow/_subject_id_041/smooth/mapflow/_smooth0/sub-041_task-game_run-1_space-MNI152NLin2009cAsym_desc-preproc_bold_masked_smooth.nii.gz --pd=/home/pw/projects/thesis/out/workflow/_subject_id_041/_roi_FFGm/modelgen/mapflow/_modelgen0/run0.mat --thr=1000.000000
220825-01:39:20,246 nipype.interface INFO:
	 stdout 2022-08-25T01:39:20.245966:Log directory is: results
220825-01:39:31,433 nipype.interface INFO:
	 stdout 2022-08-25T01:39:31.433120:paradigm.getDesignMatrix().Nrows()=185
220825-01:39:31,433 nipype.interface INFO:
	 stdout 2022-08-25T01:39:31.433120:paradigm.getDesignMatrix().Ncols()=13
220825-01:39:31,433 nipype.interface INFO:
	 stdout 2022-08-25T01:39:31.433120:sizeTS=185
220825-01:39:31,433 nipype.interface INFO:
	 stdout 2022-08-25T01:39:31.433120:numTS=227936
220825-01:39:31,654 nipype.interface INFO:
	 stdout 2022-08-25T01:39:31.654371:Calculating residuals...
220825-01:40:30,308 nipype.interface INFO:
	 stdout 2022-08-25T01:40:30.308231:Completed
220825-01:40:30,308 nipype.interface INFO:
	 stdout 2022-08-25T01:40:30.308231:Estimating residual autocorrelation...
220825-01:40:46,757 nipype.interface INFO:
	 stdout 2022-08-25T01:40:46.757200:Calculating raw AutoCorrs... Completed
220825-01:40:46,783 nipype.interface INFO:
	 stdout 2022-08-25T01:40:46.783310:mode = 6538.5
220825-01:40:46,787 nipype.interface INFO:
	 stdout 2022-08-25T01:40:46.787659:sig = 745
220825-01:40:46,787 nipype.interface INFO:
	 stdout 2022-08-25T01:40:46.787823:Spatially smoothing auto corr estimates
220825-01:42:43,105 nipype.interface INFO:
	 stdout 2022-08-25T01:42:43.105003:............
220825-01:42:43,105 nipype.interface INFO:
	 stdout 2022-08-25T01:42:43.105003:Completed
220825-01:42:43,105 nipype.interface INFO:
	 stdout 2022-08-25T01:42:43.105463:Tukey M = 13
220825-01:42:43,194 nipype.interface INFO:
	 stdout 2022-08-25T01:42:43.194496:Tukey estimates... Completed
220825-01:42:43,194 nipype.interface INFO:
	 stdout 2022-08-25T01:42:43.194496:Completed
220825-01:42:43,194 nipype.interface INFO:
	 stdout 2022-08-25T01:42:43.194496:Prewhitening and Computing PEs...
220825-01:42:43,194 nipype.interface INFO:
	 stdout 2022-08-25T01:42:43.194496:Percentage done:
220825-01:46:56,882 nipype.interface INFO:
	 stdout 2022-08-25T01:46:56.881976:1,2,3,4,5,6,7,8,9,10,11,12,13,14,15,16,17,18,19,20,21,22,23,24,25,26,27,28,29,30,31,32,33,34,35,36,37,38,39,40,41,42,43,44,45,46,47,48,49,50,51,52,53,54,55,56,57,58,59,60,61,62,63,64,65,66,67,68,69,70,71,72,73,74,75,76,77,78,79,80,81,82,83,84,85,86,87,88,89,90,91,92,93,94,95,96,97,98,99,Completed
220825-01:46:56,882 nipype.interface INFO:
	 stdout 2022-08-25T01:46:56.881976:Saving results... 
220825-01:47:20,78 nipype.interface INFO:
	 stdout 2022-08-25T01:47:20.078487:Completed
220825-01:47:20,233 nipype.workflow INFO:
	 [Node] Finished "_level1estimate0".
220825-01:47:20,239 nipype.workflow INFO:
	 [Node] Setting-up "_level1estimate1" in "/home/pw/projects/thesis/out/workflow/_subject_id_041/_roi_FFGm/level1estimate/mapflow/_level1estimate1".
220825-01:47:20,253 nipype.workflow INFO:
	 [Node] Running "_level1estimate1" ("nipype.interfaces.fsl.model.FILMGLS"), a CommandLine Interface with command:
film_gls --ms=5 --rn=results --sa --con=/home/pw/projects/thesis/out/workflow/_subject_id_041/_roi_FFGm/modelgen/mapflow/_modelgen1/run0.con --in=/home/pw/projects/thesis/out/workflow/_subject_id_041/smooth/mapflow/_smooth1/sub-041_task-game_run-2_space-MNI152NLin2009cAsym_desc-preproc_bold_masked_smooth.nii.gz --pd=/home/pw/projects/thesis/out/workflow/_subject_id_041/_roi_FFGm/modelgen/mapflow/_modelgen1/run0.mat --thr=1000.000000
220825-01:47:20,293 nipype.interface INFO:
	 stdout 2022-08-25T01:47:20.293239:Log directory is: results
220825-01:47:31,480 nipype.interface INFO:
	 stdout 2022-08-25T01:47:31.480479:paradigm.getDesignMatrix().Nrows()=185
220825-01:47:31,480 nipype.interface INFO:
	 stdout 2022-08-25T01:47:31.480479:paradigm.getDesignMatrix().Ncols()=13
220825-01:47:31,480 nipype.interface INFO:
	 stdout 2022-08-25T01:47:31.480479:sizeTS=185
220825-01:47:31,480 nipype.interface INFO:
	 stdout 2022-08-25T01:47:31.480479:numTS=227513
220825-01:47:31,701 nipype.interface INFO:
	 stdout 2022-08-25T01:47:31.700984:Calculating residuals...
220825-01:48:29,784 nipype.interface INFO:
	 stdout 2022-08-25T01:48:29.784382:Completed
220825-01:48:29,784 nipype.interface INFO:
	 stdout 2022-08-25T01:48:29.784382:Estimating residual autocorrelation...
220825-01:48:46,702 nipype.interface INFO:
	 stdout 2022-08-25T01:48:46.702869:Calculating raw AutoCorrs... Completed
220825-01:48:46,729 nipype.interface INFO:
	 stdout 2022-08-25T01:48:46.729111:mode = 6437.45
220825-01:48:46,733 nipype.interface INFO:
	 stdout 2022-08-25T01:48:46.733618:sig = 792
220825-01:48:46,733 nipype.interface INFO:
	 stdout 2022-08-25T01:48:46.733780:Spatially smoothing auto corr estimates
220825-01:50:42,911 nipype.interface INFO:
	 stdout 2022-08-25T01:50:42.911011:............
220825-01:50:42,911 nipype.interface INFO:
	 stdout 2022-08-25T01:50:42.911011:Completed
220825-01:50:42,911 nipype.interface INFO:
	 stdout 2022-08-25T01:50:42.911590:Tukey M = 13
220825-01:50:42,999 nipype.interface INFO:
	 stdout 2022-08-25T01:50:42.999736:Tukey estimates... Completed
220825-01:50:43,0 nipype.interface INFO:
	 stdout 2022-08-25T01:50:42.999736:Completed
220825-01:50:43,0 nipype.interface INFO:
	 stdout 2022-08-25T01:50:42.999736:Prewhitening and Computing PEs...
220825-01:50:43,0 nipype.interface INFO:
	 stdout 2022-08-25T01:50:42.999736:Percentage done:
220825-01:54:58,646 nipype.interface INFO:
	 stdout 2022-08-25T01:54:58.646328:1,2,3,4,5,6,7,8,9,10,11,12,13,14,15,16,17,18,19,20,21,22,23,24,25,26,27,28,29,30,31,32,33,34,35,36,37,38,39,40,41,42,43,44,45,46,47,48,49,50,51,52,53,54,55,56,57,58,59,60,61,62,63,64,65,66,67,68,69,70,71,72,73,74,75,76,77,78,79,80,81,82,83,84,85,86,87,88,89,90,91,92,93,94,95,96,97,98,99,Completed
220825-01:54:58,646 nipype.interface INFO:
	 stdout 2022-08-25T01:54:58.646328:Saving results... 
220825-01:55:22,340 nipype.interface INFO:
	 stdout 2022-08-25T01:55:22.340438:Completed
220825-01:55:22,539 nipype.workflow INFO:
	 [Node] Finished "_level1estimate1".
220825-01:55:22,545 nipype.workflow INFO:
	 [Node] Setting-up "_level1estimate2" in "/home/pw/projects/thesis/out/workflow/_subject_id_041/_roi_FFGm/level1estimate/mapflow/_level1estimate2".
220825-01:55:22,557 nipype.workflow INFO:
	 [Node] Running "_level1estimate2" ("nipype.interfaces.fsl.model.FILMGLS"), a CommandLine Interface with command:
film_gls --ms=5 --rn=results --sa --con=/home/pw/projects/thesis/out/workflow/_subject_id_041/_roi_FFGm/modelgen/mapflow/_modelgen2/run0.con --in=/home/pw/projects/thesis/out/workflow/_subject_id_041/smooth/mapflow/_smooth2/sub-041_task-game_run-3_space-MNI152NLin2009cAsym_desc-preproc_bold_masked_smooth.nii.gz --pd=/home/pw/projects/thesis/out/workflow/_subject_id_041/_roi_FFGm/modelgen/mapflow/_modelgen2/run0.mat --thr=1000.000000
220825-01:55:22,596 nipype.interface INFO:
	 stdout 2022-08-25T01:55:22.596576:Log directory is: results
220825-01:55:33,797 nipype.interface INFO:
	 stdout 2022-08-25T01:55:33.797776:paradigm.getDesignMatrix().Nrows()=185
220825-01:55:33,798 nipype.interface INFO:
	 stdout 2022-08-25T01:55:33.797776:paradigm.getDesignMatrix().Ncols()=13
220825-01:55:33,798 nipype.interface INFO:
	 stdout 2022-08-25T01:55:33.797776:sizeTS=185
220825-01:55:33,798 nipype.interface INFO:
	 stdout 2022-08-25T01:55:33.797776:numTS=227140
220825-01:55:34,21 nipype.interface INFO:
	 stdout 2022-08-25T01:55:34.021162:Calculating residuals...
220825-01:56:32,400 nipype.interface INFO:
	 stdout 2022-08-25T01:56:32.400312:Completed
220825-01:56:32,400 nipype.interface INFO:
	 stdout 2022-08-25T01:56:32.400312:Estimating residual autocorrelation...
220825-01:56:49,333 nipype.interface INFO:
	 stdout 2022-08-25T01:56:49.333186:Calculating raw AutoCorrs... Completed
220825-01:56:49,360 nipype.interface INFO:
	 stdout 2022-08-25T01:56:49.360325:mode = 6432.74
220825-01:56:49,364 nipype.interface INFO:
	 stdout 2022-08-25T01:56:49.364862:sig = 779
220825-01:56:49,365 nipype.interface INFO:
	 stdout 2022-08-25T01:56:49.365027:Spatially smoothing auto corr estimates
220825-01:58:45,188 nipype.interface INFO:
	 stdout 2022-08-25T01:58:45.188573:............
220825-01:58:45,189 nipype.interface INFO:
	 stdout 2022-08-25T01:58:45.188573:Completed
220825-01:58:45,189 nipype.interface INFO:
	 stdout 2022-08-25T01:58:45.189546:Tukey M = 13
220825-01:58:45,278 nipype.interface INFO:
	 stdout 2022-08-25T01:58:45.277889:Tukey estimates... Completed
220825-01:58:45,278 nipype.interface INFO:
	 stdout 2022-08-25T01:58:45.277889:Completed
220825-01:58:45,278 nipype.interface INFO:
	 stdout 2022-08-25T01:58:45.277889:Prewhitening and Computing PEs...
220825-01:58:45,278 nipype.interface INFO:
	 stdout 2022-08-25T01:58:45.277889:Percentage done:
220825-02:03:00,372 nipype.interface INFO:
	 stdout 2022-08-25T02:03:00.372402:1,2,3,4,5,6,7,8,9,10,11,12,13,14,15,16,17,18,19,20,21,22,23,24,25,26,27,28,29,30,31,32,33,34,35,36,37,38,39,40,41,42,43,44,45,46,47,48,49,50,51,52,53,54,55,56,57,58,59,60,61,62,63,64,65,66,67,68,69,70,71,72,73,74,75,76,77,78,79,80,81,82,83,84,85,86,87,88,89,90,91,92,93,94,95,96,97,98,99,Completed
220825-02:03:00,372 nipype.interface INFO:
	 stdout 2022-08-25T02:03:00.372402:Saving results... 
220825-02:03:24,158 nipype.interface INFO:
	 stdout 2022-08-25T02:03:24.158718:Completed
220825-02:03:24,365 nipype.workflow INFO:
	 [Node] Finished "_level1estimate2".
220825-02:03:24,374 nipype.workflow INFO:
	 [Node] Finished "workflow.level1estimate".
220825-02:03:24,374 nipype.workflow INFO:
	 [Node] Setting-up "workflow.get_predictors" in "/home/pw/projects/thesis/out/workflow/_subject_id_041/_roi_FFGl/get_predictors".
220825-02:03:24,410 nipype.workflow INFO:
	 [Node] Setting-up "_get_predictors0" in "/home/pw/projects/thesis/out/workflow/_subject_id_041/_roi_FFGl/get_predictors/mapflow/_get_predictors0".
220825-02:03:24,425 nipype.workflow INFO:
	 [Node] Running "_get_predictors0" ("nipype.interfaces.utility.wrappers.Function")
220825-02:03:24,517 nipype.workflow INFO:
	 [Node] Finished "_get_predictors0".
220825-02:03:24,520 nipype.workflow INFO:
	 [Node] Setting-up "_get_predictors1" in "/home/pw/projects/thesis/out/workflow/_subject_id_041/_roi_FFGl/get_predictors/mapflow/_get_predictors1".
220825-02:03:24,535 nipype.workflow INFO:
	 [Node] Running "_get_predictors1" ("nipype.interfaces.utility.wrappers.Function")
220825-02:03:24,624 nipype.workflow INFO:
	 [Node] Finished "_get_predictors1".
220825-02:03:24,627 nipype.workflow INFO:
	 [Node] Setting-up "_get_predictors2" in "/home/pw/projects/thesis/out/workflow/_subject_id_041/_roi_FFGl/get_predictors/mapflow/_get_predictors2".
220825-02:03:24,640 nipype.workflow INFO:
	 [Node] Running "_get_predictors2" ("nipype.interfaces.utility.wrappers.Function")
220825-02:03:24,728 nipype.workflow INFO:
	 [Node] Finished "_get_predictors2".
220825-02:03:24,861 nipype.workflow INFO:
	 [Node] Finished "workflow.get_predictors".
220825-02:03:24,861 nipype.workflow INFO:
	 [Node] Setting-up "workflow.get_subjinfo" in "/home/pw/projects/thesis/out/workflow/_subject_id_041/_roi_FFGl/get_subjinfo".
220825-02:03:25,464 nipype.workflow INFO:
	 [Node] Setting-up "_get_subjinfo0" in "/home/pw/projects/thesis/out/workflow/_subject_id_041/_roi_FFGl/get_subjinfo/mapflow/_get_subjinfo0".
220825-02:03:25,593 nipype.workflow INFO:
	 [Node] Running "_get_subjinfo0" ("nipype.interfaces.utility.wrappers.Function")
220825-02:03:25,691 nipype.workflow INFO:
	 [Node] Finished "_get_subjinfo0".
220825-02:03:25,694 nipype.workflow INFO:
	 [Node] Setting-up "_get_subjinfo1" in "/home/pw/projects/thesis/out/workflow/_subject_id_041/_roi_FFGl/get_subjinfo/mapflow/_get_subjinfo1".
220825-02:03:25,825 nipype.workflow INFO:
	 [Node] Running "_get_subjinfo1" ("nipype.interfaces.utility.wrappers.Function")
220825-02:03:25,923 nipype.workflow INFO:
	 [Node] Finished "_get_subjinfo1".
220825-02:03:25,925 nipype.workflow INFO:
	 [Node] Setting-up "_get_subjinfo2" in "/home/pw/projects/thesis/out/workflow/_subject_id_041/_roi_FFGl/get_subjinfo/mapflow/_get_subjinfo2".
220825-02:03:26,54 nipype.workflow INFO:
	 [Node] Running "_get_subjinfo2" ("nipype.interfaces.utility.wrappers.Function")
220825-02:03:26,152 nipype.workflow INFO:
	 [Node] Finished "_get_subjinfo2".
220825-02:03:26,432 nipype.workflow INFO:
	 [Node] Finished "workflow.get_subjinfo".
220825-02:03:26,432 nipype.workflow INFO:
	 [Node] Setting-up "workflow.modelspec" in "/home/pw/projects/thesis/out/workflow/_subject_id_041/_roi_FFGl/modelspec".
220825-02:03:26,598 nipype.workflow INFO:
	 [Node] Setting-up "_modelspec0" in "/home/pw/projects/thesis/out/workflow/_subject_id_041/_roi_FFGl/modelspec/mapflow/_modelspec0".
220825-02:03:26,639 nipype.workflow INFO:
	 [Node] Running "_modelspec0" ("nipype.algorithms.modelgen.SpecifyModel")
220825-02:03:26,751 nipype.workflow INFO:
	 [Node] Finished "_modelspec0".
220825-02:03:26,762 nipype.workflow INFO:
	 [Node] Setting-up "_modelspec1" in "/home/pw/projects/thesis/out/workflow/_subject_id_041/_roi_FFGl/modelspec/mapflow/_modelspec1".
220825-02:03:26,802 nipype.workflow INFO:
	 [Node] Running "_modelspec1" ("nipype.algorithms.modelgen.SpecifyModel")
220825-02:03:26,914 nipype.workflow INFO:
	 [Node] Finished "_modelspec1".
220825-02:03:26,926 nipype.workflow INFO:
	 [Node] Setting-up "_modelspec2" in "/home/pw/projects/thesis/out/workflow/_subject_id_041/_roi_FFGl/modelspec/mapflow/_modelspec2".
220825-02:03:26,968 nipype.workflow INFO:
	 [Node] Running "_modelspec2" ("nipype.algorithms.modelgen.SpecifyModel")
220825-02:03:27,83 nipype.workflow INFO:
	 [Node] Finished "_modelspec2".
220825-02:03:27,274 nipype.workflow INFO:
	 [Node] Finished "workflow.modelspec".
220825-02:03:27,274 nipype.workflow INFO:
	 [Node] Setting-up "workflow.level1design" in "/home/pw/projects/thesis/out/workflow/_subject_id_041/_roi_FFGl/level1design".
220825-02:03:27,933 nipype.workflow INFO:
	 [Node] Setting-up "_level1design0" in "/home/pw/projects/thesis/out/workflow/_subject_id_041/_roi_FFGl/level1design/mapflow/_level1design0".
220825-02:03:28,107 nipype.workflow INFO:
	 [Node] Running "_level1design0" ("nipype.interfaces.fsl.model.Level1Design")
220825-02:03:28,213 nipype.workflow INFO:
	 [Node] Finished "_level1design0".
220825-02:03:28,216 nipype.workflow INFO:
	 [Node] Setting-up "_level1design1" in "/home/pw/projects/thesis/out/workflow/_subject_id_041/_roi_FFGl/level1design/mapflow/_level1design1".
220825-02:03:28,391 nipype.workflow INFO:
	 [Node] Running "_level1design1" ("nipype.interfaces.fsl.model.Level1Design")
220825-02:03:28,502 nipype.workflow INFO:
	 [Node] Finished "_level1design1".
220825-02:03:28,504 nipype.workflow INFO:
	 [Node] Setting-up "_level1design2" in "/home/pw/projects/thesis/out/workflow/_subject_id_041/_roi_FFGl/level1design/mapflow/_level1design2".
220825-02:03:28,682 nipype.workflow INFO:
	 [Node] Running "_level1design2" ("nipype.interfaces.fsl.model.Level1Design")
220825-02:03:28,803 nipype.workflow INFO:
	 [Node] Finished "_level1design2".
220825-02:03:28,989 nipype.workflow INFO:
	 [Node] Finished "workflow.level1design".
220825-02:03:28,990 nipype.workflow INFO:
	 [Node] Setting-up "workflow.modelgen" in "/home/pw/projects/thesis/out/workflow/_subject_id_041/_roi_FFGl/modelgen".
220825-02:03:29,20 nipype.workflow INFO:
	 [Node] Setting-up "_modelgen0" in "/home/pw/projects/thesis/out/workflow/_subject_id_041/_roi_FFGl/modelgen/mapflow/_modelgen0".
220825-02:03:29,50 nipype.workflow INFO:
	 [Node] Running "_modelgen0" ("nipype.interfaces.fsl.model.FEATModel"), a CommandLine Interface with command:
feat_model run0 
220825-02:03:29,621 nipype.workflow INFO:
	 [Node] Finished "_modelgen0".
220825-02:03:29,624 nipype.workflow INFO:
	 [Node] Setting-up "_modelgen1" in "/home/pw/projects/thesis/out/workflow/_subject_id_041/_roi_FFGl/modelgen/mapflow/_modelgen1".
220825-02:03:29,651 nipype.workflow INFO:
	 [Node] Running "_modelgen1" ("nipype.interfaces.fsl.model.FEATModel"), a CommandLine Interface with command:
feat_model run0 
220825-02:03:30,189 nipype.workflow INFO:
	 [Node] Finished "_modelgen1".
220825-02:03:30,193 nipype.workflow INFO:
	 [Node] Setting-up "_modelgen2" in "/home/pw/projects/thesis/out/workflow/_subject_id_041/_roi_FFGl/modelgen/mapflow/_modelgen2".
220825-02:03:30,221 nipype.workflow INFO:
	 [Node] Running "_modelgen2" ("nipype.interfaces.fsl.model.FEATModel"), a CommandLine Interface with command:
feat_model run0 
220825-02:03:30,774 nipype.workflow INFO:
	 [Node] Finished "_modelgen2".
220825-02:03:30,780 nipype.workflow INFO:
	 [Node] Finished "workflow.modelgen".
220825-02:03:30,781 nipype.workflow INFO:
	 [Node] Setting-up "workflow.level1estimate" in "/home/pw/projects/thesis/out/workflow/_subject_id_041/_roi_FFGl/level1estimate".
220825-02:03:30,800 nipype.workflow INFO:
	 [Node] Setting-up "_level1estimate0" in "/home/pw/projects/thesis/out/workflow/_subject_id_041/_roi_FFGl/level1estimate/mapflow/_level1estimate0".
220825-02:03:30,810 nipype.workflow INFO:
	 [Node] Running "_level1estimate0" ("nipype.interfaces.fsl.model.FILMGLS"), a CommandLine Interface with command:
film_gls --ms=5 --rn=results --sa --con=/home/pw/projects/thesis/out/workflow/_subject_id_041/_roi_FFGl/modelgen/mapflow/_modelgen0/run0.con --in=/home/pw/projects/thesis/out/workflow/_subject_id_041/smooth/mapflow/_smooth0/sub-041_task-game_run-1_space-MNI152NLin2009cAsym_desc-preproc_bold_masked_smooth.nii.gz --pd=/home/pw/projects/thesis/out/workflow/_subject_id_041/_roi_FFGl/modelgen/mapflow/_modelgen0/run0.mat --thr=1000.000000
220825-02:03:30,850 nipype.interface INFO:
	 stdout 2022-08-25T02:03:30.850179:Log directory is: results
220825-02:03:42,70 nipype.interface INFO:
	 stdout 2022-08-25T02:03:42.070255:paradigm.getDesignMatrix().Nrows()=185
220825-02:03:42,70 nipype.interface INFO:
	 stdout 2022-08-25T02:03:42.070255:paradigm.getDesignMatrix().Ncols()=13
220825-02:03:42,70 nipype.interface INFO:
	 stdout 2022-08-25T02:03:42.070255:sizeTS=185
220825-02:03:42,70 nipype.interface INFO:
	 stdout 2022-08-25T02:03:42.070255:numTS=227936
220825-02:03:42,293 nipype.interface INFO:
	 stdout 2022-08-25T02:03:42.293039:Calculating residuals...
220825-02:04:39,467 nipype.interface INFO:
	 stdout 2022-08-25T02:04:39.467335:Completed
220825-02:04:39,467 nipype.interface INFO:
	 stdout 2022-08-25T02:04:39.467335:Estimating residual autocorrelation...
220825-02:04:56,208 nipype.interface INFO:
	 stdout 2022-08-25T02:04:56.208378:Calculating raw AutoCorrs... Completed
220825-02:04:56,234 nipype.interface INFO:
	 stdout 2022-08-25T02:04:56.234047:mode = 6538.5
220825-02:04:56,238 nipype.interface INFO:
	 stdout 2022-08-25T02:04:56.238398:sig = 745
220825-02:04:56,239 nipype.interface INFO:
	 stdout 2022-08-25T02:04:56.238923:Spatially smoothing auto corr estimates
220825-02:06:52,145 nipype.interface INFO:
	 stdout 2022-08-25T02:06:52.145696:............
220825-02:06:52,146 nipype.interface INFO:
	 stdout 2022-08-25T02:06:52.145696:Completed
220825-02:06:52,146 nipype.interface INFO:
	 stdout 2022-08-25T02:06:52.146514:Tukey M = 13
220825-02:06:52,235 nipype.interface INFO:
	 stdout 2022-08-25T02:06:52.235392:Tukey estimates... Completed
220825-02:06:52,235 nipype.interface INFO:
	 stdout 2022-08-25T02:06:52.235392:Completed
220825-02:06:52,235 nipype.interface INFO:
	 stdout 2022-08-25T02:06:52.235392:Prewhitening and Computing PEs...
220825-02:06:52,235 nipype.interface INFO:
	 stdout 2022-08-25T02:06:52.235392:Percentage done:
220825-02:11:07,474 nipype.interface INFO:
	 stdout 2022-08-25T02:11:07.474326:1,2,3,4,5,6,7,8,9,10,11,12,13,14,15,16,17,18,19,20,21,22,23,24,25,26,27,28,29,30,31,32,33,34,35,36,37,38,39,40,41,42,43,44,45,46,47,48,49,50,51,52,53,54,55,56,57,58,59,60,61,62,63,64,65,66,67,68,69,70,71,72,73,74,75,76,77,78,79,80,81,82,83,84,85,86,87,88,89,90,91,92,93,94,95,96,97,98,99,Completed
220825-02:11:07,474 nipype.interface INFO:
	 stdout 2022-08-25T02:11:07.474326:Saving results... 
220825-02:11:31,290 nipype.interface INFO:
	 stdout 2022-08-25T02:11:31.289971:Completed
220825-02:11:31,458 nipype.workflow INFO:
	 [Node] Finished "_level1estimate0".
220825-02:11:31,464 nipype.workflow INFO:
	 [Node] Setting-up "_level1estimate1" in "/home/pw/projects/thesis/out/workflow/_subject_id_041/_roi_FFGl/level1estimate/mapflow/_level1estimate1".
220825-02:11:31,474 nipype.workflow INFO:
	 [Node] Running "_level1estimate1" ("nipype.interfaces.fsl.model.FILMGLS"), a CommandLine Interface with command:
film_gls --ms=5 --rn=results --sa --con=/home/pw/projects/thesis/out/workflow/_subject_id_041/_roi_FFGl/modelgen/mapflow/_modelgen1/run0.con --in=/home/pw/projects/thesis/out/workflow/_subject_id_041/smooth/mapflow/_smooth1/sub-041_task-game_run-2_space-MNI152NLin2009cAsym_desc-preproc_bold_masked_smooth.nii.gz --pd=/home/pw/projects/thesis/out/workflow/_subject_id_041/_roi_FFGl/modelgen/mapflow/_modelgen1/run0.mat --thr=1000.000000
220825-02:11:31,513 nipype.interface INFO:
	 stdout 2022-08-25T02:11:31.513781:Log directory is: results
220825-02:11:42,749 nipype.interface INFO:
	 stdout 2022-08-25T02:11:42.749620:paradigm.getDesignMatrix().Nrows()=185
220825-02:11:42,749 nipype.interface INFO:
	 stdout 2022-08-25T02:11:42.749620:paradigm.getDesignMatrix().Ncols()=13
220825-02:11:42,750 nipype.interface INFO:
	 stdout 2022-08-25T02:11:42.749620:sizeTS=185
220825-02:11:42,750 nipype.interface INFO:
	 stdout 2022-08-25T02:11:42.749620:numTS=227513
220825-02:11:42,971 nipype.interface INFO:
	 stdout 2022-08-25T02:11:42.971133:Calculating residuals...
220825-02:12:40,34 nipype.interface INFO:
	 stdout 2022-08-25T02:12:40.034677:Completed
220825-02:12:40,34 nipype.interface INFO:
	 stdout 2022-08-25T02:12:40.034677:Estimating residual autocorrelation...
220825-02:12:56,574 nipype.interface INFO:
	 stdout 2022-08-25T02:12:56.574635:Calculating raw AutoCorrs... Completed
220825-02:12:56,600 nipype.interface INFO:
	 stdout 2022-08-25T02:12:56.600694:mode = 6437.45
220825-02:12:56,605 nipype.interface INFO:
	 stdout 2022-08-25T02:12:56.605201:sig = 792
220825-02:12:56,605 nipype.interface INFO:
	 stdout 2022-08-25T02:12:56.605369:Spatially smoothing auto corr estimates
220825-02:14:52,648 nipype.interface INFO:
	 stdout 2022-08-25T02:14:52.648482:............
220825-02:14:52,648 nipype.interface INFO:
	 stdout 2022-08-25T02:14:52.648482:Completed
220825-02:14:52,649 nipype.interface INFO:
	 stdout 2022-08-25T02:14:52.649036:Tukey M = 13
220825-02:14:52,758 nipype.interface INFO:
	 stdout 2022-08-25T02:14:52.758361:Tukey estimates... Completed
220825-02:14:52,758 nipype.interface INFO:
	 stdout 2022-08-25T02:14:52.758361:Completed
220825-02:14:52,758 nipype.interface INFO:
	 stdout 2022-08-25T02:14:52.758361:Prewhitening and Computing PEs...
220825-02:14:52,758 nipype.interface INFO:
	 stdout 2022-08-25T02:14:52.758361:Percentage done:
220825-02:19:06,484 nipype.interface INFO:
	 stdout 2022-08-25T02:19:06.484006:1,2,3,4,5,6,7,8,9,10,11,12,13,14,15,16,17,18,19,20,21,22,23,24,25,26,27,28,29,30,31,32,33,34,35,36,37,38,39,40,41,42,43,44,45,46,47,48,49,50,51,52,53,54,55,56,57,58,59,60,61,62,63,64,65,66,67,68,69,70,71,72,73,74,75,76,77,78,79,80,81,82,83,84,85,86,87,88,89,90,91,92,93,94,95,96,97,98,99,Completed
220825-02:19:06,484 nipype.interface INFO:
	 stdout 2022-08-25T02:19:06.484006:Saving results... 
220825-02:19:30,259 nipype.interface INFO:
	 stdout 2022-08-25T02:19:30.259173:Completed
220825-02:19:30,456 nipype.workflow INFO:
	 [Node] Finished "_level1estimate1".
220825-02:19:30,462 nipype.workflow INFO:
	 [Node] Setting-up "_level1estimate2" in "/home/pw/projects/thesis/out/workflow/_subject_id_041/_roi_FFGl/level1estimate/mapflow/_level1estimate2".
220825-02:19:30,472 nipype.workflow INFO:
	 [Node] Running "_level1estimate2" ("nipype.interfaces.fsl.model.FILMGLS"), a CommandLine Interface with command:
film_gls --ms=5 --rn=results --sa --con=/home/pw/projects/thesis/out/workflow/_subject_id_041/_roi_FFGl/modelgen/mapflow/_modelgen2/run0.con --in=/home/pw/projects/thesis/out/workflow/_subject_id_041/smooth/mapflow/_smooth2/sub-041_task-game_run-3_space-MNI152NLin2009cAsym_desc-preproc_bold_masked_smooth.nii.gz --pd=/home/pw/projects/thesis/out/workflow/_subject_id_041/_roi_FFGl/modelgen/mapflow/_modelgen2/run0.mat --thr=1000.000000
220825-02:19:30,512 nipype.interface INFO:
	 stdout 2022-08-25T02:19:30.512054:Log directory is: results
220825-02:19:41,756 nipype.interface INFO:
	 stdout 2022-08-25T02:19:41.756426:paradigm.getDesignMatrix().Nrows()=185
220825-02:19:41,756 nipype.interface INFO:
	 stdout 2022-08-25T02:19:41.756426:paradigm.getDesignMatrix().Ncols()=13
220825-02:19:41,756 nipype.interface INFO:
	 stdout 2022-08-25T02:19:41.756426:sizeTS=185
220825-02:19:41,756 nipype.interface INFO:
	 stdout 2022-08-25T02:19:41.756426:numTS=227140
220825-02:19:41,978 nipype.interface INFO:
	 stdout 2022-08-25T02:19:41.978039:Calculating residuals...
220825-02:20:39,588 nipype.interface INFO:
	 stdout 2022-08-25T02:20:39.588848:Completed
220825-02:20:39,589 nipype.interface INFO:
	 stdout 2022-08-25T02:20:39.588848:Estimating residual autocorrelation...
220825-02:20:56,171 nipype.interface INFO:
	 stdout 2022-08-25T02:20:56.170947:Calculating raw AutoCorrs... Completed
220825-02:20:56,196 nipype.interface INFO:
	 stdout 2022-08-25T02:20:56.196902:mode = 6432.74
220825-02:20:56,201 nipype.interface INFO:
	 stdout 2022-08-25T02:20:56.201606:sig = 779
220825-02:20:56,201 nipype.interface INFO:
	 stdout 2022-08-25T02:20:56.201829:Spatially smoothing auto corr estimates
220825-02:22:51,761 nipype.interface INFO:
	 stdout 2022-08-25T02:22:51.761718:............
220825-02:22:51,762 nipype.interface INFO:
	 stdout 2022-08-25T02:22:51.761718:Completed
220825-02:22:51,762 nipype.interface INFO:
	 stdout 2022-08-25T02:22:51.762719:Tukey M = 13
220825-02:22:51,864 nipype.interface INFO:
	 stdout 2022-08-25T02:22:51.864656:Tukey estimates... Completed
220825-02:22:51,864 nipype.interface INFO:
	 stdout 2022-08-25T02:22:51.864656:Completed
220825-02:22:51,865 nipype.interface INFO:
	 stdout 2022-08-25T02:22:51.864656:Prewhitening and Computing PEs...
220825-02:22:51,865 nipype.interface INFO:
	 stdout 2022-08-25T02:22:51.864656:Percentage done:
220825-02:27:05,479 nipype.interface INFO:
	 stdout 2022-08-25T02:27:05.479594:1,2,3,4,5,6,7,8,9,10,11,12,13,14,15,16,17,18,19,20,21,22,23,24,25,26,27,28,29,30,31,32,33,34,35,36,37,38,39,40,41,42,43,44,45,46,47,48,49,50,51,52,53,54,55,56,57,58,59,60,61,62,63,64,65,66,67,68,69,70,71,72,73,74,75,76,77,78,79,80,81,82,83,84,85,86,87,88,89,90,91,92,93,94,95,96,97,98,99,Completed
220825-02:27:05,479 nipype.interface INFO:
	 stdout 2022-08-25T02:27:05.479594:Saving results... 
220825-02:27:29,280 nipype.interface INFO:
	 stdout 2022-08-25T02:27:29.280795:Completed
220825-02:27:29,459 nipype.workflow INFO:
	 [Node] Finished "_level1estimate2".
220825-02:27:29,469 nipype.workflow INFO:
	 [Node] Finished "workflow.level1estimate".
220825-02:27:29,469 nipype.workflow INFO:
	 [Node] Setting-up "workflow.get_predictors" in "/home/pw/projects/thesis/out/workflow/_subject_id_041/_roi_IfGi/get_predictors".
220825-02:27:29,507 nipype.workflow INFO:
	 [Node] Setting-up "_get_predictors0" in "/home/pw/projects/thesis/out/workflow/_subject_id_041/_roi_IfGi/get_predictors/mapflow/_get_predictors0".
220825-02:27:29,521 nipype.workflow INFO:
	 [Node] Running "_get_predictors0" ("nipype.interfaces.utility.wrappers.Function")
220825-02:27:29,620 nipype.workflow INFO:
	 [Node] Finished "_get_predictors0".
220825-02:27:29,623 nipype.workflow INFO:
	 [Node] Setting-up "_get_predictors1" in "/home/pw/projects/thesis/out/workflow/_subject_id_041/_roi_IfGi/get_predictors/mapflow/_get_predictors1".
220825-02:27:29,637 nipype.workflow INFO:
	 [Node] Running "_get_predictors1" ("nipype.interfaces.utility.wrappers.Function")
220825-02:27:29,726 nipype.workflow INFO:
	 [Node] Finished "_get_predictors1".
220825-02:27:29,728 nipype.workflow INFO:
	 [Node] Setting-up "_get_predictors2" in "/home/pw/projects/thesis/out/workflow/_subject_id_041/_roi_IfGi/get_predictors/mapflow/_get_predictors2".
220825-02:27:29,741 nipype.workflow INFO:
	 [Node] Running "_get_predictors2" ("nipype.interfaces.utility.wrappers.Function")
220825-02:27:29,830 nipype.workflow INFO:
	 [Node] Finished "_get_predictors2".
220825-02:27:29,963 nipype.workflow INFO:
	 [Node] Finished "workflow.get_predictors".
220825-02:27:29,964 nipype.workflow INFO:
	 [Node] Setting-up "workflow.get_subjinfo" in "/home/pw/projects/thesis/out/workflow/_subject_id_041/_roi_IfGi/get_subjinfo".
220825-02:27:30,565 nipype.workflow INFO:
	 [Node] Setting-up "_get_subjinfo0" in "/home/pw/projects/thesis/out/workflow/_subject_id_041/_roi_IfGi/get_subjinfo/mapflow/_get_subjinfo0".
220825-02:27:30,693 nipype.workflow INFO:
	 [Node] Running "_get_subjinfo0" ("nipype.interfaces.utility.wrappers.Function")
220825-02:27:30,792 nipype.workflow INFO:
	 [Node] Finished "_get_subjinfo0".
220825-02:27:30,795 nipype.workflow INFO:
	 [Node] Setting-up "_get_subjinfo1" in "/home/pw/projects/thesis/out/workflow/_subject_id_041/_roi_IfGi/get_subjinfo/mapflow/_get_subjinfo1".
220825-02:27:30,927 nipype.workflow INFO:
	 [Node] Running "_get_subjinfo1" ("nipype.interfaces.utility.wrappers.Function")
220825-02:27:31,24 nipype.workflow INFO:
	 [Node] Finished "_get_subjinfo1".
220825-02:27:31,27 nipype.workflow INFO:
	 [Node] Setting-up "_get_subjinfo2" in "/home/pw/projects/thesis/out/workflow/_subject_id_041/_roi_IfGi/get_subjinfo/mapflow/_get_subjinfo2".
220825-02:27:31,158 nipype.workflow INFO:
	 [Node] Running "_get_subjinfo2" ("nipype.interfaces.utility.wrappers.Function")
220825-02:27:31,256 nipype.workflow INFO:
	 [Node] Finished "_get_subjinfo2".
220825-02:27:31,548 nipype.workflow INFO:
	 [Node] Finished "workflow.get_subjinfo".
220825-02:27:31,549 nipype.workflow INFO:
	 [Node] Setting-up "workflow.modelspec" in "/home/pw/projects/thesis/out/workflow/_subject_id_041/_roi_IfGi/modelspec".
220825-02:27:31,714 nipype.workflow INFO:
	 [Node] Setting-up "_modelspec0" in "/home/pw/projects/thesis/out/workflow/_subject_id_041/_roi_IfGi/modelspec/mapflow/_modelspec0".
220825-02:27:31,754 nipype.workflow INFO:
	 [Node] Running "_modelspec0" ("nipype.algorithms.modelgen.SpecifyModel")
220825-02:27:31,868 nipype.workflow INFO:
	 [Node] Finished "_modelspec0".
220825-02:27:31,878 nipype.workflow INFO:
	 [Node] Setting-up "_modelspec1" in "/home/pw/projects/thesis/out/workflow/_subject_id_041/_roi_IfGi/modelspec/mapflow/_modelspec1".
220825-02:27:31,919 nipype.workflow INFO:
	 [Node] Running "_modelspec1" ("nipype.algorithms.modelgen.SpecifyModel")
220825-02:27:32,30 nipype.workflow INFO:
	 [Node] Finished "_modelspec1".
220825-02:27:32,40 nipype.workflow INFO:
	 [Node] Setting-up "_modelspec2" in "/home/pw/projects/thesis/out/workflow/_subject_id_041/_roi_IfGi/modelspec/mapflow/_modelspec2".
220825-02:27:32,81 nipype.workflow INFO:
	 [Node] Running "_modelspec2" ("nipype.algorithms.modelgen.SpecifyModel")
220825-02:27:32,195 nipype.workflow INFO:
	 [Node] Finished "_modelspec2".
220825-02:27:32,388 nipype.workflow INFO:
	 [Node] Finished "workflow.modelspec".
220825-02:27:32,389 nipype.workflow INFO:
	 [Node] Setting-up "workflow.level1design" in "/home/pw/projects/thesis/out/workflow/_subject_id_041/_roi_IfGi/level1design".
220825-02:27:33,52 nipype.workflow INFO:
	 [Node] Setting-up "_level1design0" in "/home/pw/projects/thesis/out/workflow/_subject_id_041/_roi_IfGi/level1design/mapflow/_level1design0".
220825-02:27:33,226 nipype.workflow INFO:
	 [Node] Running "_level1design0" ("nipype.interfaces.fsl.model.Level1Design")
220825-02:27:33,332 nipype.workflow INFO:
	 [Node] Finished "_level1design0".
220825-02:27:33,335 nipype.workflow INFO:
	 [Node] Setting-up "_level1design1" in "/home/pw/projects/thesis/out/workflow/_subject_id_041/_roi_IfGi/level1design/mapflow/_level1design1".
220825-02:27:33,510 nipype.workflow INFO:
	 [Node] Running "_level1design1" ("nipype.interfaces.fsl.model.Level1Design")
220825-02:27:33,643 nipype.workflow INFO:
	 [Node] Finished "_level1design1".
220825-02:27:33,646 nipype.workflow INFO:
	 [Node] Setting-up "_level1design2" in "/home/pw/projects/thesis/out/workflow/_subject_id_041/_roi_IfGi/level1design/mapflow/_level1design2".
220825-02:27:33,820 nipype.workflow INFO:
	 [Node] Running "_level1design2" ("nipype.interfaces.fsl.model.Level1Design")
220825-02:27:33,926 nipype.workflow INFO:
	 [Node] Finished "_level1design2".
220825-02:27:34,112 nipype.workflow INFO:
	 [Node] Finished "workflow.level1design".
220825-02:27:34,112 nipype.workflow INFO:
	 [Node] Setting-up "workflow.modelgen" in "/home/pw/projects/thesis/out/workflow/_subject_id_041/_roi_IfGi/modelgen".
220825-02:27:34,143 nipype.workflow INFO:
	 [Node] Setting-up "_modelgen0" in "/home/pw/projects/thesis/out/workflow/_subject_id_041/_roi_IfGi/modelgen/mapflow/_modelgen0".
220825-02:27:34,168 nipype.workflow INFO:
	 [Node] Running "_modelgen0" ("nipype.interfaces.fsl.model.FEATModel"), a CommandLine Interface with command:
feat_model run0 
220825-02:27:34,756 nipype.workflow INFO:
	 [Node] Finished "_modelgen0".
220825-02:27:34,759 nipype.workflow INFO:
	 [Node] Setting-up "_modelgen1" in "/home/pw/projects/thesis/out/workflow/_subject_id_041/_roi_IfGi/modelgen/mapflow/_modelgen1".
220825-02:27:34,784 nipype.workflow INFO:
	 [Node] Running "_modelgen1" ("nipype.interfaces.fsl.model.FEATModel"), a CommandLine Interface with command:
feat_model run0 
220825-02:27:35,324 nipype.workflow INFO:
	 [Node] Finished "_modelgen1".
220825-02:27:35,327 nipype.workflow INFO:
	 [Node] Setting-up "_modelgen2" in "/home/pw/projects/thesis/out/workflow/_subject_id_041/_roi_IfGi/modelgen/mapflow/_modelgen2".
220825-02:27:35,352 nipype.workflow INFO:
	 [Node] Running "_modelgen2" ("nipype.interfaces.fsl.model.FEATModel"), a CommandLine Interface with command:
feat_model run0 
220825-02:27:35,884 nipype.workflow INFO:
	 [Node] Finished "_modelgen2".
220825-02:27:35,890 nipype.workflow INFO:
	 [Node] Finished "workflow.modelgen".
220825-02:27:35,891 nipype.workflow INFO:
	 [Node] Setting-up "workflow.level1estimate" in "/home/pw/projects/thesis/out/workflow/_subject_id_041/_roi_IfGi/level1estimate".
220825-02:27:35,908 nipype.workflow INFO:
	 [Node] Setting-up "_level1estimate0" in "/home/pw/projects/thesis/out/workflow/_subject_id_041/_roi_IfGi/level1estimate/mapflow/_level1estimate0".
220825-02:27:35,917 nipype.workflow INFO:
	 [Node] Running "_level1estimate0" ("nipype.interfaces.fsl.model.FILMGLS"), a CommandLine Interface with command:
film_gls --ms=5 --rn=results --sa --con=/home/pw/projects/thesis/out/workflow/_subject_id_041/_roi_IfGi/modelgen/mapflow/_modelgen0/run0.con --in=/home/pw/projects/thesis/out/workflow/_subject_id_041/smooth/mapflow/_smooth0/sub-041_task-game_run-1_space-MNI152NLin2009cAsym_desc-preproc_bold_masked_smooth.nii.gz --pd=/home/pw/projects/thesis/out/workflow/_subject_id_041/_roi_IfGi/modelgen/mapflow/_modelgen0/run0.mat --thr=1000.000000
220825-02:27:35,957 nipype.interface INFO:
	 stdout 2022-08-25T02:27:35.957387:Log directory is: results
220825-02:27:47,189 nipype.interface INFO:
	 stdout 2022-08-25T02:27:47.189173:paradigm.getDesignMatrix().Nrows()=185
220825-02:27:47,189 nipype.interface INFO:
	 stdout 2022-08-25T02:27:47.189173:paradigm.getDesignMatrix().Ncols()=13
220825-02:27:47,189 nipype.interface INFO:
	 stdout 2022-08-25T02:27:47.189173:sizeTS=185
220825-02:27:47,189 nipype.interface INFO:
	 stdout 2022-08-25T02:27:47.189173:numTS=227936
220825-02:27:47,410 nipype.interface INFO:
	 stdout 2022-08-25T02:27:47.410825:Calculating residuals...
220825-02:28:45,548 nipype.interface INFO:
	 stdout 2022-08-25T02:28:45.548805:Completed
220825-02:28:45,549 nipype.interface INFO:
	 stdout 2022-08-25T02:28:45.548805:Estimating residual autocorrelation...
220825-02:29:02,143 nipype.interface INFO:
	 stdout 2022-08-25T02:29:02.143199:Calculating raw AutoCorrs... Completed
220825-02:29:02,169 nipype.interface INFO:
	 stdout 2022-08-25T02:29:02.169076:mode = 6538.5
220825-02:29:02,173 nipype.interface INFO:
	 stdout 2022-08-25T02:29:02.173411:sig = 745
220825-02:29:02,173 nipype.interface INFO:
	 stdout 2022-08-25T02:29:02.173575:Spatially smoothing auto corr estimates
220825-02:30:58,111 nipype.interface INFO:
	 stdout 2022-08-25T02:30:58.111246:............
220825-02:30:58,111 nipype.interface INFO:
	 stdout 2022-08-25T02:30:58.111246:Completed
220825-02:30:58,112 nipype.interface INFO:
	 stdout 2022-08-25T02:30:58.112109:Tukey M = 13
220825-02:30:58,216 nipype.interface INFO:
	 stdout 2022-08-25T02:30:58.216864:Tukey estimates... Completed
220825-02:30:58,217 nipype.interface INFO:
	 stdout 2022-08-25T02:30:58.216864:Completed
220825-02:30:58,217 nipype.interface INFO:
	 stdout 2022-08-25T02:30:58.216864:Prewhitening and Computing PEs...
220825-02:30:58,217 nipype.interface INFO:
	 stdout 2022-08-25T02:30:58.216864:Percentage done:
220825-02:35:13,61 nipype.interface INFO:
	 stdout 2022-08-25T02:35:13.061352:1,2,3,4,5,6,7,8,9,10,11,12,13,14,15,16,17,18,19,20,21,22,23,24,25,26,27,28,29,30,31,32,33,34,35,36,37,38,39,40,41,42,43,44,45,46,47,48,49,50,51,52,53,54,55,56,57,58,59,60,61,62,63,64,65,66,67,68,69,70,71,72,73,74,75,76,77,78,79,80,81,82,83,84,85,86,87,88,89,90,91,92,93,94,95,96,97,98,99,Completed
220825-02:35:13,61 nipype.interface INFO:
	 stdout 2022-08-25T02:35:13.061352:Saving results... 
220825-02:35:37,180 nipype.interface INFO:
	 stdout 2022-08-25T02:35:37.180303:Completed
220825-02:35:37,357 nipype.workflow INFO:
	 [Node] Finished "_level1estimate0".
220825-02:35:37,363 nipype.workflow INFO:
	 [Node] Setting-up "_level1estimate1" in "/home/pw/projects/thesis/out/workflow/_subject_id_041/_roi_IfGi/level1estimate/mapflow/_level1estimate1".
220825-02:35:37,372 nipype.workflow INFO:
	 [Node] Running "_level1estimate1" ("nipype.interfaces.fsl.model.FILMGLS"), a CommandLine Interface with command:
film_gls --ms=5 --rn=results --sa --con=/home/pw/projects/thesis/out/workflow/_subject_id_041/_roi_IfGi/modelgen/mapflow/_modelgen1/run0.con --in=/home/pw/projects/thesis/out/workflow/_subject_id_041/smooth/mapflow/_smooth1/sub-041_task-game_run-2_space-MNI152NLin2009cAsym_desc-preproc_bold_masked_smooth.nii.gz --pd=/home/pw/projects/thesis/out/workflow/_subject_id_041/_roi_IfGi/modelgen/mapflow/_modelgen1/run0.mat --thr=1000.000000
220825-02:35:37,411 nipype.interface INFO:
	 stdout 2022-08-25T02:35:37.411792:Log directory is: results
220825-02:35:48,611 nipype.interface INFO:
	 stdout 2022-08-25T02:35:48.611467:paradigm.getDesignMatrix().Nrows()=185
220825-02:35:48,611 nipype.interface INFO:
	 stdout 2022-08-25T02:35:48.611467:paradigm.getDesignMatrix().Ncols()=13
220825-02:35:48,611 nipype.interface INFO:
	 stdout 2022-08-25T02:35:48.611467:sizeTS=185
220825-02:35:48,611 nipype.interface INFO:
	 stdout 2022-08-25T02:35:48.611467:numTS=227513
220825-02:35:48,831 nipype.interface INFO:
	 stdout 2022-08-25T02:35:48.831837:Calculating residuals...
220825-02:36:45,736 nipype.interface INFO:
	 stdout 2022-08-25T02:36:45.736634:Completed
220825-02:36:45,736 nipype.interface INFO:
	 stdout 2022-08-25T02:36:45.736634:Estimating residual autocorrelation...
220825-02:37:02,241 nipype.interface INFO:
	 stdout 2022-08-25T02:37:02.241874:Calculating raw AutoCorrs... Completed
220825-02:37:02,267 nipype.interface INFO:
	 stdout 2022-08-25T02:37:02.267641:mode = 6437.45
220825-02:37:02,272 nipype.interface INFO:
	 stdout 2022-08-25T02:37:02.272129:sig = 792
220825-02:37:02,272 nipype.interface INFO:
	 stdout 2022-08-25T02:37:02.272292:Spatially smoothing auto corr estimates
220825-02:38:58,537 nipype.interface INFO:
	 stdout 2022-08-25T02:38:58.537787:............
220825-02:38:58,538 nipype.interface INFO:
	 stdout 2022-08-25T02:38:58.537787:Completed
220825-02:38:58,538 nipype.interface INFO:
	 stdout 2022-08-25T02:38:58.538592:Tukey M = 13
220825-02:38:58,648 nipype.interface INFO:
	 stdout 2022-08-25T02:38:58.648652:Tukey estimates... Completed
220825-02:38:58,649 nipype.interface INFO:
	 stdout 2022-08-25T02:38:58.648652:Completed
220825-02:38:58,649 nipype.interface INFO:
	 stdout 2022-08-25T02:38:58.648652:Prewhitening and Computing PEs...
220825-02:38:58,649 nipype.interface INFO:
	 stdout 2022-08-25T02:38:58.648652:Percentage done:
220825-02:43:13,54 nipype.interface INFO:
	 stdout 2022-08-25T02:43:13.054605:1,2,3,4,5,6,7,8,9,10,11,12,13,14,15,16,17,18,19,20,21,22,23,24,25,26,27,28,29,30,31,32,33,34,35,36,37,38,39,40,41,42,43,44,45,46,47,48,49,50,51,52,53,54,55,56,57,58,59,60,61,62,63,64,65,66,67,68,69,70,71,72,73,74,75,76,77,78,79,80,81,82,83,84,85,86,87,88,89,90,91,92,93,94,95,96,97,98,99,Completed
220825-02:43:13,55 nipype.interface INFO:
	 stdout 2022-08-25T02:43:13.054605:Saving results... 
220825-02:43:36,984 nipype.interface INFO:
	 stdout 2022-08-25T02:43:36.984327:Completed
220825-02:43:37,157 nipype.workflow INFO:
	 [Node] Finished "_level1estimate1".
220825-02:43:37,163 nipype.workflow INFO:
	 [Node] Setting-up "_level1estimate2" in "/home/pw/projects/thesis/out/workflow/_subject_id_041/_roi_IfGi/level1estimate/mapflow/_level1estimate2".
220825-02:43:37,175 nipype.workflow INFO:
	 [Node] Running "_level1estimate2" ("nipype.interfaces.fsl.model.FILMGLS"), a CommandLine Interface with command:
film_gls --ms=5 --rn=results --sa --con=/home/pw/projects/thesis/out/workflow/_subject_id_041/_roi_IfGi/modelgen/mapflow/_modelgen2/run0.con --in=/home/pw/projects/thesis/out/workflow/_subject_id_041/smooth/mapflow/_smooth2/sub-041_task-game_run-3_space-MNI152NLin2009cAsym_desc-preproc_bold_masked_smooth.nii.gz --pd=/home/pw/projects/thesis/out/workflow/_subject_id_041/_roi_IfGi/modelgen/mapflow/_modelgen2/run0.mat --thr=1000.000000
220825-02:43:37,214 nipype.interface INFO:
	 stdout 2022-08-25T02:43:37.214821:Log directory is: results
220825-02:43:48,391 nipype.interface INFO:
	 stdout 2022-08-25T02:43:48.391897:paradigm.getDesignMatrix().Nrows()=185
220825-02:43:48,392 nipype.interface INFO:
	 stdout 2022-08-25T02:43:48.391897:paradigm.getDesignMatrix().Ncols()=13
220825-02:43:48,392 nipype.interface INFO:
	 stdout 2022-08-25T02:43:48.391897:sizeTS=185
220825-02:43:48,392 nipype.interface INFO:
	 stdout 2022-08-25T02:43:48.391897:numTS=227140
220825-02:43:48,611 nipype.interface INFO:
	 stdout 2022-08-25T02:43:48.611724:Calculating residuals...
220825-02:44:46,744 nipype.interface INFO:
	 stdout 2022-08-25T02:44:46.744002:Completed
220825-02:44:46,744 nipype.interface INFO:
	 stdout 2022-08-25T02:44:46.744002:Estimating residual autocorrelation...
220825-02:45:03,166 nipype.interface INFO:
	 stdout 2022-08-25T02:45:03.166714:Calculating raw AutoCorrs... Completed
220825-02:45:03,194 nipype.interface INFO:
	 stdout 2022-08-25T02:45:03.194437:mode = 6432.74
220825-02:45:03,199 nipype.interface INFO:
	 stdout 2022-08-25T02:45:03.199215:sig = 779
220825-02:45:03,199 nipype.interface INFO:
	 stdout 2022-08-25T02:45:03.199379:Spatially smoothing auto corr estimates
220825-02:46:58,859 nipype.interface INFO:
	 stdout 2022-08-25T02:46:58.858943:............
220825-02:46:58,859 nipype.interface INFO:
	 stdout 2022-08-25T02:46:58.858943:Completed
220825-02:46:58,859 nipype.interface INFO:
	 stdout 2022-08-25T02:46:58.859401:Tukey M = 13
220825-02:46:58,961 nipype.interface INFO:
	 stdout 2022-08-25T02:46:58.961711:Tukey estimates... Completed
220825-02:46:58,961 nipype.interface INFO:
	 stdout 2022-08-25T02:46:58.961711:Completed
220825-02:46:58,962 nipype.interface INFO:
	 stdout 2022-08-25T02:46:58.961711:Prewhitening and Computing PEs...
220825-02:46:58,962 nipype.interface INFO:
	 stdout 2022-08-25T02:46:58.961711:Percentage done:
220825-02:51:12,131 nipype.interface INFO:
	 stdout 2022-08-25T02:51:12.131420:1,2,3,4,5,6,7,8,9,10,11,12,13,14,15,16,17,18,19,20,21,22,23,24,25,26,27,28,29,30,31,32,33,34,35,36,37,38,39,40,41,42,43,44,45,46,47,48,49,50,51,52,53,54,55,56,57,58,59,60,61,62,63,64,65,66,67,68,69,70,71,72,73,74,75,76,77,78,79,80,81,82,83,84,85,86,87,88,89,90,91,92,93,94,95,96,97,98,99,Completed
220825-02:51:12,131 nipype.interface INFO:
	 stdout 2022-08-25T02:51:12.131420:Saving results... 
220825-02:51:35,688 nipype.interface INFO:
	 stdout 2022-08-25T02:51:35.688416:Completed
220825-02:51:35,878 nipype.workflow INFO:
	 [Node] Finished "_level1estimate2".
220825-02:51:35,887 nipype.workflow INFO:
	 [Node] Finished "workflow.level1estimate".
220825-02:51:35,888 nipype.workflow INFO:
	 [Node] Setting-up "workflow.get_predictors" in "/home/pw/projects/thesis/out/workflow/_subject_id_041/_roi_IFGs/get_predictors".
220825-02:51:35,922 nipype.workflow INFO:
	 [Node] Setting-up "_get_predictors0" in "/home/pw/projects/thesis/out/workflow/_subject_id_041/_roi_IFGs/get_predictors/mapflow/_get_predictors0".
220825-02:51:35,936 nipype.workflow INFO:
	 [Node] Running "_get_predictors0" ("nipype.interfaces.utility.wrappers.Function")
220825-02:51:36,28 nipype.workflow INFO:
	 [Node] Finished "_get_predictors0".
220825-02:51:36,30 nipype.workflow INFO:
	 [Node] Setting-up "_get_predictors1" in "/home/pw/projects/thesis/out/workflow/_subject_id_041/_roi_IFGs/get_predictors/mapflow/_get_predictors1".
220825-02:51:36,45 nipype.workflow INFO:
	 [Node] Running "_get_predictors1" ("nipype.interfaces.utility.wrappers.Function")
220825-02:51:36,134 nipype.workflow INFO:
	 [Node] Finished "_get_predictors1".
220825-02:51:36,136 nipype.workflow INFO:
	 [Node] Setting-up "_get_predictors2" in "/home/pw/projects/thesis/out/workflow/_subject_id_041/_roi_IFGs/get_predictors/mapflow/_get_predictors2".
220825-02:51:36,150 nipype.workflow INFO:
	 [Node] Running "_get_predictors2" ("nipype.interfaces.utility.wrappers.Function")
220825-02:51:36,239 nipype.workflow INFO:
	 [Node] Finished "_get_predictors2".
220825-02:51:36,386 nipype.workflow INFO:
	 [Node] Finished "workflow.get_predictors".
220825-02:51:36,387 nipype.workflow INFO:
	 [Node] Setting-up "workflow.get_subjinfo" in "/home/pw/projects/thesis/out/workflow/_subject_id_041/_roi_IFGs/get_subjinfo".
220825-02:51:36,989 nipype.workflow INFO:
	 [Node] Setting-up "_get_subjinfo0" in "/home/pw/projects/thesis/out/workflow/_subject_id_041/_roi_IFGs/get_subjinfo/mapflow/_get_subjinfo0".
220825-02:51:37,120 nipype.workflow INFO:
	 [Node] Running "_get_subjinfo0" ("nipype.interfaces.utility.wrappers.Function")
220825-02:51:37,217 nipype.workflow INFO:
	 [Node] Finished "_get_subjinfo0".
220825-02:51:37,220 nipype.workflow INFO:
	 [Node] Setting-up "_get_subjinfo1" in "/home/pw/projects/thesis/out/workflow/_subject_id_041/_roi_IFGs/get_subjinfo/mapflow/_get_subjinfo1".
220825-02:51:37,350 nipype.workflow INFO:
	 [Node] Running "_get_subjinfo1" ("nipype.interfaces.utility.wrappers.Function")
220825-02:51:37,449 nipype.workflow INFO:
	 [Node] Finished "_get_subjinfo1".
220825-02:51:37,452 nipype.workflow INFO:
	 [Node] Setting-up "_get_subjinfo2" in "/home/pw/projects/thesis/out/workflow/_subject_id_041/_roi_IFGs/get_subjinfo/mapflow/_get_subjinfo2".
220825-02:51:37,584 nipype.workflow INFO:
	 [Node] Running "_get_subjinfo2" ("nipype.interfaces.utility.wrappers.Function")
220825-02:51:37,682 nipype.workflow INFO:
	 [Node] Finished "_get_subjinfo2".
220825-02:51:37,961 nipype.workflow INFO:
	 [Node] Finished "workflow.get_subjinfo".
220825-02:51:37,962 nipype.workflow INFO:
	 [Node] Setting-up "workflow.modelspec" in "/home/pw/projects/thesis/out/workflow/_subject_id_041/_roi_IFGs/modelspec".
220825-02:51:38,128 nipype.workflow INFO:
	 [Node] Setting-up "_modelspec0" in "/home/pw/projects/thesis/out/workflow/_subject_id_041/_roi_IFGs/modelspec/mapflow/_modelspec0".
220825-02:51:38,173 nipype.workflow INFO:
	 [Node] Running "_modelspec0" ("nipype.algorithms.modelgen.SpecifyModel")
220825-02:51:38,285 nipype.workflow INFO:
	 [Node] Finished "_modelspec0".
220825-02:51:38,296 nipype.workflow INFO:
	 [Node] Setting-up "_modelspec1" in "/home/pw/projects/thesis/out/workflow/_subject_id_041/_roi_IFGs/modelspec/mapflow/_modelspec1".
220825-02:51:38,337 nipype.workflow INFO:
	 [Node] Running "_modelspec1" ("nipype.algorithms.modelgen.SpecifyModel")
220825-02:51:38,449 nipype.workflow INFO:
	 [Node] Finished "_modelspec1".
220825-02:51:38,459 nipype.workflow INFO:
	 [Node] Setting-up "_modelspec2" in "/home/pw/projects/thesis/out/workflow/_subject_id_041/_roi_IFGs/modelspec/mapflow/_modelspec2".
220825-02:51:38,500 nipype.workflow INFO:
	 [Node] Running "_modelspec2" ("nipype.algorithms.modelgen.SpecifyModel")
220825-02:51:38,613 nipype.workflow INFO:
	 [Node] Finished "_modelspec2".
220825-02:51:38,804 nipype.workflow INFO:
	 [Node] Finished "workflow.modelspec".
220825-02:51:38,805 nipype.workflow INFO:
	 [Node] Setting-up "workflow.level1design" in "/home/pw/projects/thesis/out/workflow/_subject_id_041/_roi_IFGs/level1design".
220825-02:51:39,481 nipype.workflow INFO:
	 [Node] Setting-up "_level1design0" in "/home/pw/projects/thesis/out/workflow/_subject_id_041/_roi_IFGs/level1design/mapflow/_level1design0".
220825-02:51:39,680 nipype.workflow INFO:
	 [Node] Running "_level1design0" ("nipype.interfaces.fsl.model.Level1Design")
220825-02:51:39,788 nipype.workflow INFO:
	 [Node] Finished "_level1design0".
220825-02:51:39,790 nipype.workflow INFO:
	 [Node] Setting-up "_level1design1" in "/home/pw/projects/thesis/out/workflow/_subject_id_041/_roi_IFGs/level1design/mapflow/_level1design1".
220825-02:51:39,967 nipype.workflow INFO:
	 [Node] Running "_level1design1" ("nipype.interfaces.fsl.model.Level1Design")
220825-02:51:40,88 nipype.workflow INFO:
	 [Node] Finished "_level1design1".
220825-02:51:40,90 nipype.workflow INFO:
	 [Node] Setting-up "_level1design2" in "/home/pw/projects/thesis/out/workflow/_subject_id_041/_roi_IFGs/level1design/mapflow/_level1design2".
220825-02:51:40,266 nipype.workflow INFO:
	 [Node] Running "_level1design2" ("nipype.interfaces.fsl.model.Level1Design")
220825-02:51:40,376 nipype.workflow INFO:
	 [Node] Finished "_level1design2".
220825-02:51:40,572 nipype.workflow INFO:
	 [Node] Finished "workflow.level1design".
220825-02:51:40,572 nipype.workflow INFO:
	 [Node] Setting-up "workflow.modelgen" in "/home/pw/projects/thesis/out/workflow/_subject_id_041/_roi_IFGs/modelgen".
220825-02:51:40,602 nipype.workflow INFO:
	 [Node] Setting-up "_modelgen0" in "/home/pw/projects/thesis/out/workflow/_subject_id_041/_roi_IFGs/modelgen/mapflow/_modelgen0".
220825-02:51:40,635 nipype.workflow INFO:
	 [Node] Running "_modelgen0" ("nipype.interfaces.fsl.model.FEATModel"), a CommandLine Interface with command:
feat_model run0 
220825-02:51:41,270 nipype.workflow INFO:
	 [Node] Finished "_modelgen0".
220825-02:51:41,273 nipype.workflow INFO:
	 [Node] Setting-up "_modelgen1" in "/home/pw/projects/thesis/out/workflow/_subject_id_041/_roi_IFGs/modelgen/mapflow/_modelgen1".
220825-02:51:41,304 nipype.workflow INFO:
	 [Node] Running "_modelgen1" ("nipype.interfaces.fsl.model.FEATModel"), a CommandLine Interface with command:
feat_model run0 
220825-02:51:41,859 nipype.workflow INFO:
	 [Node] Finished "_modelgen1".
220825-02:51:41,862 nipype.workflow INFO:
	 [Node] Setting-up "_modelgen2" in "/home/pw/projects/thesis/out/workflow/_subject_id_041/_roi_IFGs/modelgen/mapflow/_modelgen2".
220825-02:51:41,887 nipype.workflow INFO:
	 [Node] Running "_modelgen2" ("nipype.interfaces.fsl.model.FEATModel"), a CommandLine Interface with command:
feat_model run0 
220825-02:51:42,428 nipype.workflow INFO:
	 [Node] Finished "_modelgen2".
220825-02:51:42,434 nipype.workflow INFO:
	 [Node] Finished "workflow.modelgen".
220825-02:51:42,435 nipype.workflow INFO:
	 [Node] Setting-up "workflow.level1estimate" in "/home/pw/projects/thesis/out/workflow/_subject_id_041/_roi_IFGs/level1estimate".
220825-02:51:42,454 nipype.workflow INFO:
	 [Node] Setting-up "_level1estimate0" in "/home/pw/projects/thesis/out/workflow/_subject_id_041/_roi_IFGs/level1estimate/mapflow/_level1estimate0".
220825-02:51:42,465 nipype.workflow INFO:
	 [Node] Running "_level1estimate0" ("nipype.interfaces.fsl.model.FILMGLS"), a CommandLine Interface with command:
film_gls --ms=5 --rn=results --sa --con=/home/pw/projects/thesis/out/workflow/_subject_id_041/_roi_IFGs/modelgen/mapflow/_modelgen0/run0.con --in=/home/pw/projects/thesis/out/workflow/_subject_id_041/smooth/mapflow/_smooth0/sub-041_task-game_run-1_space-MNI152NLin2009cAsym_desc-preproc_bold_masked_smooth.nii.gz --pd=/home/pw/projects/thesis/out/workflow/_subject_id_041/_roi_IFGs/modelgen/mapflow/_modelgen0/run0.mat --thr=1000.000000
220825-02:51:42,549 nipype.interface INFO:
	 stdout 2022-08-25T02:51:42.549158:Log directory is: results
220825-02:51:53,751 nipype.interface INFO:
	 stdout 2022-08-25T02:51:53.751463:paradigm.getDesignMatrix().Nrows()=185
220825-02:51:53,751 nipype.interface INFO:
	 stdout 2022-08-25T02:51:53.751463:paradigm.getDesignMatrix().Ncols()=13
220825-02:51:53,751 nipype.interface INFO:
	 stdout 2022-08-25T02:51:53.751463:sizeTS=185
220825-02:51:53,751 nipype.interface INFO:
	 stdout 2022-08-25T02:51:53.751463:numTS=227936
220825-02:51:53,975 nipype.interface INFO:
	 stdout 2022-08-25T02:51:53.975216:Calculating residuals...
slurmstepd-ada: error: *** JOB 31158 ON ada CANCELLED AT 2022-08-24T19:51:55 ***
220825-02:52:52,131 nipype.interface INFO:
	 stdout 2022-08-25T02:52:52.131365:Completed
220825-02:52:52,131 nipype.interface INFO:
	 stdout 2022-08-25T02:52:52.131365:Estimating residual autocorrelation...
220825-02:53:08,737 nipype.interface INFO:
	 stdout 2022-08-25T02:53:08.737267:Calculating raw AutoCorrs... Completed
220825-02:53:08,763 nipype.interface INFO:
	 stdout 2022-08-25T02:53:08.763742:mode = 6538.5
220825-02:53:08,768 nipype.interface INFO:
	 stdout 2022-08-25T02:53:08.768202:sig = 745
220825-02:53:08,768 nipype.interface INFO:
	 stdout 2022-08-25T02:53:08.768372:Spatially smoothing auto corr estimates
220825-02:55:05,991 nipype.interface INFO:
	 stdout 2022-08-25T02:55:05.991310:............
220825-02:55:05,991 nipype.interface INFO:
	 stdout 2022-08-25T02:55:05.991310:Completed
220825-02:55:05,991 nipype.interface INFO:
	 stdout 2022-08-25T02:55:05.991767:Tukey M = 13
220825-02:55:06,79 nipype.interface INFO:
	 stdout 2022-08-25T02:55:06.079719:Tukey estimates... Completed
220825-02:55:06,80 nipype.interface INFO:
	 stdout 2022-08-25T02:55:06.079719:Completed
220825-02:55:06,80 nipype.interface INFO:
	 stdout 2022-08-25T02:55:06.079719:Prewhitening and Computing PEs...
220825-02:55:06,80 nipype.interface INFO:
	 stdout 2022-08-25T02:55:06.079719:Percentage done:
220825-02:59:19,945 nipype.interface INFO:
	 stdout 2022-08-25T02:59:19.945637:1,2,3,4,5,6,7,8,9,10,11,12,13,14,15,16,17,18,19,20,21,22,23,24,25,26,27,28,29,30,31,32,33,34,35,36,37,38,39,40,41,42,43,44,45,46,47,48,49,50,51,52,53,54,55,56,57,58,59,60,61,62,63,64,65,66,67,68,69,70,71,72,73,74,75,76,77,78,79,80,81,82,83,84,85,86,87,88,89,90,91,92,93,94,95,96,97,98,99,Completed
220825-02:59:19,945 nipype.interface INFO:
	 stdout 2022-08-25T02:59:19.945637:Saving results... 
220825-02:59:43,337 nipype.interface INFO:
	 stdout 2022-08-25T02:59:43.336971:Completed
220825-02:59:43,481 nipype.workflow WARNING:
	 Storing result file without outputs
220825-02:59:43,481 nipype.workflow WARNING:
	 [Node] Error on "_level1estimate0" (/home/pw/projects/thesis/out/workflow/_subject_id_041/_roi_IFGs/level1estimate/mapflow/_level1estimate0)
220825-02:59:43,481 nipype.workflow WARNING:
	 Interface finished unexpectedly and the corresponding unfinished hashfile /home/pw/projects/thesis/out/workflow/_subject_id_041/_roi_IFGs/level1estimate/mapflow/_level1estimate0/_0xfa0af432daec0eb7eeb3d907497651a8_unfinished.json does not exist. Another nipype instance may be running against the same work directory. Please ensure no other concurrent workflows are racing
220825-02:59:43,483 nipype.workflow WARNING:
	 Storing result file without outputs
220825-02:59:43,483 nipype.workflow WARNING:
	 [Node] Error on "workflow.level1estimate" (/home/pw/projects/thesis/out/workflow/_subject_id_041/_roi_IFGs/level1estimate)
220825-02:59:43,483 nipype.workflow WARNING:
	 Interface finished unexpectedly and the corresponding unfinished hashfile /home/pw/projects/thesis/out/workflow/_subject_id_041/_roi_IFGs/level1estimate/_0xc83d49b44d524219de1b29dad046b475_unfinished.json does not exist. Another nipype instance may be running against the same work directory. Please ensure no other concurrent workflows are racing
220825-02:59:43,485 nipype.workflow ERROR:
	 Node level1estimate.a2.b5 failed to run on host 02e0eb2f6079.
220825-02:59:43,485 nipype.workflow ERROR:
	 Saving crash info to /crash-20220825-025943-pw-level1estimate.a2.b5-6b47d03c-d1a3-43a5-a10a-5ca871320732.txt
Traceback (most recent call last):
  File "/opt/miniconda-latest/envs/neuro/lib/python3.7/site-packages/nipype/interfaces/base/core.py", line 530, in aggregate_outputs
    setattr(outputs, key, val)
  File "/opt/miniconda-latest/envs/neuro/lib/python3.7/site-packages/nipype/interfaces/base/traits_extension.py", line 330, in validate
    value = super(File, self).validate(objekt, name, value, return_pathlike=True)
  File "/opt/miniconda-latest/envs/neuro/lib/python3.7/site-packages/nipype/interfaces/base/traits_extension.py", line 135, in validate
    self.error(objekt, name, str(value))
  File "/opt/miniconda-latest/envs/neuro/lib/python3.7/site-packages/traits/base_trait_handler.py", line 75, in error
    object, name, self.full_info(object, name, value), value
traits.trait_errors.TraitError: The 'logfile' trait of a FILMGLSOutputSpec507 instance must be a pathlike object or string representing an existing file, but a value of '/home/pw/.local/share/Trash/files/_level1estimate0/results/logfile' <class 'str'> was specified.

During handling of the above exception, another exception occurred:

Traceback (most recent call last):
  File "/opt/miniconda-latest/envs/neuro/lib/python3.7/site-packages/nipype/pipeline/engine/nodes.py", line 741, in _run_command
    result = self._interface.run(cwd=outdir)
  File "/opt/miniconda-latest/envs/neuro/lib/python3.7/site-packages/nipype/interfaces/base/core.py", line 430, in run
    outputs = self.aggregate_outputs(runtime)
  File "/opt/miniconda-latest/envs/neuro/lib/python3.7/site-packages/nipype/interfaces/base/core.py", line 537, in aggregate_outputs
    raise FileNotFoundError(msg)
FileNotFoundError: No such file or directory '/home/pw/.local/share/Trash/files/_level1estimate0/results/logfile' for output 'logfile' of a FILMGLS interface

During handling of the above exception, another exception occurred:

Traceback (most recent call last):
  File "/opt/miniconda-latest/envs/neuro/lib/python3.7/site-packages/nipype/pipeline/engine/utils.py", line 94, in nodelist_runner
    result = node.run(updatehash=updatehash)
  File "/opt/miniconda-latest/envs/neuro/lib/python3.7/site-packages/nipype/pipeline/engine/nodes.py", line 516, in run
    result = self._run_interface(execute=True)
  File "/opt/miniconda-latest/envs/neuro/lib/python3.7/site-packages/nipype/pipeline/engine/nodes.py", line 635, in _run_interface
    return self._run_command(execute)
  File "/opt/miniconda-latest/envs/neuro/lib/python3.7/site-packages/nipype/pipeline/engine/nodes.py", line 750, in _run_command
    rebase=str2bool(self.config["execution"]["use_relative_paths"]),
  File "/opt/miniconda-latest/envs/neuro/lib/python3.7/site-packages/nipype/pipeline/engine/utils.py", line 235, in save_resultfile
    savepkl(resultsfile, result)
  File "/opt/miniconda-latest/envs/neuro/lib/python3.7/site-packages/nipype/utils/filemanip.py", line 719, in savepkl
    with pkl_open(tmpfile, "wb") as pkl_file:
  File "/opt/miniconda-latest/envs/neuro/lib/python3.7/gzip.py", line 58, in open
    binary_file = GzipFile(filename, gz_mode, compresslevel)
  File "/opt/miniconda-latest/envs/neuro/lib/python3.7/gzip.py", line 168, in __init__
    fileobj = self.myfileobj = builtins.open(filename, mode or 'rb')
FileNotFoundError: [Errno 2] No such file or directory: '/home/pw/projects/thesis/out/workflow/_subject_id_041/_roi_IFGs/level1estimate/mapflow/_level1estimate0/result__level1estimate0.pklz.tmp'

During handling of the above exception, another exception occurred:

Traceback (most recent call last):
  File "/opt/miniconda-latest/envs/neuro/lib/python3.7/site-packages/nipype/pipeline/engine/nodes.py", line 1385, in _run_interface
    self.config["execution"]["stop_on_first_crash"]
  File "/opt/miniconda-latest/envs/neuro/lib/python3.7/site-packages/nipype/pipeline/engine/nodes.py", line 1249, in _collate_results
    for i, nresult, err in nodes:
  File "/opt/miniconda-latest/envs/neuro/lib/python3.7/site-packages/nipype/pipeline/engine/utils.py", line 99, in nodelist_runner
    result = node.result
  File "/opt/miniconda-latest/envs/neuro/lib/python3.7/site-packages/nipype/pipeline/engine/nodes.py", line 217, in result
    op.join(self.output_dir(), "result_%s.pklz" % self.name)
  File "/opt/miniconda-latest/envs/neuro/lib/python3.7/site-packages/nipype/pipeline/engine/utils.py", line 291, in load_resultfile
    raise FileNotFoundError(results_file)
FileNotFoundError: /home/pw/projects/thesis/out/workflow/_subject_id_041/_roi_IFGs/level1estimate/mapflow/_level1estimate0/result__level1estimate0.pklz

During handling of the above exception, another exception occurred:

Traceback (most recent call last):
  File "/opt/miniconda-latest/envs/neuro/lib/python3.7/site-packages/nipype/pipeline/plugins/linear.py", line 45, in run
    node.run(updatehash=updatehash)
  File "/opt/miniconda-latest/envs/neuro/lib/python3.7/site-packages/nipype/pipeline/engine/nodes.py", line 516, in run
    result = self._run_interface(execute=True)
  File "/opt/miniconda-latest/envs/neuro/lib/python3.7/site-packages/nipype/pipeline/engine/nodes.py", line 1397, in _run_interface
    rebase=str2bool(self.config["execution"]["use_relative_paths"]),
  File "/opt/miniconda-latest/envs/neuro/lib/python3.7/site-packages/nipype/pipeline/engine/utils.py", line 235, in save_resultfile
    savepkl(resultsfile, result)
  File "/opt/miniconda-latest/envs/neuro/lib/python3.7/site-packages/nipype/utils/filemanip.py", line 719, in savepkl
    with pkl_open(tmpfile, "wb") as pkl_file:
  File "/opt/miniconda-latest/envs/neuro/lib/python3.7/gzip.py", line 58, in open
    binary_file = GzipFile(filename, gz_mode, compresslevel)
  File "/opt/miniconda-latest/envs/neuro/lib/python3.7/gzip.py", line 168, in __init__
    fileobj = self.myfileobj = builtins.open(filename, mode or 'rb')
FileNotFoundError: [Errno 2] No such file or directory: '/home/pw/projects/thesis/out/workflow/_subject_id_041/_roi_IFGs/level1estimate/result_level1estimate.pklz.tmp'


When creating this crashfile, the results file corresponding
to the node could not be found.
[0;31m[0m
[0;31mTraitError[0mTraceback (most recent call last)
[0;32m/opt/miniconda-latest/envs/neuro/lib/python3.7/site-packages/nipype/interfaces/base/core.py[0m in [0;36maggregate_outputs[0;34m(self, runtime, needed_outputs)[0m
[1;32m    529[0m             [0;32mtry[0m[0;34m:[0m[0;34m[0m[0;34m[0m[0m
[0;32m--> 530[0;31m                 [0msetattr[0m[0;34m([0m[0moutputs[0m[0;34m,[0m [0mkey[0m[0;34m,[0m [0mval[0m[0;34m)[0m[0;34m[0m[0;34m[0m[0m
[0m[1;32m    531[0m             [0;32mexcept[0m [0mTraitError[0m [0;32mas[0m [0merror[0m[0;34m:[0m[0;34m[0m[0;34m[0m[0m

[0;32m/opt/miniconda-latest/envs/neuro/lib/python3.7/site-packages/nipype/interfaces/base/traits_extension.py[0m in [0;36mvalidate[0;34m(self, objekt, name, value, return_pathlike)[0m
[1;32m    329[0m         [0;34m"""Validate a value change."""[0m[0;34m[0m[0;34m[0m[0m
[0;32m--> 330[0;31m         [0mvalue[0m [0;34m=[0m [0msuper[0m[0;34m([0m[0mFile[0m[0;34m,[0m [0mself[0m[0;34m)[0m[0;34m.[0m[0mvalidate[0m[0;34m([0m[0mobjekt[0m[0;34m,[0m [0mname[0m[0;34m,[0m [0mvalue[0m[0;34m,[0m [0mreturn_pathlike[0m[0;34m=[0m[0;32mTrue[0m[0;34m)[0m[0;34m[0m[0;34m[0m[0m
[0m[1;32m    331[0m         [0;32mif[0m [0mself[0m[0;34m.[0m[0m_exts[0m[0;34m:[0m[0;34m[0m[0;34m[0m[0m

[0;32m/opt/miniconda-latest/envs/neuro/lib/python3.7/site-packages/nipype/interfaces/base/traits_extension.py[0m in [0;36mvalidate[0;34m(self, objekt, name, value, return_pathlike)[0m
[1;32m    134[0m             [0;32mif[0m [0;32mnot[0m [0mvalue[0m[0;34m.[0m[0mexists[0m[0;34m([0m[0;34m)[0m[0;34m:[0m[0;34m[0m[0;34m[0m[0m
[0;32m--> 135[0;31m                 [0mself[0m[0;34m.[0m[0merror[0m[0;34m([0m[0mobjekt[0m[0;34m,[0m [0mname[0m[0;34m,[0m [0mstr[0m[0;34m([0m[0mvalue[0m[0;34m)[0m[0;34m)[0m[0;34m[0m[0;34m[0m[0m
[0m[1;32m    136[0m [0;34m[0m[0m

[0;32m/opt/miniconda-latest/envs/neuro/lib/python3.7/site-packages/traits/base_trait_handler.py[0m in [0;36merror[0;34m(self, object, name, value)[0m
[1;32m     74[0m         raise TraitError(
[0;32m---> 75[0;31m             [0mobject[0m[0;34m,[0m [0mname[0m[0;34m,[0m [0mself[0m[0;34m.[0m[0mfull_info[0m[0;34m([0m[0mobject[0m[0;34m,[0m [0mname[0m[0;34m,[0m [0mvalue[0m[0;34m)[0m[0;34m,[0m [0mvalue[0m[0;34m[0m[0;34m[0m[0m
[0m[1;32m     76[0m         )

[0;31mTraitError[0m: The 'logfile' trait of a FILMGLSOutputSpec507 instance must be a pathlike object or string representing an existing file, but a value of '/home/pw/.local/share/Trash/files/_level1estimate0/results/logfile' <class 'str'> was specified.

During handling of the above exception, another exception occurred:

[0;31mFileNotFoundError[0mTraceback (most recent call last)
[0;32m/opt/miniconda-latest/envs/neuro/lib/python3.7/site-packages/nipype/pipeline/engine/nodes.py[0m in [0;36m_run_command[0;34m(self, execute, copyfiles)[0m
[1;32m    740[0m         [0;32mtry[0m[0;34m:[0m[0;34m[0m[0;34m[0m[0m
[0;32m--> 741[0;31m             [0mresult[0m [0;34m=[0m [0mself[0m[0;34m.[0m[0m_interface[0m[0;34m.[0m[0mrun[0m[0;34m([0m[0mcwd[0m[0;34m=[0m[0moutdir[0m[0;34m)[0m[0;34m[0m[0;34m[0m[0m
[0m[1;32m    742[0m         [0;32mexcept[0m [0mException[0m [0;32mas[0m [0mmsg[0m[0;34m:[0m[0;34m[0m[0;34m[0m[0m

[0;32m/opt/miniconda-latest/envs/neuro/lib/python3.7/site-packages/nipype/interfaces/base/core.py[0m in [0;36mrun[0;34m(self, cwd, ignore_exception, **inputs)[0m
[1;32m    429[0m             [0mruntime[0m [0;34m=[0m [0mself[0m[0;34m.[0m[0m_post_run_hook[0m[0;34m([0m[0mruntime[0m[0;34m)[0m[0;34m[0m[0;34m[0m[0m
[0;32m--> 430[0;31m             [0moutputs[0m [0;34m=[0m [0mself[0m[0;34m.[0m[0maggregate_outputs[0m[0;34m([0m[0mruntime[0m[0;34m)[0m[0;34m[0m[0;34m[0m[0m
[0m[1;32m    431[0m         [0;32mexcept[0m [0mException[0m [0;32mas[0m [0me[0m[0;34m:[0m[0;34m[0m[0;34m[0m[0m

[0;32m/opt/miniconda-latest/envs/neuro/lib/python3.7/site-packages/nipype/interfaces/base/core.py[0m in [0;36maggregate_outputs[0;34m(self, runtime, needed_outputs)[0m
[1;32m    536[0m                     )
[0;32m--> 537[0;31m                     [0;32mraise[0m [0mFileNotFoundError[0m[0;34m([0m[0mmsg[0m[0;34m)[0m[0;34m[0m[0;34m[0m[0m
[0m[1;32m    538[0m                 [0;32mraise[0m [0merror[0m[0;34m[0m[0;34m[0m[0m

[0;31mFileNotFoundError[0m: No such file or directory '/home/pw/.local/share/Trash/files/_level1estimate0/results/logfile' for output 'logfile' of a FILMGLS interface

During handling of the above exception, another exception occurred:

[0;31mFileNotFoundError[0mTraceback (most recent call last)
[0;32m/opt/miniconda-latest/envs/neuro/lib/python3.7/site-packages/nipype/pipeline/engine/utils.py[0m in [0;36mnodelist_runner[0;34m(nodes, updatehash, stop_first)[0m
[1;32m     93[0m         [0;32mtry[0m[0;34m:[0m[0;34m[0m[0;34m[0m[0m
[0;32m---> 94[0;31m             [0mresult[0m [0;34m=[0m [0mnode[0m[0;34m.[0m[0mrun[0m[0;34m([0m[0mupdatehash[0m[0;34m=[0m[0mupdatehash[0m[0;34m)[0m[0;34m[0m[0;34m[0m[0m
[0m[1;32m     95[0m         [0;32mexcept[0m [0mException[0m[0;34m:[0m[0;34m[0m[0;34m[0m[0m

[0;32m/opt/miniconda-latest/envs/neuro/lib/python3.7/site-packages/nipype/pipeline/engine/nodes.py[0m in [0;36mrun[0;34m(self, updatehash)[0m
[1;32m    515[0m         [0;32mtry[0m[0;34m:[0m[0;34m[0m[0;34m[0m[0m
[0;32m--> 516[0;31m             [0mresult[0m [0;34m=[0m [0mself[0m[0;34m.[0m[0m_run_interface[0m[0;34m([0m[0mexecute[0m[0;34m=[0m[0;32mTrue[0m[0;34m)[0m[0;34m[0m[0;34m[0m[0m
[0m[1;32m    517[0m         [0;32mexcept[0m [0mException[0m[0;34m:[0m[0;34m[0m[0;34m[0m[0m

[0;32m/opt/miniconda-latest/envs/neuro/lib/python3.7/site-packages/nipype/pipeline/engine/nodes.py[0m in [0;36m_run_interface[0;34m(self, execute, updatehash)[0m
[1;32m    634[0m             [0;32mreturn[0m [0mself[0m[0;34m.[0m[0m_load_results[0m[0;34m([0m[0;34m)[0m[0;34m[0m[0;34m[0m[0m
[0;32m--> 635[0;31m         [0;32mreturn[0m [0mself[0m[0;34m.[0m[0m_run_command[0m[0;34m([0m[0mexecute[0m[0;34m)[0m[0;34m[0m[0;34m[0m[0m
[0m[1;32m    636[0m [0;34m[0m[0m

[0;32m/opt/miniconda-latest/envs/neuro/lib/python3.7/site-packages/nipype/pipeline/engine/nodes.py[0m in [0;36m_run_command[0;34m(self, execute, copyfiles)[0m
[1;32m    749[0m                 [0mself[0m[0;34m.[0m[0mname[0m[0;34m,[0m[0;34m[0m[0;34m[0m[0m
[0;32m--> 750[0;31m                 [0mrebase[0m[0;34m=[0m[0mstr2bool[0m[0;34m([0m[0mself[0m[0;34m.[0m[0mconfig[0m[0;34m[[0m[0;34m"execution"[0m[0;34m][0m[0;34m[[0m[0;34m"use_relative_paths"[0m[0;34m][0m[0;34m)[0m[0;34m,[0m[0;34m[0m[0;34m[0m[0m
[0m[1;32m    751[0m             )

[0;32m/opt/miniconda-latest/envs/neuro/lib/python3.7/site-packages/nipype/pipeline/engine/utils.py[0m in [0;36msave_resultfile[0;34m(result, cwd, name, rebase)[0m
[1;32m    234[0m         [0mlogger[0m[0;34m.[0m[0mwarning[0m[0;34m([0m[0;34m"Storing result file without outputs"[0m[0;34m)[0m[0;34m[0m[0;34m[0m[0m
[0;32m--> 235[0;31m         [0msavepkl[0m[0;34m([0m[0mresultsfile[0m[0;34m,[0m [0mresult[0m[0;34m)[0m[0;34m[0m[0;34m[0m[0m
[0m[1;32m    236[0m         [0;32mreturn[0m[0;34m[0m[0;34m[0m[0m

[0;32m/opt/miniconda-latest/envs/neuro/lib/python3.7/site-packages/nipype/utils/filemanip.py[0m in [0;36msavepkl[0;34m(filename, record, versioning)[0m
[1;32m    718[0m     [0mtmpfile[0m [0;34m=[0m [0mfilename[0m [0;34m+[0m [0;34m".tmp"[0m[0;34m[0m[0;34m[0m[0m
[0;32m--> 719[0;31m     [0;32mwith[0m [0mpkl_open[0m[0;34m([0m[0mtmpfile[0m[0;34m,[0m [0;34m"wb"[0m[0;34m)[0m [0;32mas[0m [0mpkl_file[0m[0;34m:[0m[0;34m[0m[0;34m[0m[0m
[0m[1;32m    720[0m         [0mpkl_file[0m[0;34m.[0m[0mwrite[0m[0;34m([0m[0mcontent[0m[0;34m)[0m[0;34m[0m[0;34m[0m[0m

[0;32m/opt/miniconda-latest/envs/neuro/lib/python3.7/gzip.py[0m in [0;36mopen[0;34m(filename, mode, compresslevel, encoding, errors, newline)[0m
[1;32m     57[0m     [0;32mif[0m [0misinstance[0m[0;34m([0m[0mfilename[0m[0;34m,[0m [0;34m([0m[0mstr[0m[0;34m,[0m [0mbytes[0m[0;34m,[0m [0mos[0m[0;34m.[0m[0mPathLike[0m[0;34m)[0m[0;34m)[0m[0;34m:[0m[0;34m[0m[0;34m[0m[0m
[0;32m---> 58[0;31m         [0mbinary_file[0m [0;34m=[0m [0mGzipFile[0m[0;34m([0m[0mfilename[0m[0;34m,[0m [0mgz_mode[0m[0;34m,[0m [0mcompresslevel[0m[0;34m)[0m[0;34m[0m[0;34m[0m[0m
[0m[1;32m     59[0m     [0;32melif[0m [0mhasattr[0m[0;34m([0m[0mfilename[0m[0;34m,[0m [0;34m"read"[0m[0;34m)[0m [0;32mor[0m [0mhasattr[0m[0;34m([0m[0mfilename[0m[0;34m,[0m [0;34m"write"[0m[0;34m)[0m[0;34m:[0m[0;34m[0m[0;34m[0m[0m

[0;32m/opt/miniconda-latest/envs/neuro/lib/python3.7/gzip.py[0m in [0;36m__init__[0;34m(self, filename, mode, compresslevel, fileobj, mtime)[0m
[1;32m    167[0m         [0;32mif[0m [0mfileobj[0m [0;32mis[0m [0;32mNone[0m[0;34m:[0m[0;34m[0m[0;34m[0m[0m
[0;32m--> 168[0;31m             [0mfileobj[0m [0;34m=[0m [0mself[0m[0;34m.[0m[0mmyfileobj[0m [0;34m=[0m [0mbuiltins[0m[0;34m.[0m[0mopen[0m[0;34m([0m[0mfilename[0m[0;34m,[0m [0mmode[0m [0;32mor[0m [0;34m'rb'[0m[0;34m)[0m[0;34m[0m[0;34m[0m[0m
[0m[1;32m    169[0m         [0;32mif[0m [0mfilename[0m [0;32mis[0m [0;32mNone[0m[0;34m:[0m[0;34m[0m[0;34m[0m[0m

[0;31mFileNotFoundError[0m: [Errno 2] No such file or directory: '/home/pw/projects/thesis/out/workflow/_subject_id_041/_roi_IFGs/level1estimate/mapflow/_level1estimate0/result__level1estimate0.pklz.tmp'

During handling of the above exception, another exception occurred:

[0;31mFileNotFoundError[0mTraceback (most recent call last)
[0;32m/opt/miniconda-latest/envs/neuro/lib/python3.7/site-packages/nipype/pipeline/engine/nodes.py[0m in [0;36m_run_interface[0;34m(self, execute, updatehash)[0m
[1;32m   1384[0m                     stop_first=str2bool(
[0;32m-> 1385[0;31m                         [0mself[0m[0;34m.[0m[0mconfig[0m[0;34m[[0m[0;34m"execution"[0m[0;34m][0m[0;34m[[0m[0;34m"stop_on_first_crash"[0m[0;34m][0m[0;34m[0m[0;34m[0m[0m
[0m[1;32m   1386[0m                     ),

[0;32m/opt/miniconda-latest/envs/neuro/lib/python3.7/site-packages/nipype/pipeline/engine/nodes.py[0m in [0;36m_collate_results[0;34m(self, nodes)[0m
[1;32m   1248[0m         [0mreturncode[0m [0;34m=[0m [0;34m[[0m[0;34m][0m[0;34m[0m[0;34m[0m[0m
[0;32m-> 1249[0;31m         [0;32mfor[0m [0mi[0m[0;34m,[0m [0mnresult[0m[0;34m,[0m [0merr[0m [0;32min[0m [0mnodes[0m[0;34m:[0m[0;34m[0m[0;34m[0m[0m
[0m[1;32m   1250[0m             [0mfinalresult[0m[0;34m.[0m[0mruntime[0m[0;34m.[0m[0minsert[0m[0;34m([0m[0mi[0m[0;34m,[0m [0;32mNone[0m[0;34m)[0m[0;34m[0m[0;34m[0m[0m

[0;32m/opt/miniconda-latest/envs/neuro/lib/python3.7/site-packages/nipype/pipeline/engine/utils.py[0m in [0;36mnodelist_runner[0;34m(nodes, updatehash, stop_first)[0m
[1;32m     98[0m [0;34m[0m[0m
[0;32m---> 99[0;31m             [0mresult[0m [0;34m=[0m [0mnode[0m[0;34m.[0m[0mresult[0m[0;34m[0m[0;34m[0m[0m
[0m[1;32m    100[0m             [0merr[0m [0;34m=[0m [0;34m[[0m[0;34m][0m[0;34m[0m[0;34m[0m[0m

[0;32m/opt/miniconda-latest/envs/neuro/lib/python3.7/site-packages/nipype/pipeline/engine/nodes.py[0m in [0;36mresult[0;34m(self)[0m
[1;32m    216[0m         return _load_resultfile(
[0;32m--> 217[0;31m             [0mop[0m[0;34m.[0m[0mjoin[0m[0;34m([0m[0mself[0m[0;34m.[0m[0moutput_dir[0m[0;34m([0m[0;34m)[0m[0;34m,[0m [0;34m"result_%s.pklz"[0m [0;34m%[0m [0mself[0m[0;34m.[0m[0mname[0m[0;34m)[0m[0;34m[0m[0;34m[0m[0m
[0m[1;32m    218[0m         )

[0;32m/opt/miniconda-latest/envs/neuro/lib/python3.7/site-packages/nipype/pipeline/engine/utils.py[0m in [0;36mload_resultfile[0;34m(results_file, resolve)[0m
[1;32m    290[0m     [0;32mif[0m [0;32mnot[0m [0mresults_file[0m[0;34m.[0m[0mexists[0m[0;34m([0m[0;34m)[0m[0;34m:[0m[0;34m[0m[0;34m[0m[0m
[0;32m--> 291[0;31m         [0;32mraise[0m [0mFileNotFoundError[0m[0;34m([0m[0mresults_file[0m[0;34m)[0m[0;34m[0m[0;34m[0m[0m
[0m[1;32m    292[0m [0;34m[0m[0m

[0;31mFileNotFoundError[0m: /home/pw/projects/thesis/out/workflow/_subject_id_041/_roi_IFGs/level1estimate/mapflow/_level1estimate0/result__level1estimate0.pklz

During handling of the above exception, another exception occurred:

[0;31mFileNotFoundError[0mTraceback (most recent call last)
[0;32m/opt/miniconda-latest/envs/neuro/lib/python3.7/site-packages/nipype/pipeline/plugins/linear.py[0m in [0;36mrun[0;34m(self, graph, config, updatehash)[0m
[1;32m     44[0m                     [0mself[0m[0;34m.[0m[0m_status_callback[0m[0;34m([0m[0mnode[0m[0;34m,[0m [0;34m"start"[0m[0;34m)[0m[0;34m[0m[0;34m[0m[0m
[0;32m---> 45[0;31m                 [0mnode[0m[0;34m.[0m[0mrun[0m[0;34m([0m[0mupdatehash[0m[0;34m=[0m[0mupdatehash[0m[0;34m)[0m[0;34m[0m[0;34m[0m[0m
[0m[1;32m     46[0m             [0;32mexcept[0m[0;34m:[0m[0;34m[0m[0;34m[0m[0m

[0;32m/opt/miniconda-latest/envs/neuro/lib/python3.7/site-packages/nipype/pipeline/engine/nodes.py[0m in [0;36mrun[0;34m(self, updatehash)[0m
[1;32m    515[0m         [0;32mtry[0m[0;34m:[0m[0;34m[0m[0;34m[0m[0m
[0;32m--> 516[0;31m             [0mresult[0m [0;34m=[0m [0mself[0m[0;34m.[0m[0m_run_interface[0m[0;34m([0m[0mexecute[0m[0;34m=[0m[0;32mTrue[0m[0;34m)[0m[0;34m[0m[0;34m[0m[0m
[0m[1;32m    517[0m         [0;32mexcept[0m [0mException[0m[0;34m:[0m[0;34m[0m[0;34m[0m[0m

[0;32m/opt/miniconda-latest/envs/neuro/lib/python3.7/site-packages/nipype/pipeline/engine/nodes.py[0m in [0;36m_run_interface[0;34m(self, execute, updatehash)[0m
[1;32m   1396[0m                 [0mself[0m[0;34m.[0m[0mname[0m[0;34m,[0m[0;34m[0m[0;34m[0m[0m
[0;32m-> 1397[0;31m                 [0mrebase[0m[0;34m=[0m[0mstr2bool[0m[0;34m([0m[0mself[0m[0;34m.[0m[0mconfig[0m[0;34m[[0m[0;34m"execution"[0m[0;34m][0m[0;34m[[0m[0;34m"use_relative_paths"[0m[0;34m][0m[0;34m)[0m[0;34m,[0m[0;34m[0m[0;34m[0m[0m
[0m[1;32m   1398[0m             )

[0;32m/opt/miniconda-latest/envs/neuro/lib/python3.7/site-packages/nipype/pipeline/engine/utils.py[0m in [0;36msave_resultfile[0;34m(result, cwd, name, rebase)[0m
[1;32m    234[0m         [0mlogger[0m[0;34m.[0m[0mwarning[0m[0;34m([0m[0;34m"Storing result file without outputs"[0m[0;34m)[0m[0;34m[0m[0;34m[0m[0m
[0;32m--> 235[0;31m         [0msavepkl[0m[0;34m([0m[0mresultsfile[0m[0;34m,[0m [0mresult[0m[0;34m)[0m[0;34m[0m[0;34m[0m[0m
[0m[1;32m    236[0m         [0;32mreturn[0m[0;34m[0m[0;34m[0m[0m

[0;32m/opt/miniconda-latest/envs/neuro/lib/python3.7/site-packages/nipype/utils/filemanip.py[0m in [0;36msavepkl[0;34m(filename, record, versioning)[0m
[1;32m    718[0m     [0mtmpfile[0m [0;34m=[0m [0mfilename[0m [0;34m+[0m [0;34m".tmp"[0m[0;34m[0m[0;34m[0m[0m
[0;32m--> 719[0;31m     [0;32mwith[0m [0mpkl_open[0m[0;34m([0m[0mtmpfile[0m[0;34m,[0m [0;34m"wb"[0m[0;34m)[0m [0;32mas[0m [0mpkl_file[0m[0;34m:[0m[0;34m[0m[0;34m[0m[0m
[0m[1;32m    720[0m         [0mpkl_file[0m[0;34m.[0m[0mwrite[0m[0;34m([0m[0mcontent[0m[0;34m)[0m[0;34m[0m[0;34m[0m[0m

[0;32m/opt/miniconda-latest/envs/neuro/lib/python3.7/gzip.py[0m in [0;36mopen[0;34m(filename, mode, compresslevel, encoding, errors, newline)[0m
[1;32m     57[0m     [0;32mif[0m [0misinstance[0m[0;34m([0m[0mfilename[0m[0;34m,[0m [0;34m([0m[0mstr[0m[0;34m,[0m [0mbytes[0m[0;34m,[0m [0mos[0m[0;34m.[0m[0mPathLike[0m[0;34m)[0m[0;34m)[0m[0;34m:[0m[0;34m[0m[0;34m[0m[0m
[0;32m---> 58[0;31m         [0mbinary_file[0m [0;34m=[0m [0mGzipFile[0m[0;34m([0m[0mfilename[0m[0;34m,[0m [0mgz_mode[0m[0;34m,[0m [0mcompresslevel[0m[0;34m)[0m[0;34m[0m[0;34m[0m[0m
[0m[1;32m     59[0m     [0;32melif[0m [0mhasattr[0m[0;34m([0m[0mfilename[0m[0;34m,[0m [0;34m"read"[0m[0;34m)[0m [0;32mor[0m [0mhasattr[0m[0;34m([0m[0mfilename[0m[0;34m,[0m [0;34m"write"[0m[0;34m)[0m[0;34m:[0m[0;34m[0m[0;34m[0m[0m

[0;32m/opt/miniconda-latest/envs/neuro/lib/python3.7/gzip.py[0m in [0;36m__init__[0;34m(self, filename, mode, compresslevel, fileobj, mtime)[0m
[1;32m    167[0m         [0;32mif[0m [0mfileobj[0m [0;32mis[0m [0;32mNone[0m[0;34m:[0m[0;34m[0m[0;34m[0m[0m
[0;32m--> 168[0;31m             [0mfileobj[0m [0;34m=[0m [0mself[0m[0;34m.[0m[0mmyfileobj[0m [0;34m=[0m [0mbuiltins[0m[0;34m.[0m[0mopen[0m[0;34m([0m[0mfilename[0m[0;34m,[0m [0mmode[0m [0;32mor[0m [0;34m'rb'[0m[0;34m)[0m[0;34m[0m[0;34m[0m[0m
[0m[1;32m    169[0m         [0;32mif[0m [0mfilename[0m [0;32mis[0m [0;32mNone[0m[0;34m:[0m[0;34m[0m[0;34m[0m[0m

[0;31mFileNotFoundError[0m: [Errno 2] No such file or directory: '/home/pw/projects/thesis/out/workflow/_subject_id_041/_roi_IFGs/level1estimate/result_level1estimate.pklz.tmp'

During handling of the above exception, another exception occurred:

[0;31mPermissionError[0mTraceback (most recent call last)
[0;32m~/projects/thesis/code/nipype_glm/firstlevel29-35.py[0m in [0;36m<module>[0;34m[0m
[1;32m    514[0m [0;34m[0m[0m
[1;32m    515[0m [0;34m[0m[0m
[0;32m--> 516[0;31m [0mwf[0m[0;34m.[0m[0mrun[0m[0;34m([0m[0;34m)[0m [0;31m#plugin="MultiProc", plugin_args={"n_procs": 8}[0m[0;34m[0m[0;34m[0m[0m
[0m[1;32m    517[0m [0;34m[0m[0m
[1;32m    518[0m [0;34m[0m[0m

[0;32m/opt/miniconda-latest/envs/neuro/lib/python3.7/site-packages/nipype/pipeline/engine/workflows.py[0m in [0;36mrun[0;34m(self, plugin, plugin_args, updatehash)[0m
[1;32m    636[0m         [0;32mif[0m [0mstr2bool[0m[0;34m([0m[0mself[0m[0;34m.[0m[0mconfig[0m[0;34m[[0m[0;34m"execution"[0m[0;34m][0m[0;34m[[0m[0;34m"create_report"[0m[0;34m][0m[0;34m)[0m[0;34m:[0m[0;34m[0m[0;34m[0m[0m
[1;32m    637[0m             [0mself[0m[0;34m.[0m[0m_write_report_info[0m[0;34m([0m[0mself[0m[0;34m.[0m[0mbase_dir[0m[0;34m,[0m [0mself[0m[0;34m.[0m[0mname[0m[0;34m,[0m [0mexecgraph[0m[0;34m)[0m[0;34m[0m[0;34m[0m[0m
[0;32m--> 638[0;31m         [0mrunner[0m[0;34m.[0m[0mrun[0m[0;34m([0m[0mexecgraph[0m[0;34m,[0m [0mupdatehash[0m[0;34m=[0m[0mupdatehash[0m[0;34m,[0m [0mconfig[0m[0;34m=[0m[0mself[0m[0;34m.[0m[0mconfig[0m[0;34m)[0m[0;34m[0m[0;34m[0m[0m
[0m[1;32m    639[0m         [0mdatestr[0m [0;34m=[0m [0mdatetime[0m[0;34m.[0m[0mutcnow[0m[0;34m([0m[0;34m)[0m[0;34m.[0m[0mstrftime[0m[0;34m([0m[0;34m"%Y%m%dT%H%M%S"[0m[0;34m)[0m[0;34m[0m[0;34m[0m[0m
[1;32m    640[0m         [0;32mif[0m [0mstr2bool[0m[0;34m([0m[0mself[0m[0;34m.[0m[0mconfig[0m[0;34m[[0m[0;34m"execution"[0m[0;34m][0m[0;34m[[0m[0;34m"write_provenance"[0m[0;34m][0m[0;34m)[0m[0;34m:[0m[0;34m[0m[0;34m[0m[0m

[0;32m/opt/miniconda-latest/envs/neuro/lib/python3.7/site-packages/nipype/pipeline/plugins/linear.py[0m in [0;36mrun[0;34m(self, graph, config, updatehash)[0m
[1;32m     48[0m                 [0;31m# bare except, but i really don't know where a[0m[0;34m[0m[0;34m[0m[0;34m[0m[0m
[1;32m     49[0m                 [0;31m# node might fail[0m[0;34m[0m[0;34m[0m[0;34m[0m[0m
[0;32m---> 50[0;31m                 [0mcrashfile[0m [0;34m=[0m [0mreport_crash[0m[0;34m([0m[0mnode[0m[0;34m)[0m[0;34m[0m[0;34m[0m[0m
[0m[1;32m     51[0m                 [0;32mif[0m [0mstr2bool[0m[0;34m([0m[0mconfig[0m[0;34m[[0m[0;34m"execution"[0m[0;34m][0m[0;34m[[0m[0;34m"stop_on_first_crash"[0m[0;34m][0m[0;34m)[0m[0;34m:[0m[0;34m[0m[0;34m[0m[0m
[1;32m     52[0m                     [0;32mraise[0m[0;34m[0m[0;34m[0m[0m

[0;32m/opt/miniconda-latest/envs/neuro/lib/python3.7/site-packages/nipype/pipeline/plugins/tools.py[0m in [0;36mreport_crash[0;34m(node, traceback, hostname)[0m
[1;32m     70[0m     [0mlogger[0m[0;34m.[0m[0merror[0m[0;34m([0m[0;34m"Saving crash info to %s\n%s"[0m[0;34m,[0m [0mcrashfile[0m[0;34m,[0m [0;34m""[0m[0;34m.[0m[0mjoin[0m[0;34m([0m[0mtraceback[0m[0;34m)[0m[0;34m)[0m[0;34m[0m[0;34m[0m[0m
[1;32m     71[0m     [0;32mif[0m [0mcrashfile[0m[0;34m.[0m[0mendswith[0m[0;34m([0m[0;34m".txt"[0m[0;34m)[0m[0;34m:[0m[0;34m[0m[0;34m[0m[0m
[0;32m---> 72[0;31m         [0mcrash2txt[0m[0;34m([0m[0mcrashfile[0m[0;34m,[0m [0mdict[0m[0;34m([0m[0mnode[0m[0;34m=[0m[0mnode[0m[0;34m,[0m [0mtraceback[0m[0;34m=[0m[0mtraceback[0m[0;34m)[0m[0;34m)[0m[0;34m[0m[0;34m[0m[0m
[0m[1;32m     73[0m     [0;32melse[0m[0;34m:[0m[0;34m[0m[0;34m[0m[0m
[1;32m     74[0m         [0msavepkl[0m[0;34m([0m[0mcrashfile[0m[0;34m,[0m [0mdict[0m[0;34m([0m[0mnode[0m[0;34m=[0m[0mnode[0m[0;34m,[0m [0mtraceback[0m[0;34m=[0m[0mtraceback[0m[0;34m)[0m[0;34m,[0m [0mversioning[0m[0;34m=[0m[0;32mTrue[0m[0;34m)[0m[0;34m[0m[0;34m[0m[0m

[0;32m/opt/miniconda-latest/envs/neuro/lib/python3.7/site-packages/nipype/utils/filemanip.py[0m in [0;36mcrash2txt[0;34m(filename, record)[0m
[1;32m    674[0m [0;32mdef[0m [0mcrash2txt[0m[0;34m([0m[0mfilename[0m[0;34m,[0m [0mrecord[0m[0;34m)[0m[0;34m:[0m[0;34m[0m[0;34m[0m[0m
[1;32m    675[0m     [0;34m"""Write out plain text crash file"""[0m[0;34m[0m[0;34m[0m[0m
[0;32m--> 676[0;31m     [0;32mwith[0m [0mopen[0m[0;34m([0m[0mfilename[0m[0;34m,[0m [0;34m"w"[0m[0;34m)[0m [0;32mas[0m [0mfp[0m[0;34m:[0m[0;34m[0m[0;34m[0m[0m
[0m[1;32m    677[0m         [0;32mif[0m [0;34m"node"[0m [0;32min[0m [0mrecord[0m[0;34m:[0m[0;34m[0m[0;34m[0m[0m
[1;32m    678[0m             [0mnode[0m [0;34m=[0m [0mrecord[0m[0;34m[[0m[0;34m"node"[0m[0;34m][0m[0;34m[0m[0;34m[0m[0m

[0;31mPermissionError[0m: [Errno 13] Permission denied: '/crash-20220825-025943-pw-level1estimate.a2.b5-6b47d03c-d1a3-43a5-a10a-5ca871320732.txt'
